{"/home/btanady/cpen321/forked/Tomato/backend/controllers/ChatController.ts": {"path":"/home/btanady/cpen321/forked/Tomato/backend/controllers/ChatController.ts","statementMap":{"0":{"start":{"line":1,"column":0},"end":{"line":1,"column":47}},"1":{"start":{"line":3,"column":0},"end":{"line":3,"column":53}},"2":{"start":{"line":5,"column":0},"end":{"line":5,"column":50}},"3":{"start":{"line":15,"column":4},"end":{"line":18,"column":null}},"4":{"start":{"line":15,"column":55},"end":{"line":18,"column":null}},"5":{"start":{"line":16,"column":39},"end":{"line":16,"column":89}},"6":{"start":{"line":17,"column":8},"end":{"line":17,"column":92}},"7":{"start":{"line":20,"column":4},"end":{"line":28,"column":null}},"8":{"start":{"line":20,"column":68},"end":{"line":28,"column":null}},"9":{"start":{"line":21,"column":8},"end":{"line":24,"column":9}},"10":{"start":{"line":22,"column":12},"end":{"line":22,"column":62}},"11":{"start":{"line":23,"column":12},"end":{"line":23,"column":19}},"12":{"start":{"line":26,"column":23},"end":{"line":26,"column":34}},"13":{"start":{"line":27,"column":8},"end":{"line":27,"column":58}},"14":{"start":{"line":30,"column":4},"end":{"line":51,"column":null}},"15":{"start":{"line":30,"column":75},"end":{"line":51,"column":null}},"16":{"start":{"line":31,"column":8},"end":{"line":34,"column":9}},"17":{"start":{"line":32,"column":12},"end":{"line":32,"column":62}},"18":{"start":{"line":33,"column":12},"end":{"line":33,"column":19}},"19":{"start":{"line":35,"column":23},"end":{"line":35,"column":36}},"20":{"start":{"line":36,"column":19},"end":{"line":36,"column":31}},"21":{"start":{"line":37,"column":8},"end":{"line":40,"column":9}},"22":{"start":{"line":38,"column":12},"end":{"line":38,"column":62}},"23":{"start":{"line":39,"column":12},"end":{"line":39,"column":19}},"24":{"start":{"line":41,"column":21},"end":{"line":41,"column":53}},"25":{"start":{"line":42,"column":8},"end":{"line":45,"column":9}},"26":{"start":{"line":43,"column":12},"end":{"line":43,"column":64}},"27":{"start":{"line":44,"column":12},"end":{"line":44,"column":19}},"28":{"start":{"line":46,"column":8},"end":{"line":49,"column":9}},"29":{"start":{"line":47,"column":12},"end":{"line":47,"column":60}},"30":{"start":{"line":48,"column":12},"end":{"line":48,"column":19}},"31":{"start":{"line":50,"column":8},"end":{"line":50,"column":65}},"32":{"start":{"line":53,"column":4},"end":{"line":70,"column":null}},"33":{"start":{"line":53,"column":55},"end":{"line":70,"column":null}},"34":{"start":{"line":54,"column":8},"end":{"line":57,"column":9}},"35":{"start":{"line":55,"column":12},"end":{"line":55,"column":62}},"36":{"start":{"line":56,"column":12},"end":{"line":56,"column":19}},"37":{"start":{"line":58,"column":22},"end":{"line":58,"column":30}},"38":{"start":{"line":59,"column":19},"end":{"line":59,"column":31}},"39":{"start":{"line":60,"column":8},"end":{"line":63,"column":9}},"40":{"start":{"line":61,"column":12},"end":{"line":61,"column":62}},"41":{"start":{"line":62,"column":12},"end":{"line":62,"column":19}},"42":{"start":{"line":64,"column":8},"end":{"line":67,"column":9}},"43":{"start":{"line":65,"column":12},"end":{"line":65,"column":null}},"44":{"start":{"line":66,"column":12},"end":{"line":66,"column":19}},"45":{"start":{"line":68,"column":26},"end":{"line":68,"column":39}},"46":{"start":{"line":69,"column":8},"end":{"line":69,"column":null}},"47":{"start":{"line":72,"column":4},"end":{"line":75,"column":null}},"48":{"start":{"line":72,"column":58},"end":{"line":75,"column":null}},"49":{"start":{"line":73,"column":26},"end":{"line":73,"column":47}},"50":{"start":{"line":74,"column":8},"end":{"line":74,"column":66}},"51":{"start":{"line":77,"column":4},"end":{"line":80,"column":null}},"52":{"start":{"line":77,"column":55},"end":{"line":80,"column":null}},"53":{"start":{"line":78,"column":23},"end":{"line":78,"column":36}},"54":{"start":{"line":79,"column":8},"end":{"line":79,"column":60}},"55":{"start":{"line":12,"column":8},"end":{"line":12,"column":45}},"56":{"start":{"line":8,"column":0},"end":{"line":8,"column":13}}},"fnMap":{"0":{"name":"(anonymous_7)","decl":{"start":{"line":11,"column":4},"end":{"line":11,"column":null}},"loc":{"start":{"line":11,"column":4},"end":{"line":13,"column":5}}},"1":{"name":"(anonymous_8)","decl":{"start":{"line":15,"column":17},"end":{"line":15,"column":24}},"loc":{"start":{"line":15,"column":55},"end":{"line":18,"column":null}}},"2":{"name":"(anonymous_9)","decl":{"start":{"line":15,"column":55},"end":{"line":15,"column":null}},"loc":{"start":{"line":15,"column":55},"end":{"line":18,"column":5}}},"3":{"name":"(anonymous_10)","decl":{"start":{"line":20,"column":15},"end":{"line":20,"column":22}},"loc":{"start":{"line":20,"column":68},"end":{"line":28,"column":null}}},"4":{"name":"(anonymous_11)","decl":{"start":{"line":20,"column":68},"end":{"line":20,"column":null}},"loc":{"start":{"line":20,"column":68},"end":{"line":28,"column":5}}},"5":{"name":"(anonymous_12)","decl":{"start":{"line":30,"column":22},"end":{"line":30,"column":29}},"loc":{"start":{"line":30,"column":75},"end":{"line":51,"column":null}}},"6":{"name":"(anonymous_13)","decl":{"start":{"line":30,"column":75},"end":{"line":30,"column":null}},"loc":{"start":{"line":30,"column":75},"end":{"line":51,"column":5}}},"7":{"name":"(anonymous_14)","decl":{"start":{"line":53,"column":17},"end":{"line":53,"column":24}},"loc":{"start":{"line":53,"column":55},"end":{"line":70,"column":null}}},"8":{"name":"(anonymous_15)","decl":{"start":{"line":53,"column":55},"end":{"line":53,"column":null}},"loc":{"start":{"line":53,"column":55},"end":{"line":70,"column":5}}},"9":{"name":"(anonymous_16)","decl":{"start":{"line":72,"column":20},"end":{"line":72,"column":27}},"loc":{"start":{"line":72,"column":58},"end":{"line":75,"column":null}}},"10":{"name":"(anonymous_17)","decl":{"start":{"line":72,"column":58},"end":{"line":72,"column":null}},"loc":{"start":{"line":72,"column":58},"end":{"line":75,"column":5}}},"11":{"name":"(anonymous_18)","decl":{"start":{"line":77,"column":17},"end":{"line":77,"column":24}},"loc":{"start":{"line":77,"column":55},"end":{"line":80,"column":null}}},"12":{"name":"(anonymous_19)","decl":{"start":{"line":77,"column":55},"end":{"line":77,"column":null}},"loc":{"start":{"line":77,"column":55},"end":{"line":80,"column":5}}}},"branchMap":{"0":{"loc":{"start":{"line":21,"column":8},"end":{"line":24,"column":9}},"type":"if","locations":[{"start":{"line":21,"column":8},"end":{"line":24,"column":9}}]},"1":{"loc":{"start":{"line":31,"column":8},"end":{"line":34,"column":9}},"type":"if","locations":[{"start":{"line":31,"column":8},"end":{"line":34,"column":9}}]},"2":{"loc":{"start":{"line":36,"column":19},"end":{"line":36,"column":31}},"type":"cond-expr","locations":[{"start":{"line":36,"column":27},"end":{"line":36,"column":29}},{"start":{"line":36,"column":27},"end":{"line":36,"column":31}}]},"3":{"loc":{"start":{"line":36,"column":19},"end":{"line":36,"column":29}},"type":"binary-expr","locations":[{"start":{"line":36,"column":19},"end":{"line":36,"column":29}},{"start":{"line":36,"column":27},"end":{"line":36,"column":29}}]},"4":{"loc":{"start":{"line":37,"column":8},"end":{"line":40,"column":9}},"type":"if","locations":[{"start":{"line":37,"column":8},"end":{"line":40,"column":9}}]},"5":{"loc":{"start":{"line":42,"column":8},"end":{"line":45,"column":9}},"type":"if","locations":[{"start":{"line":42,"column":8},"end":{"line":45,"column":9}}]},"6":{"loc":{"start":{"line":46,"column":8},"end":{"line":49,"column":9}},"type":"if","locations":[{"start":{"line":46,"column":8},"end":{"line":49,"column":9}}]},"7":{"loc":{"start":{"line":46,"column":12},"end":{"line":46,"column":58}},"type":"binary-expr","locations":[{"start":{"line":46,"column":12},"end":{"line":46,"column":33}},{"start":{"line":46,"column":37},"end":{"line":46,"column":58}}]},"8":{"loc":{"start":{"line":54,"column":8},"end":{"line":57,"column":9}},"type":"if","locations":[{"start":{"line":54,"column":8},"end":{"line":57,"column":9}}]},"9":{"loc":{"start":{"line":59,"column":19},"end":{"line":59,"column":31}},"type":"cond-expr","locations":[{"start":{"line":59,"column":27},"end":{"line":59,"column":29}},{"start":{"line":59,"column":27},"end":{"line":59,"column":31}}]},"10":{"loc":{"start":{"line":59,"column":19},"end":{"line":59,"column":29}},"type":"binary-expr","locations":[{"start":{"line":59,"column":19},"end":{"line":59,"column":29}},{"start":{"line":59,"column":27},"end":{"line":59,"column":29}}]},"11":{"loc":{"start":{"line":60,"column":8},"end":{"line":63,"column":9}},"type":"if","locations":[{"start":{"line":60,"column":8},"end":{"line":63,"column":9}}]},"12":{"loc":{"start":{"line":64,"column":8},"end":{"line":67,"column":9}},"type":"if","locations":[{"start":{"line":64,"column":8},"end":{"line":67,"column":9}}]},"13":{"loc":{"start":{"line":64,"column":12},"end":{"line":64,"column":47}},"type":"binary-expr","locations":[{"start":{"line":64,"column":12},"end":{"line":64,"column":27}},{"start":{"line":64,"column":31},"end":{"line":64,"column":47}}]}},"s":{"0":0,"1":0,"2":0,"3":0,"4":0,"5":0,"6":0,"7":0,"8":0,"9":0,"10":0,"11":0,"12":0,"13":0,"14":0,"15":0,"16":0,"17":0,"18":0,"19":0,"20":0,"21":0,"22":0,"23":0,"24":0,"25":0,"26":0,"27":0,"28":0,"29":0,"30":0,"31":0,"32":0,"33":0,"34":0,"35":0,"36":0,"37":0,"38":0,"39":0,"40":0,"41":0,"42":0,"43":0,"44":0,"45":0,"46":0,"47":0,"48":0,"49":0,"50":0,"51":0,"52":0,"53":0,"54":0,"55":0,"56":0},"f":{"0":0,"1":0,"2":0,"3":0,"4":0,"5":0,"6":0,"7":0,"8":0,"9":0,"10":0,"11":0,"12":0},"b":{"0":[0],"1":[0],"2":[0,0],"3":[0,0],"4":[0],"5":[0],"6":[0],"7":[0,0],"8":[0],"9":[0,0],"10":[0,0],"11":[0],"12":[0],"13":[0,0]}}
,"/home/btanady/cpen321/forked/Tomato/backend/controllers/PostController.ts": {"path":"/home/btanady/cpen321/forked/Tomato/backend/controllers/PostController.ts","statementMap":{"0":{"start":{"line":1,"column":0},"end":{"line":1,"column":53}},"1":{"start":{"line":3,"column":0},"end":{"line":3,"column":63}},"2":{"start":{"line":4,"column":0},"end":{"line":4,"column":53}},"3":{"start":{"line":5,"column":0},"end":{"line":5,"column":44}},"4":{"start":{"line":24,"column":4},"end":{"line":42,"column":null}},"5":{"start":{"line":24,"column":55},"end":{"line":42,"column":null}},"6":{"start":{"line":25,"column":8},"end":{"line":28,"column":9}},"7":{"start":{"line":26,"column":12},"end":{"line":26,"column":62}},"8":{"start":{"line":27,"column":12},"end":{"line":27,"column":19}},"9":{"start":{"line":29,"column":24},"end":{"line":29,"column":43}},"10":{"start":{"line":30,"column":8},"end":{"line":30,"column":37}},"11":{"start":{"line":31,"column":23},"end":{"line":34,"column":11}},"12":{"start":{"line":31,"column":73},"end":{"line":34,"column":10}},"13":{"start":{"line":36,"column":18},"end":{"line":38,"column":null}},"14":{"start":{"line":41,"column":8},"end":{"line":41,"column":null}},"15":{"start":{"line":44,"column":4},"end":{"line":67,"column":6}},"16":{"start":{"line":44,"column":73},"end":{"line":67,"column":6}},"17":{"start":{"line":45,"column":8},"end":{"line":66,"column":9}},"18":{"start":{"line":46,"column":85},"end":{"line":46,"column":108}},"19":{"start":{"line":49,"column":12},"end":{"line":54,"column":15}},"20":{"start":{"line":57,"column":12},"end":{"line":65,"column":13}},"21":{"start":{"line":58,"column":16},"end":{"line":58,"column":null}},"22":{"start":{"line":59,"column":16},"end":{"line":59,"column":75}},"23":{"start":{"line":62,"column":16},"end":{"line":62,"column":48}},"24":{"start":{"line":63,"column":16},"end":{"line":63,"column":75}},"25":{"start":{"line":70,"column":4},"end":{"line":103,"column":null}},"26":{"start":{"line":70,"column":69},"end":{"line":103,"column":null}},"27":{"start":{"line":71,"column":8},"end":{"line":74,"column":9}},"28":{"start":{"line":72,"column":12},"end":{"line":72,"column":62}},"29":{"start":{"line":73,"column":12},"end":{"line":73,"column":19}},"30":{"start":{"line":76,"column":8},"end":{"line":100,"column":9}},"31":{"start":{"line":77,"column":79},"end":{"line":77,"column":88}},"32":{"start":{"line":80,"column":35},"end":{"line":80,"column":90}},"33":{"start":{"line":81,"column":33},"end":{"line":81,"column":84}},"34":{"start":{"line":82,"column":36},"end":{"line":82,"column":93}},"35":{"start":{"line":83,"column":34},"end":{"line":83,"column":87}},"36":{"start":{"line":85,"column":39},"end":{"line":85,"column":61}},"37":{"start":{"line":87,"column":27},"end":{"line":87,"column":38}},"38":{"start":{"line":88,"column":12},"end":{"line":90,"column":null}},"39":{"start":{"line":91,"column":12},"end":{"line":91,"column":18}},"40":{"start":{"line":95,"column":12},"end":{"line":99,"column":13}},"41":{"start":{"line":96,"column":16},"end":{"line":96,"column":null}},"42":{"start":{"line":97,"column":16},"end":{"line":97,"column":75}},"43":{"start":{"line":98,"column":16},"end":{"line":98,"column":22}},"44":{"start":{"line":105,"column":4},"end":{"line":112,"column":null}},"45":{"start":{"line":105,"column":56},"end":{"line":112,"column":null}},"46":{"start":{"line":106,"column":23},"end":{"line":106,"column":36}},"47":{"start":{"line":107,"column":27},"end":{"line":109,"column":10}},"48":{"start":{"line":111,"column":8},"end":{"line":111,"column":31}},"49":{"start":{"line":114,"column":4},"end":{"line":123,"column":null}},"50":{"start":{"line":114,"column":70},"end":{"line":123,"column":null}},"51":{"start":{"line":115,"column":8},"end":{"line":118,"column":9}},"52":{"start":{"line":116,"column":12},"end":{"line":116,"column":62}},"53":{"start":{"line":117,"column":12},"end":{"line":117,"column":19}},"54":{"start":{"line":119,"column":23},"end":{"line":119,"column":36}},"55":{"start":{"line":120,"column":28},"end":{"line":120,"column":44}},"56":{"start":{"line":121,"column":8},"end":{"line":121,"column":null}},"57":{"start":{"line":122,"column":8},"end":{"line":122,"column":null}},"58":{"start":{"line":125,"column":4},"end":{"line":145,"column":null}},"59":{"start":{"line":125,"column":70},"end":{"line":145,"column":null}},"60":{"start":{"line":126,"column":8},"end":{"line":129,"column":9}},"61":{"start":{"line":127,"column":12},"end":{"line":127,"column":62}},"62":{"start":{"line":128,"column":12},"end":{"line":128,"column":19}},"63":{"start":{"line":130,"column":23},"end":{"line":130,"column":36}},"64":{"start":{"line":133,"column":23},"end":{"line":133,"column":34}},"65":{"start":{"line":134,"column":21},"end":{"line":134,"column":53}},"66":{"start":{"line":135,"column":8},"end":{"line":144,"column":9}},"67":{"start":{"line":136,"column":12},"end":{"line":136,"column":null}},"68":{"start":{"line":138,"column":12},"end":{"line":143,"column":12}},"69":{"start":{"line":139,"column":16},"end":{"line":139,"column":null}},"70":{"start":{"line":142,"column":16},"end":{"line":142,"column":null}},"71":{"start":{"line":21,"column":8},"end":{"line":21,"column":45}},"72":{"start":{"line":17,"column":0},"end":{"line":17,"column":13}},"73":{"start":{"line":152,"column":57},"end":{"line":152,"column":66}},"74":{"start":{"line":155,"column":27},"end":{"line":155,"column":82}},"75":{"start":{"line":156,"column":25},"end":{"line":156,"column":76}},"76":{"start":{"line":157,"column":28},"end":{"line":157,"column":85}},"77":{"start":{"line":158,"column":26},"end":{"line":158,"column":79}},"78":{"start":{"line":160,"column":4},"end":{"line":165,"column":null}}},"fnMap":{"0":{"name":"(anonymous_8)","decl":{"start":{"line":20,"column":4},"end":{"line":20,"column":null}},"loc":{"start":{"line":20,"column":4},"end":{"line":22,"column":5}}},"1":{"name":"(anonymous_9)","decl":{"start":{"line":24,"column":17},"end":{"line":24,"column":24}},"loc":{"start":{"line":24,"column":55},"end":{"line":42,"column":null}}},"2":{"name":"(anonymous_10)","decl":{"start":{"line":24,"column":55},"end":{"line":24,"column":null}},"loc":{"start":{"line":24,"column":55},"end":{"line":42,"column":5}}},"3":{"name":"(anonymous_11)","decl":{"start":{"line":31,"column":44},"end":{"line":31,"column":45}},"loc":{"start":{"line":31,"column":73},"end":{"line":34,"column":10}}},"4":{"name":"(anonymous_12)","decl":{"start":{"line":44,"column":20},"end":{"line":44,"column":27}},"loc":{"start":{"line":44,"column":73},"end":{"line":67,"column":6}}},"5":{"name":"(anonymous_13)","decl":{"start":{"line":44,"column":73},"end":{"line":44,"column":null}},"loc":{"start":{"line":44,"column":73},"end":{"line":67,"column":5}}},"6":{"name":"(anonymous_14)","decl":{"start":{"line":70,"column":31},"end":{"line":70,"column":38}},"loc":{"start":{"line":70,"column":69},"end":{"line":103,"column":null}}},"7":{"name":"(anonymous_15)","decl":{"start":{"line":70,"column":69},"end":{"line":70,"column":null}},"loc":{"start":{"line":70,"column":69},"end":{"line":103,"column":5}}},"8":{"name":"(anonymous_16)","decl":{"start":{"line":105,"column":18},"end":{"line":105,"column":25}},"loc":{"start":{"line":105,"column":56},"end":{"line":112,"column":null}}},"9":{"name":"(anonymous_17)","decl":{"start":{"line":105,"column":56},"end":{"line":105,"column":null}},"loc":{"start":{"line":105,"column":56},"end":{"line":112,"column":5}}},"10":{"name":"(anonymous_18)","decl":{"start":{"line":114,"column":17},"end":{"line":114,"column":24}},"loc":{"start":{"line":114,"column":70},"end":{"line":123,"column":null}}},"11":{"name":"(anonymous_19)","decl":{"start":{"line":114,"column":70},"end":{"line":114,"column":null}},"loc":{"start":{"line":114,"column":70},"end":{"line":123,"column":5}}},"12":{"name":"(anonymous_20)","decl":{"start":{"line":125,"column":17},"end":{"line":125,"column":24}},"loc":{"start":{"line":125,"column":70},"end":{"line":145,"column":null}}},"13":{"name":"(anonymous_21)","decl":{"start":{"line":125,"column":70},"end":{"line":125,"column":null}},"loc":{"start":{"line":125,"column":70},"end":{"line":145,"column":5}}},"14":{"name":"parseLocationParam","decl":{"start":{"line":151,"column":9},"end":{"line":151,"column":27}},"loc":{"start":{"line":151,"column":40},"end":{"line":167,"column":1}}}},"branchMap":{"0":{"loc":{"start":{"line":25,"column":8},"end":{"line":28,"column":9}},"type":"if","locations":[{"start":{"line":25,"column":8},"end":{"line":28,"column":9}}]},"1":{"loc":{"start":{"line":57,"column":12},"end":{"line":65,"column":13}},"type":"if","locations":[{"start":{"line":57,"column":12},"end":{"line":65,"column":13}},{"start":{"line":61,"column":17},"end":{"line":65,"column":13}}]},"2":{"loc":{"start":{"line":71,"column":8},"end":{"line":74,"column":9}},"type":"if","locations":[{"start":{"line":71,"column":8},"end":{"line":74,"column":9}}]},"3":{"loc":{"start":{"line":80,"column":35},"end":{"line":80,"column":90}},"type":"cond-expr","locations":[{"start":{"line":80,"column":47},"end":{"line":80,"column":78}},{"start":{"line":80,"column":81},"end":{"line":80,"column":90}}]},"4":{"loc":{"start":{"line":81,"column":33},"end":{"line":81,"column":84}},"type":"cond-expr","locations":[{"start":{"line":81,"column":43},"end":{"line":81,"column":72}},{"start":{"line":81,"column":75},"end":{"line":81,"column":84}}]},"5":{"loc":{"start":{"line":82,"column":36},"end":{"line":82,"column":93}},"type":"cond-expr","locations":[{"start":{"line":82,"column":49},"end":{"line":82,"column":81}},{"start":{"line":82,"column":84},"end":{"line":82,"column":93}}]},"6":{"loc":{"start":{"line":83,"column":34},"end":{"line":83,"column":87}},"type":"cond-expr","locations":[{"start":{"line":83,"column":45},"end":{"line":83,"column":75}},{"start":{"line":83,"column":78},"end":{"line":83,"column":87}}]},"7":{"loc":{"start":{"line":95,"column":12},"end":{"line":99,"column":13}},"type":"if","locations":[{"start":{"line":95,"column":12},"end":{"line":99,"column":13}}]},"8":{"loc":{"start":{"line":115,"column":8},"end":{"line":118,"column":9}},"type":"if","locations":[{"start":{"line":115,"column":8},"end":{"line":118,"column":9}}]},"9":{"loc":{"start":{"line":126,"column":8},"end":{"line":129,"column":9}},"type":"if","locations":[{"start":{"line":126,"column":8},"end":{"line":129,"column":9}}]},"10":{"loc":{"start":{"line":135,"column":8},"end":{"line":144,"column":9}},"type":"if","locations":[{"start":{"line":135,"column":8},"end":{"line":144,"column":9}},{"start":{"line":137,"column":15},"end":{"line":144,"column":9}}]},"11":{"loc":{"start":{"line":138,"column":12},"end":{"line":143,"column":12}},"type":"if","locations":[{"start":{"line":138,"column":12},"end":{"line":143,"column":12}},{"start":{"line":141,"column":16},"end":{"line":143,"column":12}}]},"12":{"loc":{"start":{"line":155,"column":27},"end":{"line":155,"column":82}},"type":"cond-expr","locations":[{"start":{"line":155,"column":39},"end":{"line":155,"column":70}},{"start":{"line":155,"column":73},"end":{"line":155,"column":82}}]},"13":{"loc":{"start":{"line":156,"column":25},"end":{"line":156,"column":76}},"type":"cond-expr","locations":[{"start":{"line":156,"column":35},"end":{"line":156,"column":64}},{"start":{"line":156,"column":67},"end":{"line":156,"column":76}}]},"14":{"loc":{"start":{"line":157,"column":28},"end":{"line":157,"column":85}},"type":"cond-expr","locations":[{"start":{"line":157,"column":41},"end":{"line":157,"column":73}},{"start":{"line":157,"column":76},"end":{"line":157,"column":85}}]},"15":{"loc":{"start":{"line":158,"column":26},"end":{"line":158,"column":79}},"type":"cond-expr","locations":[{"start":{"line":158,"column":37},"end":{"line":158,"column":67}},{"start":{"line":158,"column":70},"end":{"line":158,"column":79}}]}},"s":{"0":0,"1":0,"2":0,"3":0,"4":0,"5":0,"6":0,"7":0,"8":0,"9":0,"10":0,"11":0,"12":0,"13":0,"14":0,"15":0,"16":0,"17":0,"18":0,"19":0,"20":0,"21":0,"22":0,"23":0,"24":0,"25":0,"26":0,"27":0,"28":0,"29":0,"30":0,"31":0,"32":0,"33":0,"34":0,"35":0,"36":0,"37":0,"38":0,"39":0,"40":0,"41":0,"42":0,"43":0,"44":0,"45":0,"46":0,"47":0,"48":0,"49":0,"50":0,"51":0,"52":0,"53":0,"54":0,"55":0,"56":0,"57":0,"58":0,"59":0,"60":0,"61":0,"62":0,"63":0,"64":0,"65":0,"66":0,"67":0,"68":0,"69":0,"70":0,"71":0,"72":0,"73":0,"74":0,"75":0,"76":0,"77":0,"78":0},"f":{"0":0,"1":0,"2":0,"3":0,"4":0,"5":0,"6":0,"7":0,"8":0,"9":0,"10":0,"11":0,"12":0,"13":0,"14":0},"b":{"0":[0],"1":[0,0],"2":[0],"3":[0,0],"4":[0,0],"5":[0,0],"6":[0,0],"7":[0],"8":[0],"9":[0],"10":[0,0],"11":[0,0],"12":[0,0],"13":[0,0],"14":[0,0],"15":[0,0]}}
,"/home/btanady/cpen321/forked/Tomato/backend/controllers/RecommendationController.ts": {"path":"/home/btanady/cpen321/forked/Tomato/backend/controllers/RecommendationController.ts","statementMap":{"0":{"start":{"line":1,"column":0},"end":{"line":1,"column":44}},"1":{"start":{"line":3,"column":0},"end":{"line":3,"column":53}},"2":{"start":{"line":14,"column":4},"end":{"line":94,"column":null}},"3":{"start":{"line":14,"column":62},"end":{"line":94,"column":null}},"4":{"start":{"line":15,"column":8},"end":{"line":18,"column":9}},"5":{"start":{"line":16,"column":12},"end":{"line":16,"column":62}},"6":{"start":{"line":17,"column":12},"end":{"line":17,"column":19}},"7":{"start":{"line":20,"column":32},"end":{"line":20,"column":43}},"8":{"start":{"line":21,"column":29},"end":{"line":21,"column":103}},"9":{"start":{"line":22,"column":39},"end":{"line":22,"column":87}},"10":{"start":{"line":24,"column":8},"end":{"line":28,"column":9}},"11":{"start":{"line":26,"column":12},"end":{"line":26,"column":null}},"12":{"start":{"line":27,"column":12},"end":{"line":27,"column":18}},"13":{"start":{"line":31,"column":39},"end":{"line":31,"column":41}},"14":{"start":{"line":32,"column":37},"end":{"line":32,"column":39}},"15":{"start":{"line":33,"column":8},"end":{"line":43,"column":9}},"16":{"start":{"line":34,"column":31},"end":{"line":34,"column":64}},"17":{"start":{"line":35,"column":32},"end":{"line":35,"column":67}},"18":{"start":{"line":36,"column":38},"end":{"line":36,"column":106}},"19":{"start":{"line":37,"column":12},"end":{"line":37,"column":null}},"20":{"start":{"line":39,"column":12},"end":{"line":42,"column":null}},"21":{"start":{"line":40,"column":16},"end":{"line":41,"column":null}},"22":{"start":{"line":41,"column":20},"end":{"line":41,"column":null}},"23":{"start":{"line":44,"column":42},"end":{"line":44,"column":44}},"24":{"start":{"line":45,"column":8},"end":{"line":70,"column":9}},"25":{"start":{"line":46,"column":12},"end":{"line":57,"column":13}},"26":{"start":{"line":46,"column":25},"end":{"line":46,"column":26}},"27":{"start":{"line":47,"column":46},"end":{"line":47,"column":70}},"28":{"start":{"line":48,"column":60},"end":{"line":48,"column":114}},"29":{"start":{"line":49,"column":16},"end":{"line":53,"column":null}},"30":{"start":{"line":50,"column":20},"end":{"line":52,"column":21}},"31":{"start":{"line":51,"column":24},"end":{"line":51,"column":null}},"32":{"start":{"line":56,"column":16},"end":{"line":56,"column":null}},"33":{"start":{"line":60,"column":31},"end":{"line":60,"column":68}},"34":{"start":{"line":62,"column":12},"end":{"line":69,"column":null}},"35":{"start":{"line":63,"column":36},"end":{"line":63,"column":76}},"36":{"start":{"line":64,"column":37},"end":{"line":64,"column":79}},"37":{"start":{"line":65,"column":44},"end":{"line":65,"column":89}},"38":{"start":{"line":66,"column":16},"end":{"line":68,"column":17}},"39":{"start":{"line":67,"column":20},"end":{"line":67,"column":null}},"40":{"start":{"line":72,"column":26},"end":{"line":72,"column":28}},"41":{"start":{"line":74,"column":8},"end":{"line":78,"column":9}},"42":{"start":{"line":75,"column":38},"end":{"line":75,"column":65}},"43":{"start":{"line":76,"column":12},"end":{"line":76,"column":null}},"44":{"start":{"line":77,"column":12},"end":{"line":77,"column":null}},"45":{"start":{"line":80,"column":34},"end":{"line":80,"column":36}},"46":{"start":{"line":81,"column":8},"end":{"line":92,"column":9}},"47":{"start":{"line":81,"column":20},"end":{"line":81,"column":21}},"48":{"start":{"line":82,"column":33},"end":{"line":82,"column":47}},"49":{"start":{"line":83,"column":12},"end":{"line":85,"column":13}},"50":{"start":{"line":84,"column":16},"end":{"line":84,"column":22}},"51":{"start":{"line":86,"column":31},"end":{"line":86,"column":65}},"52":{"start":{"line":87,"column":32},"end":{"line":87,"column":66}},"53":{"start":{"line":88,"column":33},"end":{"line":88,"column":102}},"54":{"start":{"line":89,"column":12},"end":{"line":91,"column":13}},"55":{"start":{"line":90,"column":16},"end":{"line":90,"column":null}},"56":{"start":{"line":93,"column":8},"end":{"line":93,"column":null}},"57":{"start":{"line":11,"column":8},"end":{"line":11,"column":45}},"58":{"start":{"line":97,"column":8},"end":{"line":100,"column":22}},"59":{"start":{"line":98,"column":14},"end":{"line":99,"column":43}},"60":{"start":{"line":98,"column":30},"end":{"line":98,"column":35}},"61":{"start":{"line":99,"column":30},"end":{"line":99,"column":35}},"62":{"start":{"line":104,"column":8},"end":{"line":106,"column":9}},"63":{"start":{"line":105,"column":12},"end":{"line":105,"column":22}},"64":{"start":{"line":108,"column":8},"end":{"line":109,"column":34}},"65":{"start":{"line":109,"column":22},"end":{"line":109,"column":32}},"66":{"start":{"line":6,"column":0},"end":{"line":6,"column":13}}},"fnMap":{"0":{"name":"(anonymous_7)","decl":{"start":{"line":10,"column":4},"end":{"line":10,"column":null}},"loc":{"start":{"line":10,"column":4},"end":{"line":12,"column":5}}},"1":{"name":"(anonymous_8)","decl":{"start":{"line":14,"column":24},"end":{"line":14,"column":31}},"loc":{"start":{"line":14,"column":62},"end":{"line":94,"column":null}}},"2":{"name":"(anonymous_9)","decl":{"start":{"line":14,"column":62},"end":{"line":14,"column":null}},"loc":{"start":{"line":14,"column":62},"end":{"line":94,"column":5}}},"3":{"name":"(anonymous_10)","decl":{"start":{"line":39,"column":38},"end":{"line":39,"column":39}},"loc":{"start":{"line":39,"column":52},"end":{"line":42,"column":13}}},"4":{"name":"(anonymous_11)","decl":{"start":{"line":49,"column":44},"end":{"line":49,"column":52}},"loc":{"start":{"line":49,"column":55},"end":{"line":53,"column":17}}},"5":{"name":"(anonymous_12)","decl":{"start":{"line":62,"column":32},"end":{"line":62,"column":40}},"loc":{"start":{"line":62,"column":43},"end":{"line":69,"column":13}}},"6":{"name":"(anonymous_13)","decl":{"start":{"line":96,"column":4},"end":{"line":96,"column":8}},"loc":{"start":{"line":96,"column":23},"end":{"line":101,"column":5}}},"7":{"name":"(anonymous_14)","decl":{"start":{"line":97,"column":24},"end":{"line":97,"column":25}},"loc":{"start":{"line":98,"column":14},"end":{"line":99,"column":43}}},"8":{"name":"(anonymous_15)","decl":{"start":{"line":98,"column":25},"end":{"line":98,"column":26}},"loc":{"start":{"line":98,"column":30},"end":{"line":98,"column":35}}},"9":{"name":"(anonymous_16)","decl":{"start":{"line":99,"column":25},"end":{"line":99,"column":26}},"loc":{"start":{"line":99,"column":30},"end":{"line":99,"column":35}}},"10":{"name":"(anonymous_17)","decl":{"start":{"line":103,"column":4},"end":{"line":103,"column":20}},"loc":{"start":{"line":103,"column":45},"end":{"line":110,"column":5}}},"11":{"name":"(anonymous_18)","decl":{"start":{"line":109,"column":12},"end":{"line":109,"column":13}},"loc":{"start":{"line":109,"column":22},"end":{"line":109,"column":32}}}},"branchMap":{"0":{"loc":{"start":{"line":15,"column":8},"end":{"line":18,"column":9}},"type":"if","locations":[{"start":{"line":15,"column":8},"end":{"line":18,"column":9}}]},"1":{"loc":{"start":{"line":21,"column":29},"end":{"line":21,"column":103}},"type":"cond-expr","locations":[{"start":{"line":21,"column":61},"end":{"line":21,"column":98}},{"start":{"line":21,"column":101},"end":{"line":21,"column":103}}]},"2":{"loc":{"start":{"line":24,"column":8},"end":{"line":28,"column":9}},"type":"if","locations":[{"start":{"line":24,"column":8},"end":{"line":28,"column":9}}]},"3":{"loc":{"start":{"line":34,"column":31},"end":{"line":34,"column":64}},"type":"cond-expr","locations":[{"start":{"line":34,"column":47},"end":{"line":34,"column":60}},{"start":{"line":34,"column":63},"end":{"line":34,"column":64}}]},"4":{"loc":{"start":{"line":35,"column":32},"end":{"line":35,"column":67}},"type":"cond-expr","locations":[{"start":{"line":35,"column":49},"end":{"line":35,"column":63}},{"start":{"line":35,"column":66},"end":{"line":35,"column":67}}]},"5":{"loc":{"start":{"line":40,"column":16},"end":{"line":41,"column":null}},"type":"if","locations":[{"start":{"line":40,"column":16},"end":{"line":41,"column":null}}]},"6":{"loc":{"start":{"line":45,"column":8},"end":{"line":70,"column":9}},"type":"if","locations":[{"start":{"line":45,"column":8},"end":{"line":70,"column":9}},{"start":{"line":59,"column":13},"end":{"line":70,"column":9}}]},"7":{"loc":{"start":{"line":46,"column":28},"end":{"line":46,"column":61}},"type":"binary-expr","locations":[{"start":{"line":46,"column":28},"end":{"line":46,"column":33}},{"start":{"line":46,"column":37},"end":{"line":46,"column":61}}]},"8":{"loc":{"start":{"line":49,"column":16},"end":{"line":53,"column":18}},"type":"cond-expr","locations":[{"start":{"line":49,"column":34},"end":{"line":49,"column":36}},{"start":{"line":49,"column":16},"end":{"line":53,"column":18}}]},"9":{"loc":{"start":{"line":49,"column":16},"end":{"line":49,"column":36}},"type":"binary-expr","locations":[{"start":{"line":49,"column":16},"end":{"line":49,"column":36}},{"start":{"line":49,"column":16},"end":{"line":49,"column":36}}]},"10":{"loc":{"start":{"line":50,"column":20},"end":{"line":52,"column":21}},"type":"if","locations":[{"start":{"line":50,"column":20},"end":{"line":52,"column":21}}]},"11":{"loc":{"start":{"line":62,"column":12},"end":{"line":69,"column":14}},"type":"cond-expr","locations":[{"start":{"line":62,"column":22},"end":{"line":62,"column":24}},{"start":{"line":62,"column":12},"end":{"line":69,"column":14}}]},"12":{"loc":{"start":{"line":62,"column":12},"end":{"line":62,"column":24}},"type":"binary-expr","locations":[{"start":{"line":62,"column":12},"end":{"line":62,"column":24}},{"start":{"line":62,"column":12},"end":{"line":62,"column":24}}]},"13":{"loc":{"start":{"line":63,"column":36},"end":{"line":63,"column":76}},"type":"cond-expr","locations":[{"start":{"line":63,"column":55},"end":{"line":63,"column":72}},{"start":{"line":63,"column":75},"end":{"line":63,"column":76}}]},"14":{"loc":{"start":{"line":64,"column":37},"end":{"line":64,"column":79}},"type":"cond-expr","locations":[{"start":{"line":64,"column":57},"end":{"line":64,"column":75}},{"start":{"line":64,"column":78},"end":{"line":64,"column":79}}]},"15":{"loc":{"start":{"line":66,"column":16},"end":{"line":68,"column":17}},"type":"if","locations":[{"start":{"line":66,"column":16},"end":{"line":68,"column":17}}]},"16":{"loc":{"start":{"line":74,"column":15},"end":{"line":74,"column":71}},"type":"binary-expr","locations":[{"start":{"line":74,"column":15},"end":{"line":74,"column":42}},{"start":{"line":74,"column":46},"end":{"line":74,"column":71}}]},"17":{"loc":{"start":{"line":83,"column":12},"end":{"line":85,"column":13}},"type":"if","locations":[{"start":{"line":83,"column":12},"end":{"line":85,"column":13}}]},"18":{"loc":{"start":{"line":97,"column":15},"end":{"line":100,"column":21}},"type":"cond-expr","locations":[{"start":{"line":100,"column":15},"end":{"line":100,"column":19}},{"start":{"line":100,"column":19},"end":{"line":100,"column":21}}]},"19":{"loc":{"start":{"line":97,"column":15},"end":{"line":100,"column":19}},"type":"binary-expr","locations":[{"start":{"line":97,"column":15},"end":{"line":100,"column":19}},{"start":{"line":100,"column":15},"end":{"line":100,"column":19}}]},"20":{"loc":{"start":{"line":104,"column":8},"end":{"line":106,"column":9}},"type":"if","locations":[{"start":{"line":104,"column":8},"end":{"line":106,"column":9}}]}},"s":{"0":0,"1":0,"2":0,"3":0,"4":0,"5":0,"6":0,"7":0,"8":0,"9":0,"10":0,"11":0,"12":0,"13":0,"14":0,"15":0,"16":0,"17":0,"18":0,"19":0,"20":0,"21":0,"22":0,"23":0,"24":0,"25":0,"26":0,"27":0,"28":0,"29":0,"30":0,"31":0,"32":0,"33":0,"34":0,"35":0,"36":0,"37":0,"38":0,"39":0,"40":0,"41":0,"42":0,"43":0,"44":0,"45":0,"46":0,"47":0,"48":0,"49":0,"50":0,"51":0,"52":0,"53":0,"54":0,"55":0,"56":0,"57":0,"58":0,"59":0,"60":0,"61":0,"62":0,"63":0,"64":0,"65":0,"66":0},"f":{"0":0,"1":0,"2":0,"3":0,"4":0,"5":0,"6":0,"7":0,"8":0,"9":0,"10":0,"11":0},"b":{"0":[0],"1":[0,0],"2":[0],"3":[0,0],"4":[0,0],"5":[0],"6":[0,0],"7":[0,0],"8":[0,0],"9":[0,0],"10":[0],"11":[0,0],"12":[0,0],"13":[0,0],"14":[0,0],"15":[0],"16":[0,0],"17":[0],"18":[0,0],"19":[0,0],"20":[0]}}
,"/home/btanady/cpen321/forked/Tomato/backend/controllers/UserController.ts": {"path":"/home/btanady/cpen321/forked/Tomato/backend/controllers/UserController.ts","statementMap":{"0":{"start":{"line":1,"column":0},"end":{"line":1,"column":53}},"1":{"start":{"line":9,"column":8},"end":{"line":9,"column":45}},"2":{"start":{"line":10,"column":8},"end":{"line":10,"column":69}},"3":{"start":{"line":11,"column":8},"end":{"line":11,"column":null}},"4":{"start":{"line":15,"column":23},"end":{"line":15,"column":36}},"5":{"start":{"line":16,"column":8},"end":{"line":16,"column":69}},"6":{"start":{"line":20,"column":8},"end":{"line":37,"column":9}},"7":{"start":{"line":21,"column":51},"end":{"line":21,"column":59}},"8":{"start":{"line":23,"column":12},"end":{"line":26,"column":13}},"9":{"start":{"line":24,"column":16},"end":{"line":24,"column":69}},"10":{"start":{"line":25,"column":16},"end":{"line":25,"column":22}},"11":{"start":{"line":28,"column":27},"end":{"line":28,"column":94}},"12":{"start":{"line":29,"column":12},"end":{"line":29,"column":null}},"13":{"start":{"line":30,"column":12},"end":{"line":30,"column":18}},"14":{"start":{"line":34,"column":12},"end":{"line":34,"column":null}},"15":{"start":{"line":35,"column":12},"end":{"line":35,"column":null}},"16":{"start":{"line":36,"column":12},"end":{"line":36,"column":18}},"17":{"start":{"line":5,"column":0},"end":{"line":5,"column":13}}},"fnMap":{"0":{"name":"(anonymous_7)","decl":{"start":{"line":8,"column":4},"end":{"line":8,"column":null}},"loc":{"start":{"line":8,"column":4},"end":{"line":12,"column":5}}},"1":{"name":"(anonymous_8)","decl":{"start":{"line":14,"column":10},"end":{"line":14,"column":17}},"loc":{"start":{"line":14,"column":45},"end":{"line":17,"column":null}}},"2":{"name":"(anonymous_10)","decl":{"start":{"line":19,"column":10},"end":{"line":19,"column":28}},"loc":{"start":{"line":19,"column":56},"end":{"line":38,"column":null}}}},"branchMap":{"0":{"loc":{"start":{"line":23,"column":12},"end":{"line":26,"column":13}},"type":"if","locations":[{"start":{"line":23,"column":12},"end":{"line":26,"column":13}}]},"1":{"loc":{"start":{"line":23,"column":15},"end":{"line":23,"column":45}},"type":"binary-expr","locations":[{"start":{"line":23,"column":15},"end":{"line":23,"column":27}},{"start":{"line":23,"column":31},"end":{"line":23,"column":45}}]}},"s":{"0":3,"1":4,"2":4,"3":4,"4":4,"5":4,"6":4,"7":4,"8":4,"9":1,"10":1,"11":3,"12":2,"13":2,"14":1,"15":1,"16":1,"17":3},"f":{"0":4,"1":4,"2":4},"b":{"0":[1],"1":[4,3]}}
,"/home/btanady/cpen321/forked/Tomato/backend/errors/customError.ts": {"path":"/home/btanady/cpen321/forked/Tomato/backend/errors/customError.ts","statementMap":{"0":{"start":{"line":6,"column":8},"end":{"line":6,"column":23}},"1":{"start":{"line":7,"column":8},"end":{"line":7,"column":49}},"2":{"start":{"line":11,"column":0},"end":{"line":11,"column":42}}},"fnMap":{"0":{"name":"(anonymous_0)","decl":{"start":{"line":5,"column":4},"end":{"line":5,"column":16}},"loc":{"start":{"line":5,"column":31},"end":{"line":8,"column":5}}}},"branchMap":{},"s":{"0":0,"1":0,"2":0},"f":{"0":0},"b":{}}
,"/home/btanady/cpen321/forked/Tomato/backend/middleware/verifyToken.ts": {"path":"/home/btanady/cpen321/forked/Tomato/backend/middleware/verifyToken.ts","statementMap":{"0":{"start":{"line":1,"column":0},"end":{"line":1,"column":30}},"1":{"start":{"line":6,"column":20},"end":{"line":37,"column":1}},"2":{"start":{"line":7,"column":18},"end":{"line":7,"column":69}},"3":{"start":{"line":8,"column":23},"end":{"line":8,"column":45}},"4":{"start":{"line":10,"column":4},"end":{"line":13,"column":5}},"5":{"start":{"line":11,"column":8},"end":{"line":11,"column":65}},"6":{"start":{"line":12,"column":8},"end":{"line":12,"column":14}},"7":{"start":{"line":15,"column":4},"end":{"line":19,"column":5}},"8":{"start":{"line":16,"column":8},"end":{"line":16,"column":null}},"9":{"start":{"line":18,"column":8},"end":{"line":18,"column":70}},"10":{"start":{"line":21,"column":4},"end":{"line":36,"column":5}},"11":{"start":{"line":22,"column":8},"end":{"line":22,"column":72}},"12":{"start":{"line":26,"column":8},"end":{"line":34,"column":9}},"13":{"start":{"line":27,"column":28},"end":{"line":27,"column":98}},"14":{"start":{"line":28,"column":13},"end":{"line":28,"column":57}},"15":{"start":{"line":29,"column":12},"end":{"line":29,"column":19}},"16":{"start":{"line":31,"column":12},"end":{"line":31,"column":null}},"17":{"start":{"line":32,"column":12},"end":{"line":32,"column":64}},"18":{"start":{"line":33,"column":12},"end":{"line":33,"column":18}},"19":{"start":{"line":39,"column":0},"end":{"line":39,"column":27}},"20":{"start":{"line":40,"column":0},"end":{"line":40,"column":32}}},"fnMap":{"0":{"name":"(anonymous_1)","decl":{"start":{"line":6,"column":20},"end":{"line":6,"column":21}},"loc":{"start":{"line":6,"column":72},"end":{"line":37,"column":1}}}},"branchMap":{"0":{"loc":{"start":{"line":7,"column":18},"end":{"line":7,"column":69}},"type":"cond-expr","locations":[{"start":{"line":7,"column":45},"end":{"line":7,"column":47}},{"start":{"line":7,"column":45},"end":{"line":7,"column":69}}]},"1":{"loc":{"start":{"line":7,"column":18},"end":{"line":7,"column":47}},"type":"binary-expr","locations":[{"start":{"line":7,"column":18},"end":{"line":7,"column":47}},{"start":{"line":7,"column":45},"end":{"line":7,"column":47}}]},"2":{"loc":{"start":{"line":10,"column":4},"end":{"line":13,"column":5}},"type":"if","locations":[{"start":{"line":10,"column":4},"end":{"line":13,"column":5}}]},"3":{"loc":{"start":{"line":15,"column":4},"end":{"line":19,"column":5}},"type":"if","locations":[{"start":{"line":15,"column":4},"end":{"line":19,"column":5}}]},"4":{"loc":{"start":{"line":21,"column":4},"end":{"line":36,"column":5}},"type":"if","locations":[{"start":{"line":21,"column":4},"end":{"line":36,"column":5}},{"start":{"line":25,"column":8},"end":{"line":36,"column":5}}]}},"s":{"0":1,"1":1,"2":0,"3":0,"4":0,"5":0,"6":0,"7":0,"8":0,"9":0,"10":0,"11":0,"12":0,"13":0,"14":0,"15":0,"16":0,"17":0,"18":0,"19":1,"20":1},"f":{"0":0},"b":{"0":[0,0],"1":[0,0],"2":[0],"3":[0],"4":[0,0]}}
,"/home/btanady/cpen321/forked/Tomato/backend/model/ChatModel.ts": {"path":"/home/btanady/cpen321/forked/Tomato/backend/model/ChatModel.ts","statementMap":{"0":{"start":{"line":1,"column":0},"end":{"line":1,"column":54}},"1":{"start":{"line":8,"column":32},"end":{"line":11,"column":2}},"2":{"start":{"line":13,"column":13},"end":{"line":13,"column":72}}},"fnMap":{},"branchMap":{},"s":{"0":0,"1":0,"2":0},"f":{},"b":{}}
,"/home/btanady/cpen321/forked/Tomato/backend/model/MessageModel.ts": {"path":"/home/btanady/cpen321/forked/Tomato/backend/model/MessageModel.ts","statementMap":{"0":{"start":{"line":1,"column":0},"end":{"line":1,"column":54}},"1":{"start":{"line":9,"column":27},"end":{"line":13,"column":2}},"2":{"start":{"line":15,"column":13},"end":{"line":15,"column":84}}},"fnMap":{},"branchMap":{},"s":{"0":0,"1":0,"2":0},"f":{},"b":{}}
,"/home/btanady/cpen321/forked/Tomato/backend/model/PostModel.ts": {"path":"/home/btanady/cpen321/forked/Tomato/backend/model/PostModel.ts","statementMap":{"0":{"start":{"line":1,"column":0},"end":{"line":1,"column":43}},"1":{"start":{"line":16,"column":24},"end":{"line":24,"column":2}},"2":{"start":{"line":27,"column":13},"end":{"line":27,"column":84}}},"fnMap":{},"branchMap":{},"s":{"0":0,"1":0,"2":0},"f":{},"b":{}}
,"/home/btanady/cpen321/forked/Tomato/backend/model/UserModel.ts": {"path":"/home/btanady/cpen321/forked/Tomato/backend/model/UserModel.ts","statementMap":{"0":{"start":{"line":1,"column":0},"end":{"line":1,"column":58}},"1":{"start":{"line":12,"column":24},"end":{"line":16,"column":2}},"2":{"start":{"line":19,"column":13},"end":{"line":19,"column":78}}},"fnMap":{},"branchMap":{},"s":{"0":3,"1":3,"2":3},"f":{},"b":{}}
,"/home/btanady/cpen321/forked/Tomato/backend/routes/ChatRoutes.ts": {"path":"/home/btanady/cpen321/forked/Tomato/backend/routes/ChatRoutes.ts","statementMap":{"0":{"start":{"line":1,"column":0},"end":{"line":1,"column":63}},"1":{"start":{"line":4,"column":23},"end":{"line":4,"column":43}},"2":{"start":{"line":6,"column":13},"end":{"line":49,"column":null}}},"fnMap":{},"branchMap":{},"s":{"0":0,"1":0,"2":0},"f":{},"b":{}}
,"/home/btanady/cpen321/forked/Tomato/backend/routes/PostRoutes.ts": {"path":"/home/btanady/cpen321/forked/Tomato/backend/routes/PostRoutes.ts","statementMap":{"0":{"start":{"line":1,"column":0},"end":{"line":1,"column":63}},"1":{"start":{"line":4,"column":23},"end":{"line":4,"column":43}},"2":{"start":{"line":6,"column":13},"end":{"line":49,"column":null}}},"fnMap":{},"branchMap":{},"s":{"0":0,"1":0,"2":0},"f":{},"b":{}}
,"/home/btanady/cpen321/forked/Tomato/backend/routes/RecommendationRoutes.ts": {"path":"/home/btanady/cpen321/forked/Tomato/backend/routes/RecommendationRoutes.ts","statementMap":{"0":{"start":{"line":1,"column":0},"end":{"line":1,"column":83}},"1":{"start":{"line":4,"column":33},"end":{"line":4,"column":63}},"2":{"start":{"line":6,"column":13},"end":{"line":14,"column":null}}},"fnMap":{},"branchMap":{},"s":{"0":0,"1":0,"2":0},"f":{},"b":{}}
,"/home/btanady/cpen321/forked/Tomato/backend/routes/UserRoutes.ts": {"path":"/home/btanady/cpen321/forked/Tomato/backend/routes/UserRoutes.ts","statementMap":{"0":{"start":{"line":2,"column":0},"end":{"line":2,"column":63}},"1":{"start":{"line":5,"column":23},"end":{"line":5,"column":43}},"2":{"start":{"line":7,"column":13},"end":{"line":24,"column":null}},"3":{"start":{"line":12,"column":30},"end":{"line":12,"column":73}},"4":{"start":{"line":20,"column":30},"end":{"line":20,"column":62}}},"fnMap":{"0":{"name":"(anonymous_0)","decl":{"start":{"line":12,"column":16},"end":{"line":12,"column":17}},"loc":{"start":{"line":12,"column":30},"end":{"line":12,"column":73}}},"1":{"name":"(anonymous_1)","decl":{"start":{"line":20,"column":16},"end":{"line":20,"column":17}},"loc":{"start":{"line":20,"column":30},"end":{"line":20,"column":62}}}},"branchMap":{},"s":{"0":1,"1":1,"2":1,"3":2,"4":2},"f":{"0":2,"1":2},"b":{}}
,"/home/btanady/cpen321/forked/Tomato/backend/service/ChatService.ts": {"path":"/home/btanady/cpen321/forked/Tomato/backend/service/ChatService.ts","statementMap":{"0":{"start":{"line":1,"column":0},"end":{"line":1,"column":54}},"1":{"start":{"line":2,"column":0},"end":{"line":2,"column":63}},"2":{"start":{"line":6,"column":4},"end":{"line":23,"column":5}},"3":{"start":{"line":7,"column":24},"end":{"line":9,"column":15}},"4":{"start":{"line":10,"column":6},"end":{"line":13,"column":7}},"5":{"start":{"line":11,"column":8},"end":{"line":11,"column":34}},"6":{"start":{"line":12,"column":8},"end":{"line":12,"column":25}},"7":{"start":{"line":14,"column":22},"end":{"line":14,"column":59}},"8":{"start":{"line":15,"column":6},"end":{"line":15,"column":34}},"9":{"start":{"line":17,"column":6},"end":{"line":21,"column":7}},"10":{"start":{"line":18,"column":8},"end":{"line":18,"column":61}},"11":{"start":{"line":20,"column":8},"end":{"line":20,"column":50}},"12":{"start":{"line":22,"column":6},"end":{"line":22,"column":18}},"13":{"start":{"line":27,"column":4},"end":{"line":36,"column":5}},"14":{"start":{"line":28,"column":6},"end":{"line":28,"column":65}},"15":{"start":{"line":30,"column":6},"end":{"line":34,"column":7}},"16":{"start":{"line":31,"column":8},"end":{"line":31,"column":69}},"17":{"start":{"line":33,"column":8},"end":{"line":33,"column":58}},"18":{"start":{"line":35,"column":6},"end":{"line":35,"column":18}},"19":{"start":{"line":40,"column":4},"end":{"line":49,"column":5}},"20":{"start":{"line":41,"column":6},"end":{"line":41,"column":57}},"21":{"start":{"line":43,"column":6},"end":{"line":47,"column":7}},"22":{"start":{"line":44,"column":8},"end":{"line":44,"column":60}},"23":{"start":{"line":46,"column":8},"end":{"line":46,"column":49}},"24":{"start":{"line":48,"column":6},"end":{"line":48,"column":18}},"25":{"start":{"line":53,"column":4},"end":{"line":62,"column":5}},"26":{"start":{"line":54,"column":6},"end":{"line":54,"column":84}},"27":{"start":{"line":56,"column":6},"end":{"line":60,"column":7}},"28":{"start":{"line":57,"column":8},"end":{"line":57,"column":61}},"29":{"start":{"line":59,"column":8},"end":{"line":59,"column":50}},"30":{"start":{"line":61,"column":6},"end":{"line":61,"column":18}},"31":{"start":{"line":66,"column":4},"end":{"line":80,"column":5}},"32":{"start":{"line":67,"column":6},"end":{"line":67,"column":64}},"33":{"start":{"line":68,"column":19},"end":{"line":68,"column":54}},"34":{"start":{"line":69,"column":6},"end":{"line":71,"column":7}},"35":{"start":{"line":70,"column":8},"end":{"line":70,"column":31}},"36":{"start":{"line":72,"column":6},"end":{"line":72,"column":18}},"37":{"start":{"line":74,"column":6},"end":{"line":78,"column":7}},"38":{"start":{"line":75,"column":8},"end":{"line":75,"column":61}},"39":{"start":{"line":77,"column":8},"end":{"line":77,"column":50}},"40":{"start":{"line":79,"column":6},"end":{"line":79,"column":18}},"41":{"start":{"line":88,"column":4},"end":{"line":98,"column":5}},"42":{"start":{"line":89,"column":25},"end":{"line":89,"column":75}},"43":{"start":{"line":90,"column":6},"end":{"line":90,"column":37}},"44":{"start":{"line":92,"column":6},"end":{"line":96,"column":7}},"45":{"start":{"line":93,"column":8},"end":{"line":93,"column":62}},"46":{"start":{"line":95,"column":8},"end":{"line":95,"column":51}},"47":{"start":{"line":97,"column":6},"end":{"line":97,"column":18}},"48":{"start":{"line":102,"column":4},"end":{"line":115,"column":5}},"49":{"start":{"line":103,"column":22},"end":{"line":103,"column":60}},"50":{"start":{"line":104,"column":6},"end":{"line":106,"column":7}},"51":{"start":{"line":105,"column":8},"end":{"line":105,"column":34}},"52":{"start":{"line":107,"column":6},"end":{"line":107,"column":21}},"53":{"start":{"line":109,"column":6},"end":{"line":113,"column":7}},"54":{"start":{"line":110,"column":8},"end":{"line":110,"column":64}},"55":{"start":{"line":112,"column":8},"end":{"line":112,"column":53}},"56":{"start":{"line":114,"column":6},"end":{"line":114,"column":18}},"57":{"start":{"line":4,"column":0},"end":{"line":4,"column":13}}},"fnMap":{"0":{"name":"(anonymous_7)","decl":{"start":{"line":5,"column":8},"end":{"line":5,"column":18}},"loc":{"start":{"line":5,"column":53},"end":{"line":24,"column":null}}},"1":{"name":"(anonymous_9)","decl":{"start":{"line":26,"column":8},"end":{"line":26,"column":23}},"loc":{"start":{"line":26,"column":34},"end":{"line":37,"column":null}}},"2":{"name":"(anonymous_11)","decl":{"start":{"line":39,"column":8},"end":{"line":39,"column":15}},"loc":{"start":{"line":39,"column":26},"end":{"line":50,"column":null}}},"3":{"name":"(anonymous_13)","decl":{"start":{"line":52,"column":8},"end":{"line":52,"column":16}},"loc":{"start":{"line":52,"column":27},"end":{"line":63,"column":null}}},"4":{"name":"(anonymous_15)","decl":{"start":{"line":65,"column":8},"end":{"line":65,"column":18}},"loc":{"start":{"line":65,"column":29},"end":{"line":81,"column":null}}},"5":{"name":"(anonymous_17)","decl":{"start":{"line":83,"column":8},"end":{"line":83,"column":18}},"loc":{"start":{"line":86,"column":19},"end":{"line":99,"column":null}}},"6":{"name":"(anonymous_19)","decl":{"start":{"line":101,"column":8},"end":{"line":101,"column":21}},"loc":{"start":{"line":101,"column":32},"end":{"line":116,"column":null}}}},"branchMap":{"0":{"loc":{"start":{"line":10,"column":6},"end":{"line":13,"column":7}},"type":"if","locations":[{"start":{"line":10,"column":6},"end":{"line":13,"column":7}}]},"1":{"loc":{"start":{"line":17,"column":6},"end":{"line":21,"column":7}},"type":"if","locations":[{"start":{"line":17,"column":6},"end":{"line":21,"column":7}},{"start":{"line":19,"column":13},"end":{"line":21,"column":7}}]},"2":{"loc":{"start":{"line":30,"column":6},"end":{"line":34,"column":7}},"type":"if","locations":[{"start":{"line":30,"column":6},"end":{"line":34,"column":7}},{"start":{"line":32,"column":13},"end":{"line":34,"column":7}}]},"3":{"loc":{"start":{"line":43,"column":6},"end":{"line":47,"column":7}},"type":"if","locations":[{"start":{"line":43,"column":6},"end":{"line":47,"column":7}},{"start":{"line":45,"column":13},"end":{"line":47,"column":7}}]},"4":{"loc":{"start":{"line":56,"column":6},"end":{"line":60,"column":7}},"type":"if","locations":[{"start":{"line":56,"column":6},"end":{"line":60,"column":7}},{"start":{"line":58,"column":13},"end":{"line":60,"column":7}}]},"5":{"loc":{"start":{"line":69,"column":6},"end":{"line":71,"column":7}},"type":"if","locations":[{"start":{"line":69,"column":6},"end":{"line":71,"column":7}}]},"6":{"loc":{"start":{"line":74,"column":6},"end":{"line":78,"column":7}},"type":"if","locations":[{"start":{"line":74,"column":6},"end":{"line":78,"column":7}},{"start":{"line":76,"column":13},"end":{"line":78,"column":7}}]},"7":{"loc":{"start":{"line":92,"column":6},"end":{"line":96,"column":7}},"type":"if","locations":[{"start":{"line":92,"column":6},"end":{"line":96,"column":7}},{"start":{"line":94,"column":13},"end":{"line":96,"column":7}}]},"8":{"loc":{"start":{"line":104,"column":6},"end":{"line":106,"column":7}},"type":"if","locations":[{"start":{"line":104,"column":6},"end":{"line":106,"column":7}}]},"9":{"loc":{"start":{"line":109,"column":6},"end":{"line":113,"column":7}},"type":"if","locations":[{"start":{"line":109,"column":6},"end":{"line":113,"column":7}},{"start":{"line":111,"column":13},"end":{"line":113,"column":7}}]}},"s":{"0":0,"1":0,"2":0,"3":0,"4":0,"5":0,"6":0,"7":0,"8":0,"9":0,"10":0,"11":0,"12":0,"13":0,"14":0,"15":0,"16":0,"17":0,"18":0,"19":0,"20":0,"21":0,"22":0,"23":0,"24":0,"25":0,"26":0,"27":0,"28":0,"29":0,"30":0,"31":0,"32":0,"33":0,"34":0,"35":0,"36":0,"37":0,"38":0,"39":0,"40":0,"41":0,"42":0,"43":0,"44":0,"45":0,"46":0,"47":0,"48":0,"49":0,"50":0,"51":0,"52":0,"53":0,"54":0,"55":0,"56":0,"57":0},"f":{"0":0,"1":0,"2":0,"3":0,"4":0,"5":0,"6":0},"b":{"0":[0],"1":[0,0],"2":[0,0],"3":[0,0],"4":[0,0],"5":[0],"6":[0,0],"7":[0,0],"8":[0],"9":[0,0]}}
,"/home/btanady/cpen321/forked/Tomato/backend/service/PostService.ts": {"path":"/home/btanady/cpen321/forked/Tomato/backend/service/PostService.ts","statementMap":{"0":{"start":{"line":1,"column":0},"end":{"line":1,"column":32}},"1":{"start":{"line":2,"column":0},"end":{"line":2,"column":53}},"2":{"start":{"line":3,"column":0},"end":{"line":3,"column":63}},"3":{"start":{"line":25,"column":8},"end":{"line":30,"column":9}},"4":{"start":{"line":26,"column":12},"end":{"line":26,"column":55}},"5":{"start":{"line":28,"column":12},"end":{"line":28,"column":57}},"6":{"start":{"line":29,"column":12},"end":{"line":29,"column":24}},"7":{"start":{"line":34,"column":8},"end":{"line":40,"column":9}},"8":{"start":{"line":35,"column":47},"end":{"line":35,"column":66}},"9":{"start":{"line":36,"column":12},"end":{"line":36,"column":40}},"10":{"start":{"line":38,"column":12},"end":{"line":38,"column":49}},"11":{"start":{"line":39,"column":12},"end":{"line":39,"column":24}},"12":{"start":{"line":45,"column":8},"end":{"line":51,"column":9}},"13":{"start":{"line":46,"column":12},"end":{"line":46,"column":92}},"14":{"start":{"line":47,"column":12},"end":{"line":47,"column":49}},"15":{"start":{"line":49,"column":12},"end":{"line":49,"column":57}},"16":{"start":{"line":50,"column":12},"end":{"line":50,"column":null}},"17":{"start":{"line":55,"column":8},"end":{"line":60,"column":9}},"18":{"start":{"line":56,"column":12},"end":{"line":56,"column":101}},"19":{"start":{"line":58,"column":12},"end":{"line":58,"column":57}},"20":{"start":{"line":59,"column":12},"end":{"line":59,"column":24}},"21":{"start":{"line":75,"column":28},"end":{"line":75,"column":70}},"22":{"start":{"line":76,"column":8},"end":{"line":78,"column":9}},"23":{"start":{"line":77,"column":12},"end":{"line":77,"column":86}},"24":{"start":{"line":81,"column":8},"end":{"line":97,"column":9}},"25":{"start":{"line":82,"column":43},"end":{"line":82,"column":45}},"26":{"start":{"line":85,"column":12},"end":{"line":87,"column":13}},"27":{"start":{"line":86,"column":16},"end":{"line":86,"column":55}},"28":{"start":{"line":88,"column":12},"end":{"line":90,"column":13}},"29":{"start":{"line":89,"column":16},"end":{"line":89,"column":73}},"30":{"start":{"line":93,"column":12},"end":{"line":93,"column":54}},"31":{"start":{"line":95,"column":12},"end":{"line":95,"column":56}},"32":{"start":{"line":96,"column":12},"end":{"line":96,"column":24}},"33":{"start":{"line":109,"column":8},"end":{"line":121,"column":9}},"34":{"start":{"line":110,"column":26},"end":{"line":110,"column":87}},"35":{"start":{"line":113,"column":32},"end":{"line":113,"column":70}},"36":{"start":{"line":113,"column":54},"end":{"line":113,"column":69}},"37":{"start":{"line":114,"column":12},"end":{"line":116,"column":13}},"38":{"start":{"line":115,"column":16},"end":{"line":115,"column":28}},"39":{"start":{"line":117,"column":12},"end":{"line":117,"column":31}},"40":{"start":{"line":119,"column":12},"end":{"line":119,"column":54}},"41":{"start":{"line":120,"column":12},"end":{"line":120,"column":24}},"42":{"start":{"line":141,"column":25},"end":{"line":141,"column":62}},"43":{"start":{"line":143,"column":8},"end":{"line":163,"column":9}},"44":{"start":{"line":144,"column":29},"end":{"line":144,"column":67}},"45":{"start":{"line":145,"column":12},"end":{"line":158,"column":13}},"46":{"start":{"line":146,"column":16},"end":{"line":146,"column":32}},"47":{"start":{"line":149,"column":35},"end":{"line":149,"column":107}},"48":{"start":{"line":151,"column":38},"end":{"line":151,"column":66}},"49":{"start":{"line":154,"column":36},"end":{"line":155,"column":94}},"50":{"start":{"line":154,"column":81},"end":{"line":154,"column":101}},"51":{"start":{"line":155,"column":27},"end":{"line":155,"column":83}},"52":{"start":{"line":155,"column":54},"end":{"line":155,"column":81}},"53":{"start":{"line":157,"column":16},"end":{"line":157,"column":35}},"54":{"start":{"line":161,"column":12},"end":{"line":161,"column":56}},"55":{"start":{"line":162,"column":12},"end":{"line":162,"column":24}},"56":{"start":{"line":167,"column":8},"end":{"line":172,"column":9}},"57":{"start":{"line":168,"column":12},"end":{"line":168,"column":51}},"58":{"start":{"line":170,"column":12},"end":{"line":170,"column":60}},"59":{"start":{"line":171,"column":12},"end":{"line":171,"column":24}},"60":{"start":{"line":176,"column":8},"end":{"line":184,"column":9}},"61":{"start":{"line":177,"column":12},"end":{"line":180,"column":null}},"62":{"start":{"line":178,"column":16},"end":{"line":178,"column":null}},"63":{"start":{"line":180,"column":16},"end":{"line":180,"column":null}},"64":{"start":{"line":182,"column":12},"end":{"line":182,"column":null}},"65":{"start":{"line":183,"column":12},"end":{"line":183,"column":null}},"66":{"start":{"line":23,"column":0},"end":{"line":23,"column":13}},"67":{"start":{"line":193,"column":30},"end":{"line":193,"column":77}},"68":{"start":{"line":193,"column":54},"end":{"line":193,"column":69}},"69":{"start":{"line":194,"column":4},"end":{"line":199,"column":5}},"70":{"start":{"line":195,"column":8},"end":{"line":195,"column":20}},"71":{"start":{"line":198,"column":8},"end":{"line":198,"column":21}}},"fnMap":{"0":{"name":"(anonymous_8)","decl":{"start":{"line":24,"column":10},"end":{"line":24,"column":21}},"loc":{"start":{"line":24,"column":32},"end":{"line":31,"column":null}}},"1":{"name":"(anonymous_10)","decl":{"start":{"line":33,"column":10},"end":{"line":33,"column":20}},"loc":{"start":{"line":33,"column":31},"end":{"line":41,"column":null}}},"2":{"name":"(anonymous_12)","decl":{"start":{"line":44,"column":10},"end":{"line":44,"column":20}},"loc":{"start":{"line":44,"column":43},"end":{"line":52,"column":null}}},"3":{"name":"(anonymous_14)","decl":{"start":{"line":54,"column":10},"end":{"line":54,"column":20}},"loc":{"start":{"line":54,"column":31},"end":{"line":61,"column":null}}},"4":{"name":"(anonymous_16)","decl":{"start":{"line":68,"column":10},"end":{"line":68,"column":18}},"loc":{"start":{"line":72,"column":25},"end":{"line":98,"column":null}}},"5":{"name":"(anonymous_18)","decl":{"start":{"line":103,"column":10},"end":{"line":103,"column":23}},"loc":{"start":{"line":107,"column":25},"end":{"line":122,"column":null}}},"6":{"name":"(anonymous_20)","decl":{"start":{"line":113,"column":46},"end":{"line":113,"column":50}},"loc":{"start":{"line":113,"column":54},"end":{"line":113,"column":69}}},"7":{"name":"(anonymous_21)","decl":{"start":{"line":132,"column":10},"end":{"line":132,"column":21}},"loc":{"start":{"line":138,"column":25},"end":{"line":164,"column":null}}},"8":{"name":"(anonymous_23)","decl":{"start":{"line":154,"column":73},"end":{"line":154,"column":77}},"loc":{"start":{"line":154,"column":81},"end":{"line":154,"column":101}}},"9":{"name":"(anonymous_24)","decl":{"start":{"line":155,"column":21},"end":{"line":155,"column":23}},"loc":{"start":{"line":155,"column":27},"end":{"line":155,"column":83}}},"10":{"name":"(anonymous_25)","decl":{"start":{"line":155,"column":46},"end":{"line":155,"column":50}},"loc":{"start":{"line":155,"column":54},"end":{"line":155,"column":81}}},"11":{"name":"(anonymous_26)","decl":{"start":{"line":166,"column":10},"end":{"line":166,"column":22}},"loc":{"start":{"line":166,"column":22},"end":{"line":173,"column":null}}},"12":{"name":"(anonymous_28)","decl":{"start":{"line":175,"column":10},"end":{"line":175,"column":28}},"loc":{"start":{"line":175,"column":77},"end":{"line":185,"column":null}}},"13":{"name":"isMissingCoordinate","decl":{"start":{"line":192,"column":9},"end":{"line":192,"column":28}},"loc":{"start":{"line":192,"column":62},"end":{"line":200,"column":1}}},"14":{"name":"(anonymous_31)","decl":{"start":{"line":193,"column":49},"end":{"line":193,"column":50}},"loc":{"start":{"line":193,"column":54},"end":{"line":193,"column":69}}}},"branchMap":{"0":{"loc":{"start":{"line":76,"column":8},"end":{"line":78,"column":9}},"type":"if","locations":[{"start":{"line":76,"column":8},"end":{"line":78,"column":9}}]},"1":{"loc":{"start":{"line":85,"column":12},"end":{"line":87,"column":13}},"type":"if","locations":[{"start":{"line":85,"column":12},"end":{"line":87,"column":13}}]},"2":{"loc":{"start":{"line":88,"column":12},"end":{"line":90,"column":13}},"type":"if","locations":[{"start":{"line":88,"column":12},"end":{"line":90,"column":13}}]},"3":{"loc":{"start":{"line":113,"column":32},"end":{"line":113,"column":70}},"type":"cond-expr","locations":[{"start":{"line":113,"column":37},"end":{"line":113,"column":39}},{"start":{"line":113,"column":32},"end":{"line":113,"column":70}}]},"4":{"loc":{"start":{"line":113,"column":32},"end":{"line":113,"column":39}},"type":"binary-expr","locations":[{"start":{"line":113,"column":32},"end":{"line":113,"column":39}},{"start":{"line":113,"column":32},"end":{"line":113,"column":39}}]},"5":{"loc":{"start":{"line":114,"column":12},"end":{"line":116,"column":13}},"type":"if","locations":[{"start":{"line":114,"column":12},"end":{"line":116,"column":13}}]},"6":{"loc":{"start":{"line":145,"column":12},"end":{"line":158,"column":13}},"type":"if","locations":[{"start":{"line":145,"column":12},"end":{"line":158,"column":13}},{"start":{"line":148,"column":16},"end":{"line":158,"column":13}}]},"7":{"loc":{"start":{"line":149,"column":35},"end":{"line":149,"column":107}},"type":"cond-expr","locations":[{"start":{"line":149,"column":101},"end":{"line":149,"column":105}},{"start":{"line":149,"column":105},"end":{"line":149,"column":107}}]},"8":{"loc":{"start":{"line":149,"column":35},"end":{"line":149,"column":105}},"type":"binary-expr","locations":[{"start":{"line":149,"column":35},"end":{"line":149,"column":105}},{"start":{"line":149,"column":101},"end":{"line":149,"column":105}}]},"9":{"loc":{"start":{"line":154,"column":81},"end":{"line":154,"column":101}},"type":"cond-expr","locations":[{"start":{"line":154,"column":85},"end":{"line":154,"column":87}},{"start":{"line":154,"column":81},"end":{"line":154,"column":101}}]},"10":{"loc":{"start":{"line":154,"column":81},"end":{"line":154,"column":87}},"type":"binary-expr","locations":[{"start":{"line":154,"column":81},"end":{"line":154,"column":87}},{"start":{"line":154,"column":81},"end":{"line":154,"column":87}}]},"11":{"loc":{"start":{"line":155,"column":54},"end":{"line":155,"column":74}},"type":"cond-expr","locations":[{"start":{"line":155,"column":58},"end":{"line":155,"column":60}},{"start":{"line":155,"column":54},"end":{"line":155,"column":74}}]},"12":{"loc":{"start":{"line":155,"column":54},"end":{"line":155,"column":60}},"type":"binary-expr","locations":[{"start":{"line":155,"column":54},"end":{"line":155,"column":60}},{"start":{"line":155,"column":54},"end":{"line":155,"column":60}}]},"13":{"loc":{"start":{"line":177,"column":12},"end":{"line":180,"column":null}},"type":"if","locations":[{"start":{"line":177,"column":12},"end":{"line":180,"column":null}},{"start":{"line":180,"column":16},"end":{"line":180,"column":null}}]},"14":{"loc":{"start":{"line":194,"column":4},"end":{"line":199,"column":5}},"type":"if","locations":[{"start":{"line":194,"column":4},"end":{"line":199,"column":5}},{"start":{"line":197,"column":8},"end":{"line":199,"column":5}}]},"15":{"loc":{"start":{"line":194,"column":7},"end":{"line":194,"column":53}},"type":"binary-expr","locations":[{"start":{"line":194,"column":7},"end":{"line":194,"column":28}},{"start":{"line":194,"column":32},"end":{"line":194,"column":53}}]}},"s":{"0":0,"1":0,"2":0,"3":0,"4":0,"5":0,"6":0,"7":0,"8":0,"9":0,"10":0,"11":0,"12":0,"13":0,"14":0,"15":0,"16":0,"17":0,"18":0,"19":0,"20":0,"21":0,"22":0,"23":0,"24":0,"25":0,"26":0,"27":0,"28":0,"29":0,"30":0,"31":0,"32":0,"33":0,"34":0,"35":0,"36":0,"37":0,"38":0,"39":0,"40":0,"41":0,"42":0,"43":0,"44":0,"45":0,"46":0,"47":0,"48":0,"49":0,"50":0,"51":0,"52":0,"53":0,"54":0,"55":0,"56":0,"57":0,"58":0,"59":0,"60":0,"61":0,"62":0,"63":0,"64":0,"65":0,"66":0,"67":0,"68":0,"69":0,"70":0,"71":0},"f":{"0":0,"1":0,"2":0,"3":0,"4":0,"5":0,"6":0,"7":0,"8":0,"9":0,"10":0,"11":0,"12":0,"13":0,"14":0},"b":{"0":[0],"1":[0],"2":[0],"3":[0,0],"4":[0,0],"5":[0],"6":[0,0],"7":[0,0],"8":[0,0],"9":[0,0],"10":[0,0],"11":[0,0],"12":[0,0],"13":[0,0],"14":[0,0],"15":[0,0]}}
,"/home/btanady/cpen321/forked/Tomato/backend/service/UserService.ts": {"path":"/home/btanady/cpen321/forked/Tomato/backend/service/UserService.ts","statementMap":{"0":{"start":{"line":1,"column":0},"end":{"line":1,"column":34}},"1":{"start":{"line":2,"column":0},"end":{"line":2,"column":53}},"2":{"start":{"line":3,"column":0},"end":{"line":3,"column":65}},"3":{"start":{"line":6,"column":0},"end":{"line":8,"column":3}},"4":{"start":{"line":7,"column":4},"end":{"line":7,"column":77}},"5":{"start":{"line":9,"column":0},"end":{"line":11,"column":1}},"6":{"start":{"line":10,"column":4},"end":{"line":10,"column":74}},"7":{"start":{"line":12,"column":28},"end":{"line":12,"column":53}},"8":{"start":{"line":13,"column":26},"end":{"line":13,"column":48}},"9":{"start":{"line":15,"column":29},"end":{"line":15,"column":58}},"10":{"start":{"line":21,"column":8},"end":{"line":24,"column":9}},"11":{"start":{"line":22,"column":12},"end":{"line":22,"column":null}},"12":{"start":{"line":23,"column":12},"end":{"line":23,"column":null}},"13":{"start":{"line":25,"column":8},"end":{"line":40,"column":11}},"14":{"start":{"line":26,"column":35},"end":{"line":30,"column":16}},"15":{"start":{"line":31,"column":12},"end":{"line":31,"column":null}},"16":{"start":{"line":32,"column":12},"end":{"line":32,"column":null}},"17":{"start":{"line":34,"column":12},"end":{"line":38,"column":13}},"18":{"start":{"line":35,"column":14},"end":{"line":35,"column":67}},"19":{"start":{"line":37,"column":14},"end":{"line":37,"column":59}},"20":{"start":{"line":39,"column":12},"end":{"line":39,"column":24}},"21":{"start":{"line":44,"column":8},"end":{"line":54,"column":9}},"22":{"start":{"line":45,"column":37},"end":{"line":45,"column":65}},"23":{"start":{"line":46,"column":12},"end":{"line":49,"column":13}},"24":{"start":{"line":47,"column":16},"end":{"line":47,"column":null}},"25":{"start":{"line":48,"column":16},"end":{"line":48,"column":28}},"26":{"start":{"line":50,"column":12},"end":{"line":50,"column":null}},"27":{"start":{"line":52,"column":12},"end":{"line":52,"column":56}},"28":{"start":{"line":53,"column":12},"end":{"line":53,"column":null}},"29":{"start":{"line":59,"column":23},"end":{"line":62,"column":10}},"30":{"start":{"line":65,"column":24},"end":{"line":65,"column":59}},"31":{"start":{"line":66,"column":8},"end":{"line":68,"column":9}},"32":{"start":{"line":67,"column":12},"end":{"line":67,"column":52}},"33":{"start":{"line":71,"column":31},"end":{"line":71,"column":72}},"34":{"start":{"line":73,"column":8},"end":{"line":80,"column":9}},"35":{"start":{"line":74,"column":12},"end":{"line":74,"column":83}},"36":{"start":{"line":76,"column":12},"end":{"line":79,"column":13}},"37":{"start":{"line":77,"column":16},"end":{"line":77,"column":55}},"38":{"start":{"line":78,"column":16},"end":{"line":78,"column":33}},"39":{"start":{"line":83,"column":25},"end":{"line":86,"column":10}},"40":{"start":{"line":87,"column":23},"end":{"line":87,"column":32}},"41":{"start":{"line":89,"column":8},"end":{"line":89,"column":43}},"42":{"start":{"line":18,"column":0},"end":{"line":18,"column":13}}},"fnMap":{"0":{"name":"(anonymous_7)","decl":{"start":{"line":20,"column":10},"end":{"line":20,"column":20}},"loc":{"start":{"line":20,"column":68},"end":{"line":41,"column":null}}},"1":{"name":"(anonymous_9)","decl":{"start":{"line":43,"column":10},"end":{"line":43,"column":17}},"loc":{"start":{"line":43,"column":28},"end":{"line":55,"column":null}}},"2":{"name":"(anonymous_11)","decl":{"start":{"line":57,"column":10},"end":{"line":57,"column":26}},"loc":{"start":{"line":57,"column":69},"end":{"line":90,"column":null}}}},"branchMap":{"0":{"loc":{"start":{"line":6,"column":0},"end":{"line":8,"column":3}},"type":"if","locations":[{"start":{"line":6,"column":0},"end":{"line":8,"column":3}}]},"1":{"loc":{"start":{"line":9,"column":0},"end":{"line":11,"column":1}},"type":"if","locations":[{"start":{"line":9,"column":0},"end":{"line":11,"column":1}}]},"2":{"loc":{"start":{"line":21,"column":8},"end":{"line":24,"column":9}},"type":"if","locations":[{"start":{"line":21,"column":8},"end":{"line":24,"column":9}}]},"3":{"loc":{"start":{"line":21,"column":11},"end":{"line":21,"column":41}},"type":"binary-expr","locations":[{"start":{"line":21,"column":11},"end":{"line":21,"column":14}},{"start":{"line":21,"column":18},"end":{"line":21,"column":23}},{"start":{"line":21,"column":27},"end":{"line":21,"column":41}}]},"4":{"loc":{"start":{"line":34,"column":12},"end":{"line":38,"column":13}},"type":"if","locations":[{"start":{"line":34,"column":12},"end":{"line":38,"column":13}},{"start":{"line":36,"column":19},"end":{"line":38,"column":13}}]},"5":{"loc":{"start":{"line":46,"column":12},"end":{"line":49,"column":13}},"type":"if","locations":[{"start":{"line":46,"column":12},"end":{"line":49,"column":13}}]},"6":{"loc":{"start":{"line":66,"column":8},"end":{"line":68,"column":9}},"type":"if","locations":[{"start":{"line":66,"column":8},"end":{"line":68,"column":9}}]},"7":{"loc":{"start":{"line":66,"column":12},"end":{"line":66,"column":67}},"type":"binary-expr","locations":[{"start":{"line":66,"column":12},"end":{"line":66,"column":33}},{"start":{"line":66,"column":37},"end":{"line":66,"column":54}},{"start":{"line":66,"column":54},"end":{"line":66,"column":67}}]},"8":{"loc":{"start":{"line":66,"column":38},"end":{"line":66,"column":50}},"type":"cond-expr","locations":[{"start":{"line":66,"column":45},"end":{"line":66,"column":47}},{"start":{"line":66,"column":38},"end":{"line":66,"column":50}}]},"9":{"loc":{"start":{"line":66,"column":38},"end":{"line":66,"column":47}},"type":"binary-expr","locations":[{"start":{"line":66,"column":38},"end":{"line":66,"column":47}},{"start":{"line":66,"column":38},"end":{"line":66,"column":47}}]},"10":{"loc":{"start":{"line":73,"column":8},"end":{"line":80,"column":9}},"type":"if","locations":[{"start":{"line":73,"column":8},"end":{"line":80,"column":9}},{"start":{"line":75,"column":15},"end":{"line":80,"column":9}}]},"11":{"loc":{"start":{"line":76,"column":12},"end":{"line":79,"column":13}},"type":"if","locations":[{"start":{"line":76,"column":12},"end":{"line":79,"column":13}}]},"12":{"loc":{"start":{"line":87,"column":23},"end":{"line":87,"column":32}},"type":"cond-expr","locations":[{"start":{"line":87,"column":27},"end":{"line":87,"column":29}},{"start":{"line":87,"column":23},"end":{"line":87,"column":32}}]},"13":{"loc":{"start":{"line":87,"column":23},"end":{"line":87,"column":29}},"type":"binary-expr","locations":[{"start":{"line":87,"column":23},"end":{"line":87,"column":29}},{"start":{"line":87,"column":23},"end":{"line":87,"column":29}}]}},"s":{"0":3,"1":3,"2":3,"3":3,"4":0,"5":3,"6":0,"7":3,"8":3,"9":3,"10":5,"11":0,"12":0,"13":5,"14":5,"15":5,"16":5,"17":1,"18":1,"19":0,"20":1,"21":6,"22":6,"23":5,"24":2,"25":2,"26":3,"27":1,"28":1,"29":3,"30":3,"31":3,"32":1,"33":2,"34":2,"35":1,"36":1,"37":1,"38":1,"39":2,"40":2,"41":2,"42":3},"f":{"0":5,"1":6,"2":3},"b":{"0":[0],"1":[0],"2":[0],"3":[5,5,5],"4":[1,0],"5":[2],"6":[1],"7":[3,3,2],"8":[0,3],"9":[3,3],"10":[1,1],"11":[1],"12":[0,2],"13":[2,2]}}
}
