{"C:\\Users\\rumbi\\Desktop\\Tomato\\backend\\controllers\\ChatController.ts": {"path":"C:\\Users\\rumbi\\Desktop\\Tomato\\backend\\controllers\\ChatController.ts","statementMap":{"0":{"start":{"line":1,"column":0},"end":{"line":1,"column":47}},"1":{"start":{"line":2,"column":0},"end":{"line":2,"column":53}},"2":{"start":{"line":3,"column":0},"end":{"line":3,"column":53}},"3":{"start":{"line":15,"column":4},"end":{"line":31,"column":null}},"4":{"start":{"line":15,"column":68},"end":{"line":31,"column":null}},"5":{"start":{"line":16,"column":19},"end":{"line":16,"column":27}},"6":{"start":{"line":17,"column":19},"end":{"line":17,"column":31}},"7":{"start":{"line":18,"column":8},"end":{"line":21,"column":9}},"8":{"start":{"line":19,"column":12},"end":{"line":19,"column":60}},"9":{"start":{"line":20,"column":12},"end":{"line":20,"column":19}},"10":{"start":{"line":22,"column":8},"end":{"line":25,"column":9}},"11":{"start":{"line":23,"column":12},"end":{"line":23,"column":59}},"12":{"start":{"line":24,"column":12},"end":{"line":24,"column":19}},"13":{"start":{"line":26,"column":8},"end":{"line":29,"column":9}},"14":{"start":{"line":27,"column":12},"end":{"line":27,"column":60}},"15":{"start":{"line":28,"column":12},"end":{"line":28,"column":19}},"16":{"start":{"line":30,"column":8},"end":{"line":30,"column":null}},"17":{"start":{"line":33,"column":4},"end":{"line":40,"column":null}},"18":{"start":{"line":33,"column":66},"end":{"line":40,"column":null}},"19":{"start":{"line":34,"column":23},"end":{"line":34,"column":35}},"20":{"start":{"line":35,"column":8},"end":{"line":38,"column":9}},"21":{"start":{"line":36,"column":12},"end":{"line":36,"column":62}},"22":{"start":{"line":37,"column":12},"end":{"line":37,"column":19}},"23":{"start":{"line":39,"column":8},"end":{"line":39,"column":null}},"24":{"start":{"line":42,"column":4},"end":{"line":59,"column":null}},"25":{"start":{"line":42,"column":73},"end":{"line":59,"column":null}},"26":{"start":{"line":43,"column":23},"end":{"line":43,"column":36}},"27":{"start":{"line":44,"column":19},"end":{"line":44,"column":31}},"28":{"start":{"line":45,"column":8},"end":{"line":48,"column":9}},"29":{"start":{"line":46,"column":12},"end":{"line":46,"column":62}},"30":{"start":{"line":47,"column":12},"end":{"line":47,"column":19}},"31":{"start":{"line":49,"column":21},"end":{"line":49,"column":53}},"32":{"start":{"line":50,"column":8},"end":{"line":53,"column":9}},"33":{"start":{"line":51,"column":12},"end":{"line":51,"column":64}},"34":{"start":{"line":52,"column":12},"end":{"line":52,"column":19}},"35":{"start":{"line":54,"column":8},"end":{"line":57,"column":9}},"36":{"start":{"line":55,"column":12},"end":{"line":55,"column":60}},"37":{"start":{"line":56,"column":12},"end":{"line":56,"column":19}},"38":{"start":{"line":58,"column":8},"end":{"line":58,"column":65}},"39":{"start":{"line":61,"column":4},"end":{"line":78,"column":null}},"40":{"start":{"line":61,"column":68},"end":{"line":78,"column":null}},"41":{"start":{"line":62,"column":22},"end":{"line":62,"column":30}},"42":{"start":{"line":63,"column":19},"end":{"line":63,"column":31}},"43":{"start":{"line":64,"column":8},"end":{"line":67,"column":9}},"44":{"start":{"line":65,"column":12},"end":{"line":65,"column":62}},"45":{"start":{"line":66,"column":12},"end":{"line":66,"column":19}},"46":{"start":{"line":68,"column":8},"end":{"line":71,"column":9}},"47":{"start":{"line":69,"column":12},"end":{"line":69,"column":null}},"48":{"start":{"line":70,"column":12},"end":{"line":70,"column":19}},"49":{"start":{"line":72,"column":26},"end":{"line":72,"column":39}},"50":{"start":{"line":73,"column":8},"end":{"line":77,"column":9}},"51":{"start":{"line":74,"column":12},"end":{"line":74,"column":null}},"52":{"start":{"line":76,"column":12},"end":{"line":76,"column":null}},"53":{"start":{"line":80,"column":4},"end":{"line":97,"column":null}},"54":{"start":{"line":80,"column":71},"end":{"line":97,"column":null}},"55":{"start":{"line":81,"column":26},"end":{"line":81,"column":47}},"56":{"start":{"line":82,"column":19},"end":{"line":82,"column":31}},"57":{"start":{"line":83,"column":8},"end":{"line":86,"column":9}},"58":{"start":{"line":84,"column":12},"end":{"line":84,"column":62}},"59":{"start":{"line":85,"column":12},"end":{"line":85,"column":19}},"60":{"start":{"line":87,"column":24},"end":{"line":87,"column":62}},"61":{"start":{"line":88,"column":8},"end":{"line":91,"column":9}},"62":{"start":{"line":89,"column":12},"end":{"line":89,"column":65}},"63":{"start":{"line":90,"column":12},"end":{"line":90,"column":19}},"64":{"start":{"line":92,"column":8},"end":{"line":95,"column":9}},"65":{"start":{"line":93,"column":12},"end":{"line":93,"column":null}},"66":{"start":{"line":94,"column":12},"end":{"line":94,"column":19}},"67":{"start":{"line":96,"column":8},"end":{"line":96,"column":null}},"68":{"start":{"line":99,"column":4},"end":{"line":116,"column":null}},"69":{"start":{"line":99,"column":68},"end":{"line":116,"column":null}},"70":{"start":{"line":100,"column":23},"end":{"line":100,"column":36}},"71":{"start":{"line":101,"column":19},"end":{"line":101,"column":31}},"72":{"start":{"line":102,"column":8},"end":{"line":105,"column":9}},"73":{"start":{"line":103,"column":12},"end":{"line":103,"column":62}},"74":{"start":{"line":104,"column":12},"end":{"line":104,"column":19}},"75":{"start":{"line":106,"column":21},"end":{"line":106,"column":53}},"76":{"start":{"line":107,"column":8},"end":{"line":110,"column":9}},"77":{"start":{"line":108,"column":12},"end":{"line":108,"column":62}},"78":{"start":{"line":109,"column":12},"end":{"line":109,"column":19}},"79":{"start":{"line":111,"column":8},"end":{"line":114,"column":9}},"80":{"start":{"line":112,"column":12},"end":{"line":112,"column":null}},"81":{"start":{"line":113,"column":12},"end":{"line":113,"column":19}},"82":{"start":{"line":115,"column":8},"end":{"line":115,"column":null}},"83":{"start":{"line":12,"column":8},"end":{"line":12,"column":45}},"84":{"start":{"line":8,"column":0},"end":{"line":8,"column":13}}},"fnMap":{"0":{"name":"(anonymous_7)","decl":{"start":{"line":11,"column":4},"end":{"line":11,"column":null}},"loc":{"start":{"line":11,"column":4},"end":{"line":13,"column":5}}},"1":{"name":"(anonymous_8)","decl":{"start":{"line":15,"column":17},"end":{"line":15,"column":24}},"loc":{"start":{"line":15,"column":68},"end":{"line":31,"column":null}}},"2":{"name":"(anonymous_9)","decl":{"start":{"line":15,"column":68},"end":{"line":15,"column":null}},"loc":{"start":{"line":15,"column":68},"end":{"line":31,"column":5}}},"3":{"name":"(anonymous_10)","decl":{"start":{"line":33,"column":15},"end":{"line":33,"column":22}},"loc":{"start":{"line":33,"column":66},"end":{"line":40,"column":null}}},"4":{"name":"(anonymous_11)","decl":{"start":{"line":33,"column":66},"end":{"line":33,"column":null}},"loc":{"start":{"line":33,"column":66},"end":{"line":40,"column":5}}},"5":{"name":"(anonymous_12)","decl":{"start":{"line":42,"column":22},"end":{"line":42,"column":29}},"loc":{"start":{"line":42,"column":73},"end":{"line":59,"column":null}}},"6":{"name":"(anonymous_13)","decl":{"start":{"line":42,"column":73},"end":{"line":42,"column":null}},"loc":{"start":{"line":42,"column":73},"end":{"line":59,"column":5}}},"7":{"name":"(anonymous_14)","decl":{"start":{"line":61,"column":17},"end":{"line":61,"column":24}},"loc":{"start":{"line":61,"column":68},"end":{"line":78,"column":null}}},"8":{"name":"(anonymous_15)","decl":{"start":{"line":61,"column":68},"end":{"line":61,"column":null}},"loc":{"start":{"line":61,"column":68},"end":{"line":78,"column":5}}},"9":{"name":"(anonymous_16)","decl":{"start":{"line":80,"column":20},"end":{"line":80,"column":27}},"loc":{"start":{"line":80,"column":71},"end":{"line":97,"column":null}}},"10":{"name":"(anonymous_17)","decl":{"start":{"line":80,"column":71},"end":{"line":80,"column":null}},"loc":{"start":{"line":80,"column":71},"end":{"line":97,"column":5}}},"11":{"name":"(anonymous_18)","decl":{"start":{"line":99,"column":17},"end":{"line":99,"column":24}},"loc":{"start":{"line":99,"column":68},"end":{"line":116,"column":null}}},"12":{"name":"(anonymous_19)","decl":{"start":{"line":99,"column":68},"end":{"line":99,"column":null}},"loc":{"start":{"line":99,"column":68},"end":{"line":116,"column":5}}}},"branchMap":{"0":{"loc":{"start":{"line":17,"column":19},"end":{"line":17,"column":31}},"type":"cond-expr","locations":[{"start":{"line":17,"column":27},"end":{"line":17,"column":29}},{"start":{"line":17,"column":27},"end":{"line":17,"column":31}}]},"1":{"loc":{"start":{"line":17,"column":19},"end":{"line":17,"column":29}},"type":"binary-expr","locations":[{"start":{"line":17,"column":19},"end":{"line":17,"column":29}},{"start":{"line":17,"column":27},"end":{"line":17,"column":29}}]},"2":{"loc":{"start":{"line":18,"column":8},"end":{"line":21,"column":9}},"type":"if","locations":[{"start":{"line":18,"column":8},"end":{"line":21,"column":9}}]},"3":{"loc":{"start":{"line":22,"column":8},"end":{"line":25,"column":9}},"type":"if","locations":[{"start":{"line":22,"column":8},"end":{"line":25,"column":9}}]},"4":{"loc":{"start":{"line":22,"column":12},"end":{"line":22,"column":44}},"type":"binary-expr","locations":[{"start":{"line":22,"column":12},"end":{"line":22,"column":26}},{"start":{"line":22,"column":30},"end":{"line":22,"column":44}}]},"5":{"loc":{"start":{"line":26,"column":8},"end":{"line":29,"column":9}},"type":"if","locations":[{"start":{"line":26,"column":8},"end":{"line":29,"column":9}}]},"6":{"loc":{"start":{"line":26,"column":12},"end":{"line":26,"column":58}},"type":"binary-expr","locations":[{"start":{"line":26,"column":12},"end":{"line":26,"column":33}},{"start":{"line":26,"column":37},"end":{"line":26,"column":58}}]},"7":{"loc":{"start":{"line":34,"column":23},"end":{"line":34,"column":35}},"type":"cond-expr","locations":[{"start":{"line":34,"column":31},"end":{"line":34,"column":33}},{"start":{"line":34,"column":31},"end":{"line":34,"column":35}}]},"8":{"loc":{"start":{"line":34,"column":23},"end":{"line":34,"column":33}},"type":"binary-expr","locations":[{"start":{"line":34,"column":23},"end":{"line":34,"column":33}},{"start":{"line":34,"column":31},"end":{"line":34,"column":33}}]},"9":{"loc":{"start":{"line":35,"column":8},"end":{"line":38,"column":9}},"type":"if","locations":[{"start":{"line":35,"column":8},"end":{"line":38,"column":9}}]},"10":{"loc":{"start":{"line":44,"column":19},"end":{"line":44,"column":31}},"type":"cond-expr","locations":[{"start":{"line":44,"column":27},"end":{"line":44,"column":29}},{"start":{"line":44,"column":27},"end":{"line":44,"column":31}}]},"11":{"loc":{"start":{"line":44,"column":19},"end":{"line":44,"column":29}},"type":"binary-expr","locations":[{"start":{"line":44,"column":19},"end":{"line":44,"column":29}},{"start":{"line":44,"column":27},"end":{"line":44,"column":29}}]},"12":{"loc":{"start":{"line":45,"column":8},"end":{"line":48,"column":9}},"type":"if","locations":[{"start":{"line":45,"column":8},"end":{"line":48,"column":9}}]},"13":{"loc":{"start":{"line":50,"column":8},"end":{"line":53,"column":9}},"type":"if","locations":[{"start":{"line":50,"column":8},"end":{"line":53,"column":9}}]},"14":{"loc":{"start":{"line":54,"column":8},"end":{"line":57,"column":9}},"type":"if","locations":[{"start":{"line":54,"column":8},"end":{"line":57,"column":9}}]},"15":{"loc":{"start":{"line":54,"column":12},"end":{"line":54,"column":58}},"type":"binary-expr","locations":[{"start":{"line":54,"column":12},"end":{"line":54,"column":33}},{"start":{"line":54,"column":37},"end":{"line":54,"column":58}}]},"16":{"loc":{"start":{"line":63,"column":19},"end":{"line":63,"column":31}},"type":"cond-expr","locations":[{"start":{"line":63,"column":27},"end":{"line":63,"column":29}},{"start":{"line":63,"column":27},"end":{"line":63,"column":31}}]},"17":{"loc":{"start":{"line":63,"column":19},"end":{"line":63,"column":29}},"type":"binary-expr","locations":[{"start":{"line":63,"column":19},"end":{"line":63,"column":29}},{"start":{"line":63,"column":27},"end":{"line":63,"column":29}}]},"18":{"loc":{"start":{"line":64,"column":8},"end":{"line":67,"column":9}},"type":"if","locations":[{"start":{"line":64,"column":8},"end":{"line":67,"column":9}}]},"19":{"loc":{"start":{"line":68,"column":8},"end":{"line":71,"column":9}},"type":"if","locations":[{"start":{"line":68,"column":8},"end":{"line":71,"column":9}}]},"20":{"loc":{"start":{"line":68,"column":12},"end":{"line":68,"column":47}},"type":"binary-expr","locations":[{"start":{"line":68,"column":12},"end":{"line":68,"column":27}},{"start":{"line":68,"column":31},"end":{"line":68,"column":47}}]},"21":{"loc":{"start":{"line":73,"column":8},"end":{"line":77,"column":9}},"type":"if","locations":[{"start":{"line":73,"column":8},"end":{"line":77,"column":9}},{"start":{"line":75,"column":15},"end":{"line":77,"column":9}}]},"22":{"loc":{"start":{"line":82,"column":19},"end":{"line":82,"column":31}},"type":"cond-expr","locations":[{"start":{"line":82,"column":27},"end":{"line":82,"column":29}},{"start":{"line":82,"column":27},"end":{"line":82,"column":31}}]},"23":{"loc":{"start":{"line":82,"column":19},"end":{"line":82,"column":29}},"type":"binary-expr","locations":[{"start":{"line":82,"column":19},"end":{"line":82,"column":29}},{"start":{"line":82,"column":27},"end":{"line":82,"column":29}}]},"24":{"loc":{"start":{"line":83,"column":8},"end":{"line":86,"column":9}},"type":"if","locations":[{"start":{"line":83,"column":8},"end":{"line":86,"column":9}}]},"25":{"loc":{"start":{"line":88,"column":8},"end":{"line":91,"column":9}},"type":"if","locations":[{"start":{"line":88,"column":8},"end":{"line":91,"column":9}}]},"26":{"loc":{"start":{"line":92,"column":8},"end":{"line":95,"column":9}},"type":"if","locations":[{"start":{"line":92,"column":8},"end":{"line":95,"column":9}}]},"27":{"loc":{"start":{"line":101,"column":19},"end":{"line":101,"column":31}},"type":"cond-expr","locations":[{"start":{"line":101,"column":27},"end":{"line":101,"column":29}},{"start":{"line":101,"column":27},"end":{"line":101,"column":31}}]},"28":{"loc":{"start":{"line":101,"column":19},"end":{"line":101,"column":29}},"type":"binary-expr","locations":[{"start":{"line":101,"column":19},"end":{"line":101,"column":29}},{"start":{"line":101,"column":27},"end":{"line":101,"column":29}}]},"29":{"loc":{"start":{"line":102,"column":8},"end":{"line":105,"column":9}},"type":"if","locations":[{"start":{"line":102,"column":8},"end":{"line":105,"column":9}}]},"30":{"loc":{"start":{"line":107,"column":8},"end":{"line":110,"column":9}},"type":"if","locations":[{"start":{"line":107,"column":8},"end":{"line":110,"column":9}}]},"31":{"loc":{"start":{"line":111,"column":8},"end":{"line":114,"column":9}},"type":"if","locations":[{"start":{"line":111,"column":8},"end":{"line":114,"column":9}}]},"32":{"loc":{"start":{"line":111,"column":12},"end":{"line":111,"column":58}},"type":"binary-expr","locations":[{"start":{"line":111,"column":12},"end":{"line":111,"column":33}},{"start":{"line":111,"column":37},"end":{"line":111,"column":58}}]}},"s":{"0":2,"1":2,"2":2,"3":3,"4":35,"5":35,"6":35,"7":35,"8":1,"9":1,"10":34,"11":1,"12":1,"13":33,"14":1,"15":1,"16":32,"17":3,"18":3,"19":3,"20":3,"21":1,"22":1,"23":2,"24":3,"25":5,"26":5,"27":5,"28":5,"29":1,"30":1,"31":4,"32":4,"33":1,"34":1,"35":3,"36":1,"37":1,"38":2,"39":3,"40":11,"41":11,"42":11,"43":11,"44":1,"45":1,"46":10,"47":1,"48":1,"49":9,"50":9,"51":1,"52":8,"53":3,"54":5,"55":5,"56":5,"57":5,"58":1,"59":1,"60":4,"61":4,"62":1,"63":1,"64":3,"65":1,"66":1,"67":2,"68":3,"69":5,"70":5,"71":5,"72":5,"73":1,"74":1,"75":4,"76":4,"77":1,"78":1,"79":3,"80":1,"81":1,"82":2,"83":3,"84":2},"f":{"0":3,"1":35,"2":35,"3":3,"4":3,"5":5,"6":5,"7":11,"8":11,"9":5,"10":5,"11":5,"12":5},"b":{"0":[1,34],"1":[35,35],"2":[1],"3":[1],"4":[34,34],"5":[1],"6":[33,21],"7":[1,2],"8":[3,3],"9":[1],"10":[1,4],"11":[5,5],"12":[1],"13":[1],"14":[1],"15":[3,2],"16":[1,10],"17":[11,11],"18":[1],"19":[1],"20":[10,9],"21":[1,8],"22":[1,4],"23":[5,5],"24":[1],"25":[1],"26":[1],"27":[1,4],"28":[5,5],"29":[1],"30":[1],"31":[1],"32":[3,2]}}
,"C:\\Users\\rumbi\\Desktop\\Tomato\\backend\\controllers\\PostController.ts": {"path":"C:\\Users\\rumbi\\Desktop\\Tomato\\backend\\controllers\\PostController.ts","statementMap":{"0":{"start":{"line":1,"column":0},"end":{"line":1,"column":53}},"1":{"start":{"line":3,"column":0},"end":{"line":3,"column":63}},"2":{"start":{"line":4,"column":0},"end":{"line":4,"column":47}},"3":{"start":{"line":19,"column":4},"end":{"line":28,"column":null}},"4":{"start":{"line":19,"column":68},"end":{"line":28,"column":null}},"5":{"start":{"line":20,"column":21},"end":{"line":20,"column":29}},"6":{"start":{"line":21,"column":8},"end":{"line":21,"column":34}},"7":{"start":{"line":22,"column":8},"end":{"line":25,"column":12}},"8":{"start":{"line":22,"column":81},"end":{"line":25,"column":10}},"9":{"start":{"line":27,"column":8},"end":{"line":27,"column":null}},"10":{"start":{"line":30,"column":4},"end":{"line":48,"column":6}},"11":{"start":{"line":30,"column":58},"end":{"line":48,"column":6}},"12":{"start":{"line":31,"column":8},"end":{"line":47,"column":9}},"13":{"start":{"line":32,"column":85},"end":{"line":32,"column":108}},"14":{"start":{"line":35,"column":12},"end":{"line":40,"column":15}},"15":{"start":{"line":43,"column":12},"end":{"line":46,"column":13}},"16":{"start":{"line":44,"column":16},"end":{"line":44,"column":null}},"17":{"start":{"line":45,"column":16},"end":{"line":45,"column":82}},"18":{"start":{"line":51,"column":4},"end":{"line":77,"column":null}},"19":{"start":{"line":51,"column":82},"end":{"line":77,"column":null}},"20":{"start":{"line":52,"column":8},"end":{"line":74,"column":9}},"21":{"start":{"line":53,"column":79},"end":{"line":53,"column":88}},"22":{"start":{"line":56,"column":35},"end":{"line":56,"column":90}},"23":{"start":{"line":57,"column":33},"end":{"line":57,"column":84}},"24":{"start":{"line":58,"column":36},"end":{"line":58,"column":93}},"25":{"start":{"line":59,"column":34},"end":{"line":59,"column":87}},"26":{"start":{"line":61,"column":39},"end":{"line":61,"column":61}},"27":{"start":{"line":63,"column":27},"end":{"line":63,"column":38}},"28":{"start":{"line":64,"column":12},"end":{"line":66,"column":null}},"29":{"start":{"line":70,"column":12},"end":{"line":73,"column":13}},"30":{"start":{"line":71,"column":16},"end":{"line":71,"column":null}},"31":{"start":{"line":72,"column":16},"end":{"line":72,"column":82}},"32":{"start":{"line":79,"column":4},"end":{"line":86,"column":null}},"33":{"start":{"line":79,"column":56},"end":{"line":86,"column":null}},"34":{"start":{"line":80,"column":23},"end":{"line":80,"column":36}},"35":{"start":{"line":81,"column":27},"end":{"line":83,"column":10}},"36":{"start":{"line":85,"column":8},"end":{"line":85,"column":31}},"37":{"start":{"line":88,"column":4},"end":{"line":93,"column":null}},"38":{"start":{"line":88,"column":68},"end":{"line":93,"column":null}},"39":{"start":{"line":89,"column":23},"end":{"line":89,"column":36}},"40":{"start":{"line":90,"column":28},"end":{"line":90,"column":36}},"41":{"start":{"line":91,"column":8},"end":{"line":91,"column":null}},"42":{"start":{"line":92,"column":8},"end":{"line":92,"column":null}},"43":{"start":{"line":95,"column":4},"end":{"line":111,"column":null}},"44":{"start":{"line":95,"column":68},"end":{"line":111,"column":null}},"45":{"start":{"line":96,"column":23},"end":{"line":96,"column":36}},"46":{"start":{"line":99,"column":23},"end":{"line":99,"column":34}},"47":{"start":{"line":100,"column":21},"end":{"line":100,"column":53}},"48":{"start":{"line":101,"column":8},"end":{"line":110,"column":9}},"49":{"start":{"line":102,"column":12},"end":{"line":102,"column":null}},"50":{"start":{"line":104,"column":12},"end":{"line":109,"column":12}},"51":{"start":{"line":105,"column":16},"end":{"line":105,"column":null}},"52":{"start":{"line":108,"column":16},"end":{"line":108,"column":null}},"53":{"start":{"line":16,"column":8},"end":{"line":16,"column":45}},"54":{"start":{"line":12,"column":0},"end":{"line":12,"column":13}},"55":{"start":{"line":118,"column":57},"end":{"line":118,"column":66}},"56":{"start":{"line":121,"column":27},"end":{"line":121,"column":82}},"57":{"start":{"line":122,"column":25},"end":{"line":122,"column":76}},"58":{"start":{"line":123,"column":28},"end":{"line":123,"column":85}},"59":{"start":{"line":124,"column":26},"end":{"line":124,"column":79}},"60":{"start":{"line":126,"column":4},"end":{"line":131,"column":null}}},"fnMap":{"0":{"name":"(anonymous_8)","decl":{"start":{"line":15,"column":4},"end":{"line":15,"column":null}},"loc":{"start":{"line":15,"column":4},"end":{"line":17,"column":5}}},"1":{"name":"(anonymous_9)","decl":{"start":{"line":19,"column":17},"end":{"line":19,"column":24}},"loc":{"start":{"line":19,"column":68},"end":{"line":28,"column":null}}},"2":{"name":"(anonymous_10)","decl":{"start":{"line":19,"column":68},"end":{"line":19,"column":null}},"loc":{"start":{"line":19,"column":68},"end":{"line":28,"column":5}}},"3":{"name":"(anonymous_11)","decl":{"start":{"line":22,"column":52},"end":{"line":22,"column":53}},"loc":{"start":{"line":22,"column":81},"end":{"line":25,"column":10}}},"4":{"name":"(anonymous_12)","decl":{"start":{"line":30,"column":20},"end":{"line":30,"column":27}},"loc":{"start":{"line":30,"column":58},"end":{"line":48,"column":6}}},"5":{"name":"(anonymous_13)","decl":{"start":{"line":30,"column":58},"end":{"line":30,"column":null}},"loc":{"start":{"line":30,"column":58},"end":{"line":48,"column":5}}},"6":{"name":"(anonymous_14)","decl":{"start":{"line":51,"column":31},"end":{"line":51,"column":38}},"loc":{"start":{"line":51,"column":82},"end":{"line":77,"column":null}}},"7":{"name":"(anonymous_15)","decl":{"start":{"line":51,"column":82},"end":{"line":51,"column":null}},"loc":{"start":{"line":51,"column":82},"end":{"line":77,"column":5}}},"8":{"name":"(anonymous_16)","decl":{"start":{"line":79,"column":18},"end":{"line":79,"column":25}},"loc":{"start":{"line":79,"column":56},"end":{"line":86,"column":null}}},"9":{"name":"(anonymous_17)","decl":{"start":{"line":79,"column":56},"end":{"line":79,"column":null}},"loc":{"start":{"line":79,"column":56},"end":{"line":86,"column":5}}},"10":{"name":"(anonymous_18)","decl":{"start":{"line":88,"column":17},"end":{"line":88,"column":24}},"loc":{"start":{"line":88,"column":68},"end":{"line":93,"column":null}}},"11":{"name":"(anonymous_19)","decl":{"start":{"line":88,"column":68},"end":{"line":88,"column":null}},"loc":{"start":{"line":88,"column":68},"end":{"line":93,"column":5}}},"12":{"name":"(anonymous_20)","decl":{"start":{"line":95,"column":17},"end":{"line":95,"column":24}},"loc":{"start":{"line":95,"column":68},"end":{"line":111,"column":null}}},"13":{"name":"(anonymous_21)","decl":{"start":{"line":95,"column":68},"end":{"line":95,"column":null}},"loc":{"start":{"line":95,"column":68},"end":{"line":111,"column":5}}},"14":{"name":"parseLocationParam","decl":{"start":{"line":117,"column":9},"end":{"line":117,"column":27}},"loc":{"start":{"line":117,"column":40},"end":{"line":133,"column":1}}}},"branchMap":{"0":{"loc":{"start":{"line":43,"column":12},"end":{"line":46,"column":13}},"type":"if","locations":[{"start":{"line":43,"column":12},"end":{"line":46,"column":13}}]},"1":{"loc":{"start":{"line":56,"column":35},"end":{"line":56,"column":90}},"type":"cond-expr","locations":[{"start":{"line":56,"column":47},"end":{"line":56,"column":78}},{"start":{"line":56,"column":81},"end":{"line":56,"column":90}}]},"2":{"loc":{"start":{"line":57,"column":33},"end":{"line":57,"column":84}},"type":"cond-expr","locations":[{"start":{"line":57,"column":43},"end":{"line":57,"column":72}},{"start":{"line":57,"column":75},"end":{"line":57,"column":84}}]},"3":{"loc":{"start":{"line":58,"column":36},"end":{"line":58,"column":93}},"type":"cond-expr","locations":[{"start":{"line":58,"column":49},"end":{"line":58,"column":81}},{"start":{"line":58,"column":84},"end":{"line":58,"column":93}}]},"4":{"loc":{"start":{"line":59,"column":34},"end":{"line":59,"column":87}},"type":"cond-expr","locations":[{"start":{"line":59,"column":45},"end":{"line":59,"column":75}},{"start":{"line":59,"column":78},"end":{"line":59,"column":87}}]},"5":{"loc":{"start":{"line":70,"column":12},"end":{"line":73,"column":13}},"type":"if","locations":[{"start":{"line":70,"column":12},"end":{"line":73,"column":13}}]},"6":{"loc":{"start":{"line":101,"column":8},"end":{"line":110,"column":9}},"type":"if","locations":[{"start":{"line":101,"column":8},"end":{"line":110,"column":9}},{"start":{"line":103,"column":15},"end":{"line":110,"column":9}}]},"7":{"loc":{"start":{"line":104,"column":12},"end":{"line":109,"column":12}},"type":"if","locations":[{"start":{"line":104,"column":12},"end":{"line":109,"column":12}},{"start":{"line":107,"column":16},"end":{"line":109,"column":12}}]},"8":{"loc":{"start":{"line":121,"column":27},"end":{"line":121,"column":82}},"type":"cond-expr","locations":[{"start":{"line":121,"column":39},"end":{"line":121,"column":70}},{"start":{"line":121,"column":73},"end":{"line":121,"column":82}}]},"9":{"loc":{"start":{"line":122,"column":25},"end":{"line":122,"column":76}},"type":"cond-expr","locations":[{"start":{"line":122,"column":35},"end":{"line":122,"column":64}},{"start":{"line":122,"column":67},"end":{"line":122,"column":76}}]},"10":{"loc":{"start":{"line":123,"column":28},"end":{"line":123,"column":85}},"type":"cond-expr","locations":[{"start":{"line":123,"column":41},"end":{"line":123,"column":73}},{"start":{"line":123,"column":76},"end":{"line":123,"column":85}}]},"11":{"loc":{"start":{"line":124,"column":26},"end":{"line":124,"column":79}},"type":"cond-expr","locations":[{"start":{"line":124,"column":37},"end":{"line":124,"column":67}},{"start":{"line":124,"column":70},"end":{"line":124,"column":79}}]}},"s":{"0":4,"1":4,"2":4,"3":4,"4":243,"5":243,"6":243,"7":243,"8":486,"9":243,"10":4,"11":4,"12":4,"13":4,"14":4,"15":1,"16":1,"17":1,"18":4,"19":6,"20":6,"21":6,"22":6,"23":6,"24":6,"25":6,"26":6,"27":6,"28":6,"29":1,"30":1,"31":1,"32":4,"33":2,"34":2,"35":2,"36":2,"37":4,"38":2,"39":2,"40":2,"41":2,"42":2,"43":4,"44":4,"45":4,"46":4,"47":4,"48":4,"49":1,"50":3,"51":1,"52":2,"53":4,"54":4,"55":4,"56":4,"57":4,"58":4,"59":4,"60":4},"f":{"0":4,"1":243,"2":243,"3":486,"4":4,"5":4,"6":6,"7":6,"8":2,"9":2,"10":2,"11":2,"12":4,"13":4,"14":4},"b":{"0":[1],"1":[4,2],"2":[3,3],"3":[3,3],"4":[3,3],"5":[1],"6":[1,3],"7":[1,2],"8":[3,1],"9":[2,2],"10":[2,2],"11":[2,2]}}
,"C:\\Users\\rumbi\\Desktop\\Tomato\\backend\\controllers\\RecommendationController.ts": {"path":"C:\\Users\\rumbi\\Desktop\\Tomato\\backend\\controllers\\RecommendationController.ts","statementMap":{"0":{"start":{"line":2,"column":0},"end":{"line":2,"column":59}},"1":{"start":{"line":13,"column":4},"end":{"line":96,"column":null}},"2":{"start":{"line":13,"column":75},"end":{"line":96,"column":null}},"3":{"start":{"line":14,"column":23},"end":{"line":14,"column":35}},"4":{"start":{"line":15,"column":8},"end":{"line":18,"column":9}},"5":{"start":{"line":16,"column":12},"end":{"line":16,"column":null}},"6":{"start":{"line":17,"column":12},"end":{"line":17,"column":19}},"7":{"start":{"line":19,"column":20},"end":{"line":19,"column":100}},"8":{"start":{"line":20,"column":22},"end":{"line":20,"column":70}},"9":{"start":{"line":21,"column":44},"end":{"line":21,"column":46}},"10":{"start":{"line":22,"column":37},"end":{"line":22,"column":39}},"11":{"start":{"line":24,"column":8},"end":{"line":38,"column":9}},"12":{"start":{"line":25,"column":12},"end":{"line":37,"column":13}},"13":{"start":{"line":26,"column":35},"end":{"line":26,"column":58}},"14":{"start":{"line":27,"column":36},"end":{"line":27,"column":60}},"15":{"start":{"line":28,"column":42},"end":{"line":28,"column":100}},"16":{"start":{"line":29,"column":16},"end":{"line":29,"column":null}},"17":{"start":{"line":31,"column":16},"end":{"line":36,"column":17}},"18":{"start":{"line":32,"column":20},"end":{"line":35,"column":null}},"19":{"start":{"line":33,"column":24},"end":{"line":34,"column":null}},"20":{"start":{"line":34,"column":28},"end":{"line":34,"column":null}},"21":{"start":{"line":39,"column":42},"end":{"line":39,"column":44}},"22":{"start":{"line":40,"column":8},"end":{"line":40,"column":null}},"23":{"start":{"line":41,"column":8},"end":{"line":70,"column":9}},"24":{"start":{"line":42,"column":12},"end":{"line":55,"column":13}},"25":{"start":{"line":42,"column":25},"end":{"line":42,"column":26}},"26":{"start":{"line":43,"column":37},"end":{"line":43,"column":61}},"27":{"start":{"line":44,"column":43},"end":{"line":44,"column":108}},"28":{"start":{"line":45,"column":16},"end":{"line":51,"column":17}},"29":{"start":{"line":46,"column":20},"end":{"line":50,"column":null}},"30":{"start":{"line":47,"column":24},"end":{"line":49,"column":25}},"31":{"start":{"line":48,"column":28},"end":{"line":48,"column":null}},"32":{"start":{"line":54,"column":16},"end":{"line":54,"column":null}},"33":{"start":{"line":58,"column":31},"end":{"line":58,"column":68}},"34":{"start":{"line":59,"column":12},"end":{"line":61,"column":13}},"35":{"start":{"line":60,"column":16},"end":{"line":60,"column":38}},"36":{"start":{"line":62,"column":12},"end":{"line":69,"column":null}},"37":{"start":{"line":63,"column":36},"end":{"line":63,"column":63}},"38":{"start":{"line":64,"column":37},"end":{"line":64,"column":65}},"39":{"start":{"line":65,"column":35},"end":{"line":65,"column":80}},"40":{"start":{"line":66,"column":16},"end":{"line":68,"column":17}},"41":{"start":{"line":67,"column":20},"end":{"line":67,"column":null}},"42":{"start":{"line":72,"column":26},"end":{"line":72,"column":28}},"43":{"start":{"line":73,"column":8},"end":{"line":73,"column":null}},"44":{"start":{"line":75,"column":8},"end":{"line":79,"column":9}},"45":{"start":{"line":76,"column":38},"end":{"line":76,"column":65}},"46":{"start":{"line":77,"column":12},"end":{"line":77,"column":null}},"47":{"start":{"line":78,"column":12},"end":{"line":78,"column":null}},"48":{"start":{"line":81,"column":34},"end":{"line":81,"column":36}},"49":{"start":{"line":82,"column":8},"end":{"line":93,"column":9}},"50":{"start":{"line":82,"column":20},"end":{"line":82,"column":21}},"51":{"start":{"line":83,"column":33},"end":{"line":83,"column":47}},"52":{"start":{"line":84,"column":12},"end":{"line":86,"column":13}},"53":{"start":{"line":85,"column":16},"end":{"line":85,"column":22}},"54":{"start":{"line":87,"column":31},"end":{"line":87,"column":85}},"55":{"start":{"line":88,"column":32},"end":{"line":88,"column":86}},"56":{"start":{"line":89,"column":33},"end":{"line":89,"column":102}},"57":{"start":{"line":90,"column":12},"end":{"line":92,"column":13}},"58":{"start":{"line":91,"column":16},"end":{"line":91,"column":null}},"59":{"start":{"line":94,"column":8},"end":{"line":94,"column":null}},"60":{"start":{"line":95,"column":8},"end":{"line":95,"column":null}},"61":{"start":{"line":10,"column":8},"end":{"line":10,"column":45}},"62":{"start":{"line":99,"column":8},"end":{"line":102,"column":16}},"63":{"start":{"line":100,"column":14},"end":{"line":101,"column":43}},"64":{"start":{"line":100,"column":30},"end":{"line":100,"column":35}},"65":{"start":{"line":101,"column":30},"end":{"line":101,"column":35}},"66":{"start":{"line":106,"column":8},"end":{"line":108,"column":9}},"67":{"start":{"line":107,"column":12},"end":{"line":107,"column":22}},"68":{"start":{"line":110,"column":8},"end":{"line":111,"column":34}},"69":{"start":{"line":111,"column":22},"end":{"line":111,"column":32}},"70":{"start":{"line":5,"column":0},"end":{"line":5,"column":13}}},"fnMap":{"0":{"name":"(anonymous_7)","decl":{"start":{"line":9,"column":4},"end":{"line":9,"column":null}},"loc":{"start":{"line":9,"column":4},"end":{"line":11,"column":5}}},"1":{"name":"(anonymous_8)","decl":{"start":{"line":13,"column":24},"end":{"line":13,"column":31}},"loc":{"start":{"line":13,"column":75},"end":{"line":96,"column":null}}},"2":{"name":"(anonymous_9)","decl":{"start":{"line":13,"column":75},"end":{"line":13,"column":null}},"loc":{"start":{"line":13,"column":75},"end":{"line":96,"column":5}}},"3":{"name":"(anonymous_10)","decl":{"start":{"line":32,"column":46},"end":{"line":32,"column":55}},"loc":{"start":{"line":32,"column":58},"end":{"line":35,"column":21}}},"4":{"name":"(anonymous_11)","decl":{"start":{"line":46,"column":47},"end":{"line":46,"column":55}},"loc":{"start":{"line":46,"column":58},"end":{"line":50,"column":21}}},"5":{"name":"(anonymous_12)","decl":{"start":{"line":62,"column":31},"end":{"line":62,"column":39}},"loc":{"start":{"line":62,"column":42},"end":{"line":69,"column":13}}},"6":{"name":"(anonymous_13)","decl":{"start":{"line":98,"column":4},"end":{"line":98,"column":8}},"loc":{"start":{"line":98,"column":23},"end":{"line":103,"column":5}}},"7":{"name":"(anonymous_14)","decl":{"start":{"line":99,"column":24},"end":{"line":99,"column":25}},"loc":{"start":{"line":100,"column":14},"end":{"line":101,"column":43}}},"8":{"name":"(anonymous_15)","decl":{"start":{"line":100,"column":25},"end":{"line":100,"column":26}},"loc":{"start":{"line":100,"column":30},"end":{"line":100,"column":35}}},"9":{"name":"(anonymous_16)","decl":{"start":{"line":101,"column":25},"end":{"line":101,"column":26}},"loc":{"start":{"line":101,"column":30},"end":{"line":101,"column":35}}},"10":{"name":"(anonymous_17)","decl":{"start":{"line":105,"column":4},"end":{"line":105,"column":20}},"loc":{"start":{"line":105,"column":45},"end":{"line":112,"column":5}}},"11":{"name":"(anonymous_18)","decl":{"start":{"line":111,"column":12},"end":{"line":111,"column":13}},"loc":{"start":{"line":111,"column":22},"end":{"line":111,"column":32}}}},"branchMap":{"0":{"loc":{"start":{"line":14,"column":23},"end":{"line":14,"column":35}},"type":"cond-expr","locations":[{"start":{"line":14,"column":31},"end":{"line":14,"column":33}},{"start":{"line":14,"column":31},"end":{"line":14,"column":35}}]},"1":{"loc":{"start":{"line":14,"column":23},"end":{"line":14,"column":33}},"type":"binary-expr","locations":[{"start":{"line":14,"column":23},"end":{"line":14,"column":33}},{"start":{"line":14,"column":31},"end":{"line":14,"column":33}}]},"2":{"loc":{"start":{"line":15,"column":8},"end":{"line":18,"column":9}},"type":"if","locations":[{"start":{"line":15,"column":8},"end":{"line":18,"column":9}}]},"3":{"loc":{"start":{"line":19,"column":20},"end":{"line":19,"column":100}},"type":"cond-expr","locations":[{"start":{"line":19,"column":53},"end":{"line":19,"column":95}},{"start":{"line":19,"column":98},"end":{"line":19,"column":100}}]},"4":{"loc":{"start":{"line":24,"column":8},"end":{"line":38,"column":9}},"type":"if","locations":[{"start":{"line":24,"column":8},"end":{"line":38,"column":9}}]},"5":{"loc":{"start":{"line":31,"column":16},"end":{"line":36,"column":17}},"type":"if","locations":[{"start":{"line":31,"column":16},"end":{"line":36,"column":17}}]},"6":{"loc":{"start":{"line":33,"column":24},"end":{"line":34,"column":null}},"type":"if","locations":[{"start":{"line":33,"column":24},"end":{"line":34,"column":null}}]},"7":{"loc":{"start":{"line":41,"column":8},"end":{"line":70,"column":9}},"type":"if","locations":[{"start":{"line":41,"column":8},"end":{"line":70,"column":9}},{"start":{"line":57,"column":13},"end":{"line":70,"column":9}}]},"8":{"loc":{"start":{"line":42,"column":28},"end":{"line":42,"column":61}},"type":"binary-expr","locations":[{"start":{"line":42,"column":28},"end":{"line":42,"column":33}},{"start":{"line":42,"column":37},"end":{"line":42,"column":61}}]},"9":{"loc":{"start":{"line":45,"column":16},"end":{"line":51,"column":17}},"type":"if","locations":[{"start":{"line":45,"column":16},"end":{"line":51,"column":17}}]},"10":{"loc":{"start":{"line":47,"column":24},"end":{"line":49,"column":25}},"type":"if","locations":[{"start":{"line":47,"column":24},"end":{"line":49,"column":25}}]},"11":{"loc":{"start":{"line":59,"column":12},"end":{"line":61,"column":13}},"type":"if","locations":[{"start":{"line":59,"column":12},"end":{"line":61,"column":13}}]},"12":{"loc":{"start":{"line":59,"column":16},"end":{"line":59,"column":53}},"type":"binary-expr","locations":[{"start":{"line":59,"column":16},"end":{"line":59,"column":27}},{"start":{"line":59,"column":31},"end":{"line":59,"column":53}}]},"13":{"loc":{"start":{"line":66,"column":16},"end":{"line":68,"column":17}},"type":"if","locations":[{"start":{"line":66,"column":16},"end":{"line":68,"column":17}}]},"14":{"loc":{"start":{"line":75,"column":15},"end":{"line":75,"column":71}},"type":"binary-expr","locations":[{"start":{"line":75,"column":15},"end":{"line":75,"column":42}},{"start":{"line":75,"column":46},"end":{"line":75,"column":71}}]},"15":{"loc":{"start":{"line":84,"column":12},"end":{"line":86,"column":13}},"type":"if","locations":[{"start":{"line":84,"column":12},"end":{"line":86,"column":13}}]},"16":{"loc":{"start":{"line":106,"column":8},"end":{"line":108,"column":9}},"type":"if","locations":[{"start":{"line":106,"column":8},"end":{"line":108,"column":9}}]}},"s":{"0":1,"1":2,"2":9,"3":9,"4":9,"5":1,"6":1,"7":8,"8":8,"9":8,"10":8,"11":8,"12":8,"13":30,"14":30,"15":30,"16":30,"17":30,"18":30,"19":66,"20":36,"21":8,"22":8,"23":8,"24":4,"25":4,"26":12,"27":12,"28":12,"29":12,"30":260,"31":129,"32":12,"33":4,"34":4,"35":1,"36":3,"37":78,"38":78,"39":78,"40":78,"41":72,"42":7,"43":7,"44":7,"45":39,"46":39,"47":39,"48":7,"49":7,"50":7,"51":34,"52":34,"53":1,"54":33,"55":33,"56":33,"57":33,"58":67,"59":7,"60":7,"61":2,"62":51,"63":1236,"64":33010,"65":33010,"66":51,"67":2,"68":49,"69":656,"70":1},"f":{"0":2,"1":9,"2":9,"3":66,"4":260,"5":78,"6":51,"7":1236,"8":33010,"9":33010,"10":51,"11":656},"b":{"0":[1,8],"1":[9,9],"2":[1],"3":[6,2],"4":[8],"5":[30],"6":[36],"7":[4,4],"8":[16,12],"9":[12],"10":[129],"11":[1],"12":[4,4],"13":[72],"14":[46,41],"15":[1],"16":[2]}}
,"C:\\Users\\rumbi\\Desktop\\Tomato\\backend\\controllers\\UserController.ts": {"path":"C:\\Users\\rumbi\\Desktop\\Tomato\\backend\\controllers\\UserController.ts","statementMap":{"0":{"start":{"line":1,"column":0},"end":{"line":1,"column":53}},"1":{"start":{"line":3,"column":0},"end":{"line":3,"column":51}},"2":{"start":{"line":5,"column":17},"end":{"line":5,"column":42}},"3":{"start":{"line":6,"column":15},"end":{"line":6,"column":41}},"4":{"start":{"line":12,"column":8},"end":{"line":12,"column":45}},"5":{"start":{"line":13,"column":8},"end":{"line":13,"column":69}},"6":{"start":{"line":14,"column":8},"end":{"line":14,"column":null}},"7":{"start":{"line":18,"column":23},"end":{"line":18,"column":36}},"8":{"start":{"line":19,"column":8},"end":{"line":19,"column":76}},"9":{"start":{"line":23,"column":8},"end":{"line":37,"column":9}},"10":{"start":{"line":24,"column":52},"end":{"line":24,"column":68}},"11":{"start":{"line":26,"column":12},"end":{"line":28,"column":13}},"12":{"start":{"line":27,"column":16},"end":{"line":27,"column":76}},"13":{"start":{"line":30,"column":27},"end":{"line":30,"column":94}},"14":{"start":{"line":31,"column":12},"end":{"line":31,"column":null}},"15":{"start":{"line":35,"column":12},"end":{"line":35,"column":null}},"16":{"start":{"line":36,"column":12},"end":{"line":36,"column":null}},"17":{"start":{"line":8,"column":0},"end":{"line":8,"column":13}}},"fnMap":{"0":{"name":"(anonymous_7)","decl":{"start":{"line":11,"column":4},"end":{"line":11,"column":null}},"loc":{"start":{"line":11,"column":4},"end":{"line":15,"column":5}}},"1":{"name":"(anonymous_8)","decl":{"start":{"line":17,"column":10},"end":{"line":17,"column":17}},"loc":{"start":{"line":17,"column":45},"end":{"line":20,"column":null}}},"2":{"name":"(anonymous_10)","decl":{"start":{"line":22,"column":10},"end":{"line":22,"column":28}},"loc":{"start":{"line":22,"column":56},"end":{"line":38,"column":null}}}},"branchMap":{"0":{"loc":{"start":{"line":26,"column":12},"end":{"line":28,"column":13}},"type":"if","locations":[{"start":{"line":26,"column":12},"end":{"line":28,"column":13}}]},"1":{"loc":{"start":{"line":26,"column":15},"end":{"line":26,"column":45}},"type":"binary-expr","locations":[{"start":{"line":26,"column":15},"end":{"line":26,"column":27}},{"start":{"line":26,"column":31},"end":{"line":26,"column":45}}]}},"s":{"0":3,"1":3,"2":3,"3":3,"4":4,"5":4,"6":4,"7":4,"8":4,"9":4,"10":4,"11":4,"12":1,"13":3,"14":2,"15":1,"16":1,"17":3},"f":{"0":4,"1":4,"2":4},"b":{"0":[1],"1":[4,3]}}
,"C:\\Users\\rumbi\\Desktop\\Tomato\\backend\\errors\\customError.ts": {"path":"C:\\Users\\rumbi\\Desktop\\Tomato\\backend\\errors\\customError.ts","statementMap":{"0":{"start":{"line":6,"column":8},"end":{"line":6,"column":23}},"1":{"start":{"line":7,"column":8},"end":{"line":7,"column":49}},"2":{"start":{"line":11,"column":0},"end":{"line":11,"column":42}}},"fnMap":{"0":{"name":"(anonymous_0)","decl":{"start":{"line":5,"column":4},"end":{"line":5,"column":16}},"loc":{"start":{"line":5,"column":31},"end":{"line":8,"column":5}}}},"branchMap":{},"s":{"0":5,"1":5,"2":4},"f":{"0":5},"b":{}}
,"C:\\Users\\rumbi\\Desktop\\Tomato\\backend\\middleware\\verifyToken.ts": {"path":"C:\\Users\\rumbi\\Desktop\\Tomato\\backend\\middleware\\verifyToken.ts","statementMap":{"0":{"start":{"line":1,"column":0},"end":{"line":1,"column":42}},"1":{"start":{"line":5,"column":20},"end":{"line":27,"column":2}},"2":{"start":{"line":5,"column":78},"end":{"line":27,"column":2}},"3":{"start":{"line":6,"column":18},"end":{"line":6,"column":69}},"4":{"start":{"line":7,"column":23},"end":{"line":7,"column":46}},"5":{"start":{"line":9,"column":4},"end":{"line":13,"column":5}},"6":{"start":{"line":10,"column":8},"end":{"line":10,"column":null}},"7":{"start":{"line":12,"column":8},"end":{"line":12,"column":70}},"8":{"start":{"line":15,"column":4},"end":{"line":17,"column":5}},"9":{"start":{"line":16,"column":8},"end":{"line":16,"column":72}},"10":{"start":{"line":19,"column":4},"end":{"line":26,"column":5}},"11":{"start":{"line":20,"column":24},"end":{"line":20,"column":78}},"12":{"start":{"line":21,"column":9},"end":{"line":21,"column":36}},"13":{"start":{"line":22,"column":8},"end":{"line":22,"column":15}},"14":{"start":{"line":24,"column":8},"end":{"line":24,"column":null}},"15":{"start":{"line":25,"column":8},"end":{"line":25,"column":67}},"16":{"start":{"line":29,"column":0},"end":{"line":29,"column":27}},"17":{"start":{"line":30,"column":0},"end":{"line":30,"column":32}}},"fnMap":{"0":{"name":"(anonymous_8)","decl":{"start":{"line":5,"column":20},"end":{"line":5,"column":27}},"loc":{"start":{"line":5,"column":78},"end":{"line":27,"column":2}}},"1":{"name":"(anonymous_9)","decl":{"start":{"line":5,"column":78},"end":{"line":5,"column":null}},"loc":{"start":{"line":5,"column":78},"end":{"line":27,"column":1}}}},"branchMap":{"0":{"loc":{"start":{"line":6,"column":18},"end":{"line":6,"column":69}},"type":"cond-expr","locations":[{"start":{"line":6,"column":45},"end":{"line":6,"column":47}},{"start":{"line":6,"column":45},"end":{"line":6,"column":69}}]},"1":{"loc":{"start":{"line":6,"column":18},"end":{"line":6,"column":47}},"type":"binary-expr","locations":[{"start":{"line":6,"column":18},"end":{"line":6,"column":47}},{"start":{"line":6,"column":45},"end":{"line":6,"column":47}}]},"2":{"loc":{"start":{"line":9,"column":4},"end":{"line":13,"column":5}},"type":"if","locations":[{"start":{"line":9,"column":4},"end":{"line":13,"column":5}}]},"3":{"loc":{"start":{"line":15,"column":4},"end":{"line":17,"column":5}},"type":"if","locations":[{"start":{"line":15,"column":4},"end":{"line":17,"column":5}}]}},"s":{"0":4,"1":4,"2":37,"3":37,"4":37,"5":37,"6":1,"7":1,"8":36,"9":1,"10":35,"11":35,"12":34,"13":34,"14":1,"15":1,"16":4,"17":4},"f":{"0":37,"1":37},"b":{"0":[1,36],"1":[37,37],"2":[1],"3":[1]}}
,"C:\\Users\\rumbi\\Desktop\\Tomato\\backend\\model\\ChatModel.ts": {"path":"C:\\Users\\rumbi\\Desktop\\Tomato\\backend\\model\\ChatModel.ts","statementMap":{"0":{"start":{"line":1,"column":0},"end":{"line":1,"column":31}},"1":{"start":{"line":3,"column":15},"end":{"line":3,"column":30}},"2":{"start":{"line":5,"column":24},"end":{"line":8,"column":2}},"3":{"start":{"line":10,"column":13},"end":{"line":10,"column":65}}},"fnMap":{},"branchMap":{},"s":{"0":2,"1":2,"2":2,"3":2},"f":{},"b":{}}
,"C:\\Users\\rumbi\\Desktop\\Tomato\\backend\\model\\MessageModel.ts": {"path":"C:\\Users\\rumbi\\Desktop\\Tomato\\backend\\model\\MessageModel.ts","statementMap":{"0":{"start":{"line":1,"column":0},"end":{"line":1,"column":31}},"1":{"start":{"line":3,"column":15},"end":{"line":3,"column":30}},"2":{"start":{"line":5,"column":27},"end":{"line":9,"column":2}},"3":{"start":{"line":11,"column":13},"end":{"line":11,"column":74}}},"fnMap":{},"branchMap":{},"s":{"0":2,"1":2,"2":2,"3":2},"f":{},"b":{}}
,"C:\\Users\\rumbi\\Desktop\\Tomato\\backend\\model\\PostModel.ts": {"path":"C:\\Users\\rumbi\\Desktop\\Tomato\\backend\\model\\PostModel.ts","statementMap":{"0":{"start":{"line":1,"column":0},"end":{"line":1,"column":31}},"1":{"start":{"line":3,"column":15},"end":{"line":3,"column":30}},"2":{"start":{"line":6,"column":24},"end":{"line":17,"column":2}},"3":{"start":{"line":19,"column":13},"end":{"line":19,"column":65}}},"fnMap":{},"branchMap":{},"s":{"0":4,"1":4,"2":4,"3":4},"f":{},"b":{}}
,"C:\\Users\\rumbi\\Desktop\\Tomato\\backend\\model\\UserModel.ts": {"path":"C:\\Users\\rumbi\\Desktop\\Tomato\\backend\\model\\UserModel.ts","statementMap":{"0":{"start":{"line":1,"column":0},"end":{"line":1,"column":31}},"1":{"start":{"line":3,"column":15},"end":{"line":3,"column":30}},"2":{"start":{"line":5,"column":24},"end":{"line":9,"column":2}},"3":{"start":{"line":11,"column":13},"end":{"line":11,"column":65}}},"fnMap":{},"branchMap":{},"s":{"0":3,"1":3,"2":3,"3":3},"f":{},"b":{}}
,"C:\\Users\\rumbi\\Desktop\\Tomato\\backend\\routes\\ChatRoutes.ts": {"path":"C:\\Users\\rumbi\\Desktop\\Tomato\\backend\\routes\\ChatRoutes.ts","statementMap":{"0":{"start":{"line":1,"column":0},"end":{"line":1,"column":63}},"1":{"start":{"line":3,"column":23},"end":{"line":3,"column":43}},"2":{"start":{"line":5,"column":13},"end":{"line":48,"column":null}}},"fnMap":{},"branchMap":{},"s":{"0":1,"1":1,"2":1},"f":{},"b":{}}
,"C:\\Users\\rumbi\\Desktop\\Tomato\\backend\\routes\\PostRoutes.ts": {"path":"C:\\Users\\rumbi\\Desktop\\Tomato\\backend\\routes\\PostRoutes.ts","statementMap":{"0":{"start":{"line":1,"column":0},"end":{"line":1,"column":63}},"1":{"start":{"line":3,"column":23},"end":{"line":3,"column":43}},"2":{"start":{"line":5,"column":13},"end":{"line":46,"column":null}}},"fnMap":{},"branchMap":{},"s":{"0":1,"1":1,"2":1},"f":{},"b":{}}
,"C:\\Users\\rumbi\\Desktop\\Tomato\\backend\\routes\\RecommendationRoutes.ts": {"path":"C:\\Users\\rumbi\\Desktop\\Tomato\\backend\\routes\\RecommendationRoutes.ts","statementMap":{"0":{"start":{"line":1,"column":0},"end":{"line":1,"column":83}},"1":{"start":{"line":3,"column":33},"end":{"line":3,"column":63}},"2":{"start":{"line":5,"column":13},"end":{"line":13,"column":null}}},"fnMap":{},"branchMap":{},"s":{"0":1,"1":1,"2":1},"f":{},"b":{}}
,"C:\\Users\\rumbi\\Desktop\\Tomato\\backend\\routes\\UserRoutes.ts": {"path":"C:\\Users\\rumbi\\Desktop\\Tomato\\backend\\routes\\UserRoutes.ts","statementMap":{"0":{"start":{"line":2,"column":0},"end":{"line":2,"column":63}},"1":{"start":{"line":4,"column":23},"end":{"line":4,"column":43}},"2":{"start":{"line":6,"column":13},"end":{"line":21,"column":null}}},"fnMap":{},"branchMap":{},"s":{"0":1,"1":1,"2":1},"f":{},"b":{}}
,"C:\\Users\\rumbi\\Desktop\\Tomato\\backend\\service\\ChatService.ts": {"path":"C:\\Users\\rumbi\\Desktop\\Tomato\\backend\\service\\ChatService.ts","statementMap":{"0":{"start":{"line":1,"column":0},"end":{"line":1,"column":46}},"1":{"start":{"line":2,"column":0},"end":{"line":2,"column":52}},"2":{"start":{"line":6,"column":8},"end":{"line":19,"column":9}},"3":{"start":{"line":7,"column":30},"end":{"line":7,"column":128}},"4":{"start":{"line":9,"column":12},"end":{"line":12,"column":13}},"5":{"start":{"line":10,"column":16},"end":{"line":10,"column":null}},"6":{"start":{"line":11,"column":16},"end":{"line":11,"column":null}},"7":{"start":{"line":13,"column":28},"end":{"line":13,"column":64}},"8":{"start":{"line":14,"column":12},"end":{"line":14,"column":null}},"9":{"start":{"line":15,"column":12},"end":{"line":15,"column":null}},"10":{"start":{"line":17,"column":12},"end":{"line":17,"column":null}},"11":{"start":{"line":18,"column":12},"end":{"line":18,"column":null}},"12":{"start":{"line":23,"column":8},"end":{"line":29,"column":9}},"13":{"start":{"line":24,"column":29},"end":{"line":24,"column":73}},"14":{"start":{"line":25,"column":12},"end":{"line":25,"column":null}},"15":{"start":{"line":27,"column":12},"end":{"line":27,"column":null}},"16":{"start":{"line":28,"column":12},"end":{"line":28,"column":null}},"17":{"start":{"line":34,"column":8},"end":{"line":40,"column":9}},"18":{"start":{"line":35,"column":26},"end":{"line":35,"column":87}},"19":{"start":{"line":36,"column":12},"end":{"line":36,"column":null}},"20":{"start":{"line":38,"column":12},"end":{"line":38,"column":null}},"21":{"start":{"line":39,"column":12},"end":{"line":39,"column":null}},"22":{"start":{"line":44,"column":8},"end":{"line":50,"column":9}},"23":{"start":{"line":45,"column":26},"end":{"line":45,"column":54}},"24":{"start":{"line":46,"column":12},"end":{"line":46,"column":null}},"25":{"start":{"line":48,"column":12},"end":{"line":48,"column":null}},"26":{"start":{"line":49,"column":12},"end":{"line":49,"column":null}},"27":{"start":{"line":54,"column":8},"end":{"line":63,"column":9}},"28":{"start":{"line":55,"column":12},"end":{"line":55,"column":null}},"29":{"start":{"line":56,"column":25},"end":{"line":56,"column":53}},"30":{"start":{"line":57,"column":12},"end":{"line":58,"column":null}},"31":{"start":{"line":58,"column":16},"end":{"line":58,"column":null}},"32":{"start":{"line":59,"column":12},"end":{"line":59,"column":null}},"33":{"start":{"line":61,"column":12},"end":{"line":61,"column":null}},"34":{"start":{"line":62,"column":12},"end":{"line":62,"column":null}},"35":{"start":{"line":67,"column":8},"end":{"line":74,"column":9}},"36":{"start":{"line":68,"column":31},"end":{"line":68,"column":111}},"37":{"start":{"line":69,"column":12},"end":{"line":69,"column":null}},"38":{"start":{"line":70,"column":12},"end":{"line":70,"column":null}},"39":{"start":{"line":72,"column":12},"end":{"line":72,"column":null}},"40":{"start":{"line":73,"column":12},"end":{"line":73,"column":null}},"41":{"start":{"line":78,"column":8},"end":{"line":86,"column":9}},"42":{"start":{"line":79,"column":28},"end":{"line":79,"column":59}},"43":{"start":{"line":80,"column":12},"end":{"line":81,"column":null}},"44":{"start":{"line":81,"column":16},"end":{"line":81,"column":null}},"45":{"start":{"line":82,"column":12},"end":{"line":82,"column":null}},"46":{"start":{"line":84,"column":12},"end":{"line":84,"column":null}},"47":{"start":{"line":85,"column":12},"end":{"line":85,"column":null}},"48":{"start":{"line":4,"column":0},"end":{"line":4,"column":13}}},"fnMap":{"0":{"name":"(anonymous_7)","decl":{"start":{"line":5,"column":10},"end":{"line":5,"column":20}},"loc":{"start":{"line":5,"column":56},"end":{"line":20,"column":null}}},"1":{"name":"(anonymous_9)","decl":{"start":{"line":22,"column":10},"end":{"line":22,"column":25}},"loc":{"start":{"line":22,"column":36},"end":{"line":30,"column":null}}},"2":{"name":"(anonymous_11)","decl":{"start":{"line":33,"column":10},"end":{"line":33,"column":18}},"loc":{"start":{"line":33,"column":29},"end":{"line":41,"column":null}}},"3":{"name":"(anonymous_13)","decl":{"start":{"line":43,"column":10},"end":{"line":43,"column":17}},"loc":{"start":{"line":43,"column":28},"end":{"line":51,"column":null}}},"4":{"name":"(anonymous_15)","decl":{"start":{"line":53,"column":10},"end":{"line":53,"column":20}},"loc":{"start":{"line":53,"column":31},"end":{"line":64,"column":null}}},"5":{"name":"(anonymous_17)","decl":{"start":{"line":66,"column":10},"end":{"line":66,"column":20}},"loc":{"start":{"line":66,"column":73},"end":{"line":75,"column":null}}},"6":{"name":"(anonymous_19)","decl":{"start":{"line":77,"column":10},"end":{"line":77,"column":23}},"loc":{"start":{"line":77,"column":34},"end":{"line":87,"column":null}}}},"branchMap":{"0":{"loc":{"start":{"line":9,"column":12},"end":{"line":12,"column":13}},"type":"if","locations":[{"start":{"line":9,"column":12},"end":{"line":12,"column":13}}]},"1":{"loc":{"start":{"line":57,"column":12},"end":{"line":58,"column":null}},"type":"if","locations":[{"start":{"line":57,"column":12},"end":{"line":58,"column":null}}]},"2":{"loc":{"start":{"line":80,"column":12},"end":{"line":81,"column":null}},"type":"if","locations":[{"start":{"line":80,"column":12},"end":{"line":81,"column":null}}]}},"s":{"0":2,"1":2,"2":32,"3":32,"4":31,"5":1,"6":1,"7":30,"8":30,"9":30,"10":1,"11":1,"12":2,"13":2,"14":1,"15":1,"16":1,"17":2,"18":2,"19":1,"20":1,"21":1,"22":2,"23":2,"24":1,"25":1,"26":1,"27":2,"28":2,"29":2,"30":2,"31":2,"32":1,"33":1,"34":1,"35":8,"36":8,"37":8,"38":7,"39":1,"40":1,"41":2,"42":2,"43":2,"44":2,"45":1,"46":1,"47":1,"48":2},"f":{"0":32,"1":2,"2":2,"3":2,"4":2,"5":8,"6":2},"b":{"0":[1],"1":[2],"2":[2]}}
,"C:\\Users\\rumbi\\Desktop\\Tomato\\backend\\service\\PostService.ts": {"path":"C:\\Users\\rumbi\\Desktop\\Tomato\\backend\\service\\PostService.ts","statementMap":{"0":{"start":{"line":1,"column":0},"end":{"line":1,"column":32}},"1":{"start":{"line":2,"column":0},"end":{"line":2,"column":47}},"2":{"start":{"line":3,"column":0},"end":{"line":3,"column":63}},"3":{"start":{"line":22,"column":8},"end":{"line":27,"column":9}},"4":{"start":{"line":23,"column":12},"end":{"line":23,"column":null}},"5":{"start":{"line":25,"column":12},"end":{"line":25,"column":null}},"6":{"start":{"line":26,"column":12},"end":{"line":26,"column":null}},"7":{"start":{"line":31,"column":8},"end":{"line":38,"column":9}},"8":{"start":{"line":32,"column":47},"end":{"line":32,"column":66}},"9":{"start":{"line":33,"column":12},"end":{"line":33,"column":33}},"10":{"start":{"line":34,"column":12},"end":{"line":34,"column":27}},"11":{"start":{"line":36,"column":12},"end":{"line":36,"column":57}},"12":{"start":{"line":37,"column":12},"end":{"line":37,"column":null}},"13":{"start":{"line":43,"column":8},"end":{"line":49,"column":9}},"14":{"start":{"line":44,"column":12},"end":{"line":44,"column":null}},"15":{"start":{"line":45,"column":12},"end":{"line":45,"column":null}},"16":{"start":{"line":47,"column":12},"end":{"line":47,"column":57}},"17":{"start":{"line":48,"column":12},"end":{"line":48,"column":null}},"18":{"start":{"line":53,"column":8},"end":{"line":58,"column":9}},"19":{"start":{"line":54,"column":12},"end":{"line":54,"column":null}},"20":{"start":{"line":56,"column":12},"end":{"line":56,"column":57}},"21":{"start":{"line":57,"column":12},"end":{"line":57,"column":null}},"22":{"start":{"line":73,"column":28},"end":{"line":73,"column":70}},"23":{"start":{"line":74,"column":8},"end":{"line":76,"column":9}},"24":{"start":{"line":75,"column":12},"end":{"line":75,"column":null}},"25":{"start":{"line":78,"column":27},"end":{"line":78,"column":29}},"26":{"start":{"line":81,"column":8},"end":{"line":83,"column":9}},"27":{"start":{"line":82,"column":12},"end":{"line":82,"column":49}},"28":{"start":{"line":84,"column":8},"end":{"line":86,"column":9}},"29":{"start":{"line":85,"column":12},"end":{"line":85,"column":66}},"30":{"start":{"line":89,"column":8},"end":{"line":91,"column":9}},"31":{"start":{"line":90,"column":12},"end":{"line":90,"column":51}},"32":{"start":{"line":92,"column":8},"end":{"line":94,"column":9}},"33":{"start":{"line":93,"column":12},"end":{"line":93,"column":69}},"34":{"start":{"line":97,"column":8},"end":{"line":97,"column":37}},"35":{"start":{"line":109,"column":8},"end":{"line":122,"column":9}},"36":{"start":{"line":110,"column":26},"end":{"line":110,"column":87}},"37":{"start":{"line":113,"column":32},"end":{"line":113,"column":78}},"38":{"start":{"line":113,"column":53},"end":{"line":113,"column":77}},"39":{"start":{"line":114,"column":12},"end":{"line":114,"column":null}},"40":{"start":{"line":116,"column":12},"end":{"line":121,"column":13}},"41":{"start":{"line":117,"column":16},"end":{"line":117,"column":90}},"42":{"start":{"line":119,"column":16},"end":{"line":119,"column":56}},"43":{"start":{"line":120,"column":16},"end":{"line":120,"column":28}},"44":{"start":{"line":142,"column":8},"end":{"line":166,"column":9}},"45":{"start":{"line":143,"column":29},"end":{"line":143,"column":67}},"46":{"start":{"line":144,"column":12},"end":{"line":157,"column":13}},"47":{"start":{"line":145,"column":16},"end":{"line":145,"column":null}},"48":{"start":{"line":148,"column":35},"end":{"line":148,"column":107}},"49":{"start":{"line":150,"column":38},"end":{"line":150,"column":66}},"50":{"start":{"line":153,"column":36},"end":{"line":154,"column":83}},"51":{"start":{"line":153,"column":81},"end":{"line":153,"column":100}},"52":{"start":{"line":154,"column":27},"end":{"line":154,"column":82}},"53":{"start":{"line":154,"column":54},"end":{"line":154,"column":80}},"54":{"start":{"line":156,"column":16},"end":{"line":156,"column":64}},"55":{"start":{"line":156,"column":50},"end":{"line":156,"column":62}},"56":{"start":{"line":160,"column":12},"end":{"line":165,"column":13}},"57":{"start":{"line":161,"column":16},"end":{"line":161,"column":90}},"58":{"start":{"line":163,"column":16},"end":{"line":163,"column":58}},"59":{"start":{"line":164,"column":16},"end":{"line":164,"column":28}},"60":{"start":{"line":170,"column":8},"end":{"line":175,"column":9}},"61":{"start":{"line":171,"column":12},"end":{"line":171,"column":null}},"62":{"start":{"line":173,"column":12},"end":{"line":173,"column":null}},"63":{"start":{"line":174,"column":12},"end":{"line":174,"column":null}},"64":{"start":{"line":179,"column":8},"end":{"line":187,"column":9}},"65":{"start":{"line":180,"column":12},"end":{"line":183,"column":null}},"66":{"start":{"line":181,"column":16},"end":{"line":181,"column":null}},"67":{"start":{"line":183,"column":16},"end":{"line":183,"column":null}},"68":{"start":{"line":185,"column":12},"end":{"line":185,"column":null}},"69":{"start":{"line":186,"column":12},"end":{"line":186,"column":null}},"70":{"start":{"line":20,"column":0},"end":{"line":20,"column":13}},"71":{"start":{"line":196,"column":30},"end":{"line":196,"column":91}},"72":{"start":{"line":196,"column":54},"end":{"line":196,"column":83}},"73":{"start":{"line":197,"column":4},"end":{"line":202,"column":5}},"74":{"start":{"line":198,"column":8},"end":{"line":198,"column":null}},"75":{"start":{"line":201,"column":8},"end":{"line":201,"column":null}}},"fnMap":{"0":{"name":"(anonymous_8)","decl":{"start":{"line":21,"column":10},"end":{"line":21,"column":21}},"loc":{"start":{"line":21,"column":32},"end":{"line":28,"column":null}}},"1":{"name":"(anonymous_10)","decl":{"start":{"line":30,"column":10},"end":{"line":30,"column":20}},"loc":{"start":{"line":30,"column":31},"end":{"line":39,"column":null}}},"2":{"name":"(anonymous_12)","decl":{"start":{"line":42,"column":10},"end":{"line":42,"column":20}},"loc":{"start":{"line":42,"column":43},"end":{"line":50,"column":null}}},"3":{"name":"(anonymous_14)","decl":{"start":{"line":52,"column":10},"end":{"line":52,"column":20}},"loc":{"start":{"line":52,"column":31},"end":{"line":59,"column":null}}},"4":{"name":"(anonymous_16)","decl":{"start":{"line":66,"column":10},"end":{"line":66,"column":18}},"loc":{"start":{"line":70,"column":25},"end":{"line":98,"column":null}}},"5":{"name":"(anonymous_18)","decl":{"start":{"line":103,"column":10},"end":{"line":103,"column":23}},"loc":{"start":{"line":107,"column":25},"end":{"line":123,"column":null}}},"6":{"name":"(anonymous_20)","decl":{"start":{"line":113,"column":45},"end":{"line":113,"column":49}},"loc":{"start":{"line":113,"column":53},"end":{"line":113,"column":77}}},"7":{"name":"(anonymous_21)","decl":{"start":{"line":133,"column":10},"end":{"line":133,"column":21}},"loc":{"start":{"line":139,"column":25},"end":{"line":167,"column":null}}},"8":{"name":"(anonymous_23)","decl":{"start":{"line":153,"column":73},"end":{"line":153,"column":77}},"loc":{"start":{"line":153,"column":81},"end":{"line":153,"column":100}}},"9":{"name":"(anonymous_24)","decl":{"start":{"line":154,"column":21},"end":{"line":154,"column":23}},"loc":{"start":{"line":154,"column":27},"end":{"line":154,"column":82}}},"10":{"name":"(anonymous_25)","decl":{"start":{"line":154,"column":46},"end":{"line":154,"column":50}},"loc":{"start":{"line":154,"column":54},"end":{"line":154,"column":80}}},"11":{"name":"(anonymous_26)","decl":{"start":{"line":156,"column":42},"end":{"line":156,"column":46}},"loc":{"start":{"line":156,"column":50},"end":{"line":156,"column":62}}},"12":{"name":"(anonymous_27)","decl":{"start":{"line":169,"column":10},"end":{"line":169,"column":22}},"loc":{"start":{"line":169,"column":22},"end":{"line":176,"column":null}}},"13":{"name":"(anonymous_29)","decl":{"start":{"line":178,"column":10},"end":{"line":178,"column":28}},"loc":{"start":{"line":178,"column":77},"end":{"line":188,"column":null}}},"14":{"name":"isMissingCoordinate","decl":{"start":{"line":195,"column":9},"end":{"line":195,"column":28}},"loc":{"start":{"line":195,"column":65},"end":{"line":203,"column":1}}},"15":{"name":"(anonymous_32)","decl":{"start":{"line":196,"column":49},"end":{"line":196,"column":50}},"loc":{"start":{"line":196,"column":54},"end":{"line":196,"column":83}}}},"branchMap":{"0":{"loc":{"start":{"line":74,"column":8},"end":{"line":76,"column":9}},"type":"if","locations":[{"start":{"line":74,"column":8},"end":{"line":76,"column":9}}]},"1":{"loc":{"start":{"line":81,"column":8},"end":{"line":83,"column":9}},"type":"if","locations":[{"start":{"line":81,"column":8},"end":{"line":83,"column":9}}]},"2":{"loc":{"start":{"line":84,"column":8},"end":{"line":86,"column":9}},"type":"if","locations":[{"start":{"line":84,"column":8},"end":{"line":86,"column":9}}]},"3":{"loc":{"start":{"line":89,"column":8},"end":{"line":91,"column":9}},"type":"if","locations":[{"start":{"line":89,"column":8},"end":{"line":91,"column":9}}]},"4":{"loc":{"start":{"line":92,"column":8},"end":{"line":94,"column":9}},"type":"if","locations":[{"start":{"line":92,"column":8},"end":{"line":94,"column":9}}]},"5":{"loc":{"start":{"line":116,"column":12},"end":{"line":121,"column":13}},"type":"if","locations":[{"start":{"line":116,"column":12},"end":{"line":121,"column":13}},{"start":{"line":118,"column":19},"end":{"line":121,"column":13}}]},"6":{"loc":{"start":{"line":144,"column":12},"end":{"line":157,"column":13}},"type":"if","locations":[{"start":{"line":144,"column":12},"end":{"line":157,"column":13}},{"start":{"line":147,"column":16},"end":{"line":157,"column":13}}]},"7":{"loc":{"start":{"line":148,"column":35},"end":{"line":148,"column":107}},"type":"cond-expr","locations":[{"start":{"line":148,"column":101},"end":{"line":148,"column":105}},{"start":{"line":148,"column":105},"end":{"line":148,"column":107}}]},"8":{"loc":{"start":{"line":148,"column":35},"end":{"line":148,"column":105}},"type":"binary-expr","locations":[{"start":{"line":148,"column":35},"end":{"line":148,"column":105}},{"start":{"line":148,"column":101},"end":{"line":148,"column":105}}]},"9":{"loc":{"start":{"line":160,"column":12},"end":{"line":165,"column":13}},"type":"if","locations":[{"start":{"line":160,"column":12},"end":{"line":165,"column":13}},{"start":{"line":162,"column":19},"end":{"line":165,"column":13}}]},"10":{"loc":{"start":{"line":180,"column":12},"end":{"line":183,"column":null}},"type":"if","locations":[{"start":{"line":180,"column":12},"end":{"line":183,"column":null}},{"start":{"line":183,"column":16},"end":{"line":183,"column":null}}]},"11":{"loc":{"start":{"line":196,"column":54},"end":{"line":196,"column":83}},"type":"binary-expr","locations":[{"start":{"line":196,"column":54},"end":{"line":196,"column":64}},{"start":{"line":196,"column":68},"end":{"line":196,"column":83}}]},"12":{"loc":{"start":{"line":197,"column":4},"end":{"line":202,"column":5}},"type":"if","locations":[{"start":{"line":197,"column":4},"end":{"line":202,"column":5}},{"start":{"line":200,"column":8},"end":{"line":202,"column":5}}]},"13":{"loc":{"start":{"line":197,"column":7},"end":{"line":197,"column":53}},"type":"binary-expr","locations":[{"start":{"line":197,"column":7},"end":{"line":197,"column":28}},{"start":{"line":197,"column":32},"end":{"line":197,"column":53}}]}},"s":{"0":4,"1":4,"2":4,"3":2,"4":2,"5":1,"6":1,"7":243,"8":243,"9":243,"10":242,"11":1,"12":1,"13":2,"14":2,"15":1,"16":1,"17":1,"18":2,"19":2,"20":1,"21":1,"22":18,"23":18,"24":2,"25":16,"26":16,"27":3,"28":16,"29":3,"30":16,"31":3,"32":16,"33":3,"34":16,"35":19,"36":19,"37":15,"38":368,"39":15,"40":4,"41":2,"42":2,"43":2,"44":26,"45":26,"46":25,"47":10,"48":15,"49":14,"50":14,"51":309,"52":265,"53":3949,"54":14,"55":265,"56":2,"57":1,"58":1,"59":1,"60":5,"61":5,"62":1,"63":1,"64":64,"65":64,"66":33,"67":31,"68":1,"69":1,"70":4,"71":18,"72":72,"73":18,"74":2,"75":16},"f":{"0":2,"1":243,"2":2,"3":2,"4":18,"5":19,"6":368,"7":26,"8":309,"9":265,"10":3949,"11":265,"12":5,"13":64,"14":18,"15":72},"b":{"0":[2],"1":[3],"2":[3],"3":[3],"4":[3],"5":[2,2],"6":[10,15],"7":[13,1],"8":[15,13],"9":[1,1],"10":[33,31],"11":[72,72],"12":[2,16],"13":[18,5]}}
,"C:\\Users\\rumbi\\Desktop\\Tomato\\backend\\service\\UserService.ts": {"path":"C:\\Users\\rumbi\\Desktop\\Tomato\\backend\\service\\UserService.ts","statementMap":{"0":{"start":{"line":1,"column":0},"end":{"line":1,"column":31}},"1":{"start":{"line":2,"column":0},"end":{"line":2,"column":46}},"2":{"start":{"line":3,"column":0},"end":{"line":3,"column":51}},"3":{"start":{"line":5,"column":29},"end":{"line":5,"column":72}},"4":{"start":{"line":10,"column":8},"end":{"line":16,"column":9}},"5":{"start":{"line":11,"column":28},"end":{"line":11,"column":85}},"6":{"start":{"line":12,"column":12},"end":{"line":12,"column":null}},"7":{"start":{"line":14,"column":12},"end":{"line":14,"column":57}},"8":{"start":{"line":15,"column":12},"end":{"line":15,"column":null}},"9":{"start":{"line":20,"column":8},"end":{"line":27,"column":9}},"10":{"start":{"line":21,"column":23},"end":{"line":21,"column":51}},"11":{"start":{"line":22,"column":12},"end":{"line":22,"column":null}},"12":{"start":{"line":23,"column":12},"end":{"line":23,"column":null}},"13":{"start":{"line":25,"column":12},"end":{"line":25,"column":56}},"14":{"start":{"line":26,"column":12},"end":{"line":26,"column":null}},"15":{"start":{"line":32,"column":23},"end":{"line":35,"column":10}},"16":{"start":{"line":37,"column":24},"end":{"line":37,"column":43}},"17":{"start":{"line":38,"column":8},"end":{"line":40,"column":9}},"18":{"start":{"line":39,"column":12},"end":{"line":39,"column":52}},"19":{"start":{"line":43,"column":19},"end":{"line":43,"column":50}},"20":{"start":{"line":45,"column":8},"end":{"line":53,"column":9}},"21":{"start":{"line":46,"column":12},"end":{"line":46,"column":83}},"22":{"start":{"line":47,"column":12},"end":{"line":47,"column":null}},"23":{"start":{"line":49,"column":12},"end":{"line":52,"column":13}},"24":{"start":{"line":50,"column":16},"end":{"line":50,"column":55}},"25":{"start":{"line":51,"column":16},"end":{"line":51,"column":33}},"26":{"start":{"line":56,"column":25},"end":{"line":59,"column":10}},"27":{"start":{"line":60,"column":21},"end":{"line":60,"column":30}},"28":{"start":{"line":63,"column":8},"end":{"line":63,"column":43}},"29":{"start":{"line":7,"column":0},"end":{"line":7,"column":13}}},"fnMap":{"0":{"name":"(anonymous_8)","decl":{"start":{"line":9,"column":10},"end":{"line":9,"column":20}},"loc":{"start":{"line":9,"column":68},"end":{"line":17,"column":null}}},"1":{"name":"(anonymous_10)","decl":{"start":{"line":19,"column":10},"end":{"line":19,"column":17}},"loc":{"start":{"line":19,"column":28},"end":{"line":28,"column":null}}},"2":{"name":"(anonymous_12)","decl":{"start":{"line":30,"column":10},"end":{"line":30,"column":26}},"loc":{"start":{"line":30,"column":69},"end":{"line":64,"column":null}}}},"branchMap":{"0":{"loc":{"start":{"line":38,"column":8},"end":{"line":40,"column":9}},"type":"if","locations":[{"start":{"line":38,"column":8},"end":{"line":40,"column":9}}]},"1":{"loc":{"start":{"line":38,"column":12},"end":{"line":38,"column":53}},"type":"binary-expr","locations":[{"start":{"line":38,"column":12},"end":{"line":38,"column":20}},{"start":{"line":38,"column":24},"end":{"line":38,"column":36}},{"start":{"line":38,"column":40},"end":{"line":38,"column":53}}]},"2":{"loc":{"start":{"line":45,"column":8},"end":{"line":53,"column":9}},"type":"if","locations":[{"start":{"line":45,"column":8},"end":{"line":53,"column":9}},{"start":{"line":48,"column":15},"end":{"line":53,"column":9}}]},"3":{"loc":{"start":{"line":49,"column":12},"end":{"line":52,"column":13}},"type":"if","locations":[{"start":{"line":49,"column":12},"end":{"line":52,"column":13}}]}},"s":{"0":3,"1":3,"2":3,"3":3,"4":5,"5":5,"6":5,"7":1,"8":1,"9":6,"10":6,"11":5,"12":5,"13":1,"14":1,"15":3,"16":3,"17":3,"18":1,"19":2,"20":2,"21":1,"22":1,"23":1,"24":1,"25":1,"26":2,"27":2,"28":2,"29":3},"f":{"0":5,"1":6,"2":3},"b":{"0":[1],"1":[3,3,2],"2":[1,1],"3":[1]}}
}
