TN:
SF:db.ts
FN:3,(anonymous_8)
FN:3,(anonymous_9)
FNF:2
FNH:0
FNDA:0,(anonymous_8)
FNDA:0,(anonymous_9)
DA:1,0
DA:3,0
DA:4,0
DA:5,0
DA:6,0
DA:7,0
DA:9,0
DA:10,0
DA:14,0
LF:9
LH:0
BRDA:5,0,0,0
BRDA:5,0,1,0
BRF:2
BRH:0
end_of_record
TN:
SF:index.ts
FN:29,(anonymous_8)
FN:34,(anonymous_9)
FN:41,(anonymous_10)
FN:41,(anonymous_11)
FN:59,(anonymous_12)
FN:60,(anonymous_13)
FN:65,(anonymous_14)
FNF:7
FNH:0
FNDA:0,(anonymous_8)
FNDA:0,(anonymous_9)
FNDA:0,(anonymous_10)
FNDA:0,(anonymous_11)
FNDA:0,(anonymous_12)
FNDA:0,(anonymous_13)
FNDA:0,(anonymous_14)
DA:1,0
DA:2,0
DA:3,0
DA:4,0
DA:5,0
DA:6,0
DA:7,0
DA:8,0
DA:9,0
DA:10,0
DA:11,0
DA:13,0
DA:14,0
DA:16,0
DA:17,0
DA:29,0
DA:30,0
DA:33,0
DA:34,0
DA:35,0
DA:37,0
DA:41,0
DA:42,0
DA:43,0
DA:45,0
DA:47,0
DA:48,0
DA:50,0
DA:51,0
DA:57,0
DA:59,0
DA:60,0
DA:61,0
DA:62,0
DA:66,0
DA:69,0
LF:36
LH:0
BRDA:35,0,0,0
BRDA:35,0,1,0
BRDA:43,1,0,0
BRDA:57,2,0,0
BRDA:57,2,1,0
BRF:5
BRH:0
end_of_record
TN:
SF:services.ts
FN:6,(anonymous_8)
FN:6,(anonymous_9)
FNF:2
FNH:0
FNDA:0,(anonymous_8)
FNDA:0,(anonymous_9)
DA:1,0
DA:2,0
DA:4,0
DA:6,0
DA:7,0
DA:8,0
DA:9,0
DA:10,0
DA:12,0
DA:13,0
DA:17,0
LF:11
LH:0
BRDA:8,0,0,0
BRDA:8,0,1,0
BRF:2
BRH:0
end_of_record
TN:
SF:wss.ts
FN:13,(anonymous_8)
FN:20,(anonymous_9)
FN:24,(anonymous_10)
FN:42,(anonymous_11)
FN:42,(anonymous_12)
FN:82,sendPushNotification
FN:108,(anonymous_14)
FN:111,(anonymous_15)
FNF:8
FNH:0
FNDA:0,(anonymous_8)
FNDA:0,(anonymous_9)
FNDA:0,(anonymous_10)
FNDA:0,(anonymous_11)
FNDA:0,(anonymous_12)
FNDA:0,sendPushNotification
FNDA:0,(anonymous_14)
FNDA:0,(anonymous_15)
DA:1,0
DA:2,0
DA:3,0
DA:5,0
DA:6,0
DA:9,0
DA:13,0
DA:14,0
DA:15,0
DA:16,0
DA:17,0
DA:18,0
DA:20,0
DA:21,0
DA:24,0
DA:25,0
DA:26,0
DA:27,0
DA:28,0
DA:29,0
DA:31,0
DA:32,0
DA:34,0
DA:35,0
DA:36,0
DA:37,0
DA:40,0
DA:42,0
DA:43,0
DA:44,0
DA:45,0
DA:46,0
DA:47,0
DA:48,0
DA:49,0
DA:51,0
DA:52,0
DA:54,0
DA:55,0
DA:56,0
DA:57,0
DA:58,0
DA:59,0
DA:60,0
DA:61,0
DA:62,0
DA:67,0
DA:68,0
DA:69,0
DA:70,0
DA:75,0
DA:83,0
DA:107,0
DA:109,0
DA:112,0
DA:116,0
LF:56
LH:0
BRDA:16,0,0,0
BRDA:16,0,1,0
BRDA:26,1,0,0
BRDA:34,2,0,0
BRDA:48,3,0,0
BRDA:49,4,0,0
BRDA:49,4,1,0
BRDA:49,5,0,0
BRDA:49,5,1,0
BRDA:51,6,0,0
BRDA:55,7,0,0
BRDA:55,7,1,0
BRDA:55,8,0,0
BRDA:55,8,1,0
BRDA:55,9,0,0
BRDA:55,9,1,0
BRDA:58,10,0,0
BRDA:59,11,0,0
BRDA:61,12,0,0
BRDA:67,13,0,0
BRDA:69,14,0,0
BRF:21
BRH:0
end_of_record
TN:
SF:controllers\ChatController.ts
FN:11,(anonymous_7)
FN:15,(anonymous_8)
FN:15,(anonymous_9)
FN:33,(anonymous_10)
FN:33,(anonymous_11)
FN:42,(anonymous_12)
FN:42,(anonymous_13)
FN:61,(anonymous_14)
FN:61,(anonymous_15)
FN:80,(anonymous_16)
FN:80,(anonymous_17)
FN:99,(anonymous_18)
FN:99,(anonymous_19)
FNF:13
FNH:13
FNDA:3,(anonymous_7)
FNDA:35,(anonymous_8)
FNDA:35,(anonymous_9)
FNDA:3,(anonymous_10)
FNDA:3,(anonymous_11)
FNDA:5,(anonymous_12)
FNDA:5,(anonymous_13)
FNDA:11,(anonymous_14)
FNDA:11,(anonymous_15)
FNDA:5,(anonymous_16)
FNDA:5,(anonymous_17)
FNDA:5,(anonymous_18)
FNDA:5,(anonymous_19)
DA:1,2
DA:2,2
DA:3,2
DA:8,2
DA:12,3
DA:15,35
DA:16,35
DA:17,35
DA:18,35
DA:19,1
DA:20,1
DA:22,34
DA:23,1
DA:24,1
DA:26,33
DA:27,1
DA:28,1
DA:30,32
DA:33,3
DA:34,3
DA:35,3
DA:36,1
DA:37,1
DA:39,2
DA:42,5
DA:43,5
DA:44,5
DA:45,5
DA:46,1
DA:47,1
DA:49,4
DA:50,4
DA:51,1
DA:52,1
DA:54,3
DA:55,1
DA:56,1
DA:58,2
DA:61,11
DA:62,11
DA:63,11
DA:64,11
DA:65,1
DA:66,1
DA:68,10
DA:69,1
DA:70,1
DA:72,9
DA:73,9
DA:74,1
DA:76,8
DA:80,5
DA:81,5
DA:82,5
DA:83,5
DA:84,1
DA:85,1
DA:87,4
DA:88,4
DA:89,1
DA:90,1
DA:92,3
DA:93,1
DA:94,1
DA:96,2
DA:99,5
DA:100,5
DA:101,5
DA:102,5
DA:103,1
DA:104,1
DA:106,4
DA:107,4
DA:108,1
DA:109,1
DA:111,3
DA:112,1
DA:113,1
DA:115,2
LF:79
LH:79
BRDA:17,0,0,1
BRDA:17,0,1,34
BRDA:17,1,0,35
BRDA:17,1,1,35
BRDA:18,2,0,1
BRDA:22,3,0,1
BRDA:22,4,0,34
BRDA:22,4,1,34
BRDA:26,5,0,1
BRDA:26,6,0,33
BRDA:26,6,1,21
BRDA:34,7,0,1
BRDA:34,7,1,2
BRDA:34,8,0,3
BRDA:34,8,1,3
BRDA:35,9,0,1
BRDA:44,10,0,1
BRDA:44,10,1,4
BRDA:44,11,0,5
BRDA:44,11,1,5
BRDA:45,12,0,1
BRDA:50,13,0,1
BRDA:54,14,0,1
BRDA:54,15,0,3
BRDA:54,15,1,2
BRDA:63,16,0,1
BRDA:63,16,1,10
BRDA:63,17,0,11
BRDA:63,17,1,11
BRDA:64,18,0,1
BRDA:68,19,0,1
BRDA:68,20,0,10
BRDA:68,20,1,9
BRDA:73,21,0,1
BRDA:73,21,1,8
BRDA:82,22,0,1
BRDA:82,22,1,4
BRDA:82,23,0,5
BRDA:82,23,1,5
BRDA:83,24,0,1
BRDA:88,25,0,1
BRDA:92,26,0,1
BRDA:101,27,0,1
BRDA:101,27,1,4
BRDA:101,28,0,5
BRDA:101,28,1,5
BRDA:102,29,0,1
BRDA:107,30,0,1
BRDA:111,31,0,1
BRDA:111,32,0,3
BRDA:111,32,1,2
BRF:51
BRH:51
end_of_record
TN:
SF:controllers\PostController.ts
FN:15,(anonymous_8)
FN:19,(anonymous_9)
FN:19,(anonymous_10)
FN:22,(anonymous_11)
FN:30,(anonymous_12)
FN:30,(anonymous_13)
FN:51,(anonymous_14)
FN:51,(anonymous_15)
FN:79,(anonymous_16)
FN:79,(anonymous_17)
FN:88,(anonymous_18)
FN:88,(anonymous_19)
FN:95,(anonymous_20)
FN:95,(anonymous_21)
FN:117,parseLocationParam
FNF:15
FNH:15
FNDA:4,(anonymous_8)
FNDA:243,(anonymous_9)
FNDA:243,(anonymous_10)
FNDA:486,(anonymous_11)
FNDA:4,(anonymous_12)
FNDA:4,(anonymous_13)
FNDA:6,(anonymous_14)
FNDA:6,(anonymous_15)
FNDA:2,(anonymous_16)
FNDA:2,(anonymous_17)
FNDA:2,(anonymous_18)
FNDA:2,(anonymous_19)
FNDA:4,(anonymous_20)
FNDA:4,(anonymous_21)
FNDA:4,parseLocationParam
DA:1,4
DA:3,4
DA:4,4
DA:12,4
DA:16,4
DA:19,243
DA:20,243
DA:21,243
DA:22,486
DA:27,243
DA:30,4
DA:31,4
DA:32,4
DA:35,4
DA:43,1
DA:44,1
DA:45,1
DA:51,6
DA:52,6
DA:53,6
DA:56,6
DA:57,6
DA:58,6
DA:59,6
DA:61,6
DA:63,6
DA:64,6
DA:70,1
DA:71,1
DA:72,1
DA:79,4
DA:80,2
DA:81,2
DA:85,2
DA:88,4
DA:89,2
DA:90,2
DA:91,2
DA:92,2
DA:95,4
DA:96,4
DA:99,4
DA:100,4
DA:101,4
DA:102,1
DA:104,3
DA:105,1
DA:108,2
DA:118,4
DA:121,4
DA:122,4
DA:123,4
DA:124,4
DA:126,4
LF:54
LH:54
BRDA:43,0,0,1
BRDA:56,1,0,4
BRDA:56,1,1,2
BRDA:57,2,0,3
BRDA:57,2,1,3
BRDA:58,3,0,3
BRDA:58,3,1,3
BRDA:59,4,0,3
BRDA:59,4,1,3
BRDA:70,5,0,1
BRDA:101,6,0,1
BRDA:101,6,1,3
BRDA:104,7,0,1
BRDA:104,7,1,2
BRDA:121,8,0,3
BRDA:121,8,1,1
BRDA:122,9,0,2
BRDA:122,9,1,2
BRDA:123,10,0,2
BRDA:123,10,1,2
BRDA:124,11,0,2
BRDA:124,11,1,2
BRF:22
BRH:22
end_of_record
TN:
SF:controllers\RecommendationController.ts
FN:9,(anonymous_7)
FN:13,(anonymous_8)
FN:13,(anonymous_9)
FN:32,(anonymous_10)
FN:46,(anonymous_11)
FN:62,(anonymous_12)
FN:98,(anonymous_13)
FN:99,(anonymous_14)
FN:100,(anonymous_15)
FN:101,(anonymous_16)
FN:105,(anonymous_17)
FN:111,(anonymous_18)
FNF:12
FNH:12
FNDA:2,(anonymous_7)
FNDA:9,(anonymous_8)
FNDA:9,(anonymous_9)
FNDA:66,(anonymous_10)
FNDA:260,(anonymous_11)
FNDA:78,(anonymous_12)
FNDA:51,(anonymous_13)
FNDA:1236,(anonymous_14)
FNDA:33010,(anonymous_15)
FNDA:33010,(anonymous_16)
FNDA:51,(anonymous_17)
FNDA:656,(anonymous_18)
DA:2,1
DA:5,1
DA:10,2
DA:13,9
DA:14,9
DA:15,9
DA:16,1
DA:17,1
DA:19,8
DA:20,8
DA:21,8
DA:22,8
DA:24,8
DA:25,8
DA:26,30
DA:27,30
DA:28,30
DA:29,30
DA:31,30
DA:32,30
DA:33,66
DA:34,36
DA:39,8
DA:40,8
DA:41,8
DA:42,4
DA:43,12
DA:44,12
DA:45,12
DA:46,12
DA:47,260
DA:48,129
DA:54,12
DA:58,4
DA:59,4
DA:60,1
DA:62,3
DA:63,78
DA:64,78
DA:65,78
DA:66,78
DA:67,72
DA:72,7
DA:73,7
DA:75,7
DA:76,39
DA:77,39
DA:78,39
DA:81,7
DA:82,7
DA:83,34
DA:84,34
DA:85,1
DA:87,33
DA:88,33
DA:89,33
DA:90,33
DA:91,67
DA:94,7
DA:95,7
DA:99,51
DA:100,33010
DA:101,33010
DA:106,51
DA:107,2
DA:110,49
DA:111,656
LF:67
LH:67
BRDA:14,0,0,1
BRDA:14,0,1,8
BRDA:14,1,0,9
BRDA:14,1,1,9
BRDA:15,2,0,1
BRDA:19,3,0,6
BRDA:19,3,1,2
BRDA:24,4,0,8
BRDA:31,5,0,30
BRDA:33,6,0,36
BRDA:41,7,0,4
BRDA:41,7,1,4
BRDA:42,8,0,16
BRDA:42,8,1,12
BRDA:45,9,0,12
BRDA:47,10,0,129
BRDA:59,11,0,1
BRDA:59,12,0,4
BRDA:59,12,1,4
BRDA:66,13,0,72
BRDA:75,14,0,46
BRDA:75,14,1,41
BRDA:84,15,0,1
BRDA:106,16,0,2
BRF:24
BRH:24
end_of_record
TN:
SF:controllers\UserController.ts
FN:11,(anonymous_7)
FN:17,(anonymous_8)
FN:22,(anonymous_10)
FNF:3
FNH:3
FNDA:4,(anonymous_7)
FNDA:4,(anonymous_8)
FNDA:4,(anonymous_10)
DA:1,3
DA:3,3
DA:5,3
DA:6,3
DA:8,3
DA:12,4
DA:13,4
DA:14,4
DA:18,4
DA:19,4
DA:23,4
DA:24,4
DA:26,4
DA:27,1
DA:30,3
DA:31,2
DA:35,1
DA:36,1
LF:18
LH:18
BRDA:26,0,0,1
BRDA:26,1,0,4
BRDA:26,1,1,3
BRF:3
BRH:3
end_of_record
TN:
SF:errors\customError.ts
FN:5,(anonymous_0)
FNF:1
FNH:1
FNDA:5,(anonymous_0)
DA:6,5
DA:7,5
DA:11,4
LF:3
LH:3
BRF:0
BRH:0
end_of_record
TN:
SF:middleware\verifyToken.ts
FN:5,(anonymous_8)
FN:5,(anonymous_9)
FNF:2
FNH:2
FNDA:37,(anonymous_8)
FNDA:37,(anonymous_9)
DA:1,4
DA:5,37
DA:6,37
DA:7,37
DA:9,37
DA:10,1
DA:12,1
DA:15,36
DA:16,1
DA:19,35
DA:20,35
DA:21,34
DA:22,34
DA:24,1
DA:25,1
DA:29,4
DA:30,4
LF:17
LH:17
BRDA:6,0,0,1
BRDA:6,0,1,36
BRDA:6,1,0,37
BRDA:6,1,1,37
BRDA:9,2,0,1
BRDA:15,3,0,1
BRF:6
BRH:6
end_of_record
TN:
SF:model\ChatModel.ts
FNF:0
FNH:0
DA:1,2
DA:3,2
DA:5,2
DA:10,2
LF:4
LH:4
BRF:0
BRH:0
end_of_record
TN:
SF:model\MessageModel.ts
FNF:0
FNH:0
DA:1,2
DA:3,2
DA:5,2
DA:11,2
LF:4
LH:4
BRF:0
BRH:0
end_of_record
TN:
SF:model\PostModel.ts
FNF:0
FNH:0
DA:1,4
DA:3,4
DA:6,4
DA:19,4
LF:4
LH:4
BRF:0
BRH:0
end_of_record
TN:
SF:model\UserModel.ts
FNF:0
FNH:0
DA:1,3
DA:3,3
DA:5,3
DA:11,3
LF:4
LH:4
BRF:0
BRH:0
end_of_record
TN:
SF:routes\ChatRoutes.ts
FNF:0
FNH:0
DA:1,1
DA:3,1
DA:5,1
LF:3
LH:3
BRF:0
BRH:0
end_of_record
TN:
SF:routes\PostRoutes.ts
FNF:0
FNH:0
DA:1,1
DA:3,1
DA:5,1
LF:3
LH:3
BRF:0
BRH:0
end_of_record
TN:
SF:routes\RecommendationRoutes.ts
FNF:0
FNH:0
DA:1,1
DA:3,1
DA:5,1
LF:3
LH:3
BRF:0
BRH:0
end_of_record
TN:
SF:routes\UserRoutes.ts
FNF:0
FNH:0
DA:2,1
DA:4,1
DA:6,1
LF:3
LH:3
BRF:0
BRH:0
end_of_record
TN:
SF:service\ChatService.ts
FN:5,(anonymous_7)
FN:22,(anonymous_9)
FN:33,(anonymous_11)
FN:43,(anonymous_13)
FN:53,(anonymous_15)
FN:66,(anonymous_17)
FN:77,(anonymous_19)
FNF:7
FNH:7
FNDA:32,(anonymous_7)
FNDA:2,(anonymous_9)
FNDA:2,(anonymous_11)
FNDA:2,(anonymous_13)
FNDA:2,(anonymous_15)
FNDA:8,(anonymous_17)
FNDA:2,(anonymous_19)
DA:1,2
DA:2,2
DA:4,2
DA:6,32
DA:7,32
DA:9,31
DA:10,1
DA:11,1
DA:13,30
DA:14,30
DA:15,30
DA:17,1
DA:18,1
DA:23,2
DA:24,2
DA:25,1
DA:27,1
DA:28,1
DA:34,2
DA:35,2
DA:36,1
DA:38,1
DA:39,1
DA:44,2
DA:45,2
DA:46,1
DA:48,1
DA:49,1
DA:54,2
DA:55,2
DA:56,2
DA:57,2
DA:58,2
DA:59,1
DA:61,1
DA:62,1
DA:67,8
DA:68,8
DA:69,8
DA:70,7
DA:72,1
DA:73,1
DA:78,2
DA:79,2
DA:80,2
DA:81,2
DA:82,1
DA:84,1
DA:85,1
LF:49
LH:49
BRDA:9,0,0,1
BRDA:57,1,0,2
BRDA:80,2,0,2
BRF:3
BRH:3
end_of_record
TN:
SF:service\PostService.ts
FN:21,(anonymous_8)
FN:30,(anonymous_10)
FN:42,(anonymous_12)
FN:52,(anonymous_14)
FN:66,(anonymous_16)
FN:103,(anonymous_18)
FN:113,(anonymous_20)
FN:133,(anonymous_21)
FN:153,(anonymous_23)
FN:154,(anonymous_24)
FN:154,(anonymous_25)
FN:156,(anonymous_26)
FN:169,(anonymous_27)
FN:178,(anonymous_29)
FN:195,isMissingCoordinate
FN:196,(anonymous_32)
FNF:16
FNH:16
FNDA:2,(anonymous_8)
FNDA:243,(anonymous_10)
FNDA:2,(anonymous_12)
FNDA:2,(anonymous_14)
FNDA:18,(anonymous_16)
FNDA:19,(anonymous_18)
FNDA:368,(anonymous_20)
FNDA:26,(anonymous_21)
FNDA:309,(anonymous_23)
FNDA:265,(anonymous_24)
FNDA:3949,(anonymous_25)
FNDA:265,(anonymous_26)
FNDA:5,(anonymous_27)
FNDA:64,(anonymous_29)
FNDA:18,isMissingCoordinate
FNDA:72,(anonymous_32)
DA:1,4
DA:2,4
DA:3,4
DA:20,4
DA:22,2
DA:23,2
DA:25,1
DA:26,1
DA:31,243
DA:32,243
DA:33,243
DA:34,242
DA:36,1
DA:37,1
DA:43,2
DA:44,2
DA:45,1
DA:47,1
DA:48,1
DA:53,2
DA:54,2
DA:56,1
DA:57,1
DA:73,18
DA:74,18
DA:75,2
DA:78,16
DA:81,16
DA:82,3
DA:84,16
DA:85,3
DA:89,16
DA:90,3
DA:92,16
DA:93,3
DA:97,16
DA:109,19
DA:110,19
DA:113,368
DA:114,15
DA:116,4
DA:117,2
DA:119,2
DA:120,2
DA:142,26
DA:143,26
DA:144,25
DA:145,10
DA:148,15
DA:150,14
DA:153,309
DA:154,3949
DA:156,265
DA:160,2
DA:161,1
DA:163,1
DA:164,1
DA:170,5
DA:171,5
DA:173,1
DA:174,1
DA:179,64
DA:180,64
DA:181,33
DA:183,31
DA:185,1
DA:186,1
DA:196,72
DA:197,18
DA:198,2
DA:201,16
LF:71
LH:71
BRDA:74,0,0,2
BRDA:81,1,0,3
BRDA:84,2,0,3
BRDA:89,3,0,3
BRDA:92,4,0,3
BRDA:116,5,0,2
BRDA:116,5,1,2
BRDA:144,6,0,10
BRDA:144,6,1,15
BRDA:148,7,0,13
BRDA:148,7,1,1
BRDA:148,8,0,15
BRDA:148,8,1,13
BRDA:160,9,0,1
BRDA:160,9,1,1
BRDA:180,10,0,33
BRDA:180,10,1,31
BRDA:196,11,0,72
BRDA:196,11,1,72
BRDA:197,12,0,2
BRDA:197,12,1,16
BRDA:197,13,0,18
BRDA:197,13,1,5
BRF:23
BRH:23
end_of_record
TN:
SF:service\UserService.ts
FN:9,(anonymous_8)
FN:19,(anonymous_10)
FN:30,(anonymous_12)
FNF:3
FNH:3
FNDA:5,(anonymous_8)
FNDA:6,(anonymous_10)
FNDA:3,(anonymous_12)
DA:1,3
DA:2,3
DA:3,3
DA:5,3
DA:7,3
DA:10,5
DA:11,5
DA:12,5
DA:14,1
DA:15,1
DA:20,6
DA:21,6
DA:22,5
DA:23,5
DA:25,1
DA:26,1
DA:32,3
DA:37,3
DA:38,3
DA:39,1
DA:43,2
DA:45,2
DA:46,1
DA:47,1
DA:49,1
DA:50,1
DA:51,1
DA:56,2
DA:60,2
DA:63,2
LF:30
LH:30
BRDA:38,0,0,1
BRDA:38,1,0,3
BRDA:38,1,1,3
BRDA:38,1,2,2
BRDA:45,2,0,1
BRDA:45,2,1,1
BRDA:49,3,0,1
BRF:7
BRH:7
end_of_record
