TN:
SF:controllers\ChatController.ts
FN:9,(anonymous_7)
FN:13,(anonymous_8)
FN:13,(anonymous_9)
FN:31,(anonymous_10)
FN:31,(anonymous_11)
FN:40,(anonymous_12)
FN:40,(anonymous_13)
FN:59,(anonymous_14)
FN:59,(anonymous_15)
FN:78,(anonymous_16)
FN:78,(anonymous_17)
FN:97,(anonymous_18)
FN:97,(anonymous_19)
FNF:13
FNH:13
FNDA:2,(anonymous_7)
FNDA:31,(anonymous_8)
FNDA:31,(anonymous_9)
FNDA:3,(anonymous_10)
FNDA:3,(anonymous_11)
FNDA:5,(anonymous_12)
FNDA:5,(anonymous_13)
FNDA:11,(anonymous_14)
FNDA:11,(anonymous_15)
FNDA:5,(anonymous_16)
FNDA:5,(anonymous_17)
FNDA:5,(anonymous_18)
FNDA:5,(anonymous_19)
DA:1,2
DA:2,2
DA:3,2
DA:6,2
DA:10,2
DA:13,31
DA:14,31
DA:15,31
DA:16,31
DA:17,1
DA:18,1
DA:20,30
DA:21,1
DA:22,1
DA:24,29
DA:25,1
DA:26,1
DA:28,28
DA:31,3
DA:32,3
DA:33,3
DA:34,1
DA:35,1
DA:37,2
DA:40,5
DA:41,5
DA:42,5
DA:43,5
DA:44,1
DA:45,1
DA:47,4
DA:48,4
DA:49,1
DA:50,1
DA:52,3
DA:53,1
DA:54,1
DA:56,2
DA:59,11
DA:60,11
DA:61,11
DA:62,11
DA:63,1
DA:64,1
DA:66,10
DA:67,1
DA:68,1
DA:70,9
DA:71,9
DA:72,1
DA:74,8
DA:78,5
DA:79,5
DA:80,5
DA:81,5
DA:82,1
DA:83,1
DA:85,4
DA:86,4
DA:87,1
DA:88,1
DA:90,3
DA:91,1
DA:92,1
DA:94,2
DA:97,5
DA:98,5
DA:99,5
DA:100,5
DA:101,1
DA:102,1
DA:104,4
DA:105,4
DA:106,1
DA:107,1
DA:109,3
DA:110,1
DA:111,1
DA:113,2
LF:79
LH:79
BRDA:15,0,0,1
BRDA:15,0,1,30
BRDA:15,1,0,31
BRDA:15,1,1,31
BRDA:16,2,0,1
BRDA:20,3,0,1
BRDA:20,4,0,30
BRDA:20,4,1,30
BRDA:24,5,0,1
BRDA:24,6,0,29
BRDA:24,6,1,19
BRDA:32,7,0,1
BRDA:32,7,1,2
BRDA:32,8,0,3
BRDA:32,8,1,3
BRDA:33,9,0,1
BRDA:42,10,0,1
BRDA:42,10,1,4
BRDA:42,11,0,5
BRDA:42,11,1,5
BRDA:43,12,0,1
BRDA:48,13,0,1
BRDA:52,14,0,1
BRDA:52,15,0,3
BRDA:52,15,1,2
BRDA:61,16,0,1
BRDA:61,16,1,10
BRDA:61,17,0,11
BRDA:61,17,1,11
BRDA:62,18,0,1
BRDA:66,19,0,1
BRDA:66,20,0,10
BRDA:66,20,1,9
BRDA:71,21,0,1
BRDA:71,21,1,8
BRDA:80,22,0,1
BRDA:80,22,1,4
BRDA:80,23,0,5
BRDA:80,23,1,5
BRDA:81,24,0,1
BRDA:86,25,0,1
BRDA:90,26,0,1
BRDA:99,27,0,1
BRDA:99,27,1,4
BRDA:99,28,0,5
BRDA:99,28,1,5
BRDA:100,29,0,1
BRDA:105,30,0,1
BRDA:109,31,0,1
BRDA:109,32,0,3
BRDA:109,32,1,2
BRF:51
BRH:51
end_of_record
TN:
SF:controllers\PostController.ts
FN:14,(anonymous_8)
FN:18,(anonymous_9)
FN:18,(anonymous_10)
FN:21,(anonymous_11)
FN:29,(anonymous_12)
FN:29,(anonymous_13)
FN:50,(anonymous_14)
FN:50,(anonymous_15)
FN:78,(anonymous_16)
FN:78,(anonymous_17)
FN:87,(anonymous_18)
FN:87,(anonymous_19)
FN:94,(anonymous_20)
FN:94,(anonymous_21)
FN:116,parseLocationParam
FNF:15
FNH:15
FNDA:4,(anonymous_8)
FNDA:243,(anonymous_9)
FNDA:243,(anonymous_10)
FNDA:486,(anonymous_11)
FNDA:4,(anonymous_12)
FNDA:4,(anonymous_13)
FNDA:6,(anonymous_14)
FNDA:6,(anonymous_15)
FNDA:2,(anonymous_16)
FNDA:2,(anonymous_17)
FNDA:2,(anonymous_18)
FNDA:2,(anonymous_19)
FNDA:4,(anonymous_20)
FNDA:4,(anonymous_21)
FNDA:4,parseLocationParam
DA:1,4
DA:3,4
DA:4,4
DA:11,4
DA:15,4
DA:18,243
DA:19,243
DA:20,243
DA:21,486
DA:26,243
DA:29,4
DA:30,4
DA:31,4
DA:34,4
DA:42,1
DA:43,1
DA:44,1
DA:50,6
DA:51,6
DA:52,6
DA:55,6
DA:56,6
DA:57,6
DA:58,6
DA:60,6
DA:62,6
DA:63,6
DA:69,1
DA:70,1
DA:71,1
DA:78,4
DA:79,2
DA:80,2
DA:84,2
DA:87,4
DA:88,2
DA:89,2
DA:90,2
DA:91,2
DA:94,4
DA:95,4
DA:98,4
DA:99,4
DA:100,4
DA:101,1
DA:103,3
DA:104,1
DA:107,2
DA:117,4
DA:120,4
DA:121,4
DA:122,4
DA:123,4
DA:125,4
LF:54
LH:54
BRDA:42,0,0,1
BRDA:55,1,0,4
BRDA:55,1,1,2
BRDA:56,2,0,3
BRDA:56,2,1,3
BRDA:57,3,0,3
BRDA:57,3,1,3
BRDA:58,4,0,3
BRDA:58,4,1,3
BRDA:69,5,0,1
BRDA:100,6,0,1
BRDA:100,6,1,3
BRDA:103,7,0,1
BRDA:103,7,1,2
BRDA:120,8,0,3
BRDA:120,8,1,1
BRDA:121,9,0,2
BRDA:121,9,1,2
BRDA:122,10,0,2
BRDA:122,10,1,2
BRDA:123,11,0,2
BRDA:123,11,1,2
BRF:22
BRH:22
end_of_record
TN:
SF:controllers\RecommendationController.ts
FN:8,(anonymous_7)
FN:12,(anonymous_8)
FN:12,(anonymous_9)
FN:31,(anonymous_10)
FN:46,(anonymous_11)
FN:61,(anonymous_12)
FN:98,(anonymous_13)
FN:99,(anonymous_14)
FN:100,(anonymous_15)
FN:101,(anonymous_16)
FN:105,(anonymous_17)
FN:111,(anonymous_18)
FNF:12
FNH:12
FNDA:1,(anonymous_7)
FNDA:9,(anonymous_8)
FNDA:9,(anonymous_9)
FNDA:66,(anonymous_10)
FNDA:260,(anonymous_11)
FNDA:78,(anonymous_12)
FNDA:51,(anonymous_13)
FNDA:1236,(anonymous_14)
FNDA:33010,(anonymous_15)
FNDA:33010,(anonymous_16)
FNDA:51,(anonymous_17)
FNDA:656,(anonymous_18)
DA:1,1
DA:5,1
DA:9,1
DA:12,9
DA:13,9
DA:14,9
DA:15,1
DA:16,1
DA:18,8
DA:19,8
DA:20,8
DA:21,8
DA:23,8
DA:24,8
DA:25,30
DA:26,30
DA:27,30
DA:28,30
DA:30,30
DA:31,30
DA:32,66
DA:33,36
DA:39,8
DA:40,8
DA:41,8
DA:42,4
DA:43,12
DA:44,12
DA:45,12
DA:46,12
DA:47,260
DA:48,129
DA:53,12
DA:57,4
DA:58,4
DA:59,1
DA:61,3
DA:62,78
DA:63,78
DA:64,78
DA:65,78
DA:66,72
DA:71,7
DA:72,7
DA:74,7
DA:75,39
DA:76,39
DA:77,39
DA:80,7
DA:81,7
DA:82,34
DA:83,34
DA:84,1
DA:86,33
DA:87,33
DA:88,33
DA:89,33
DA:90,67
DA:94,7
DA:95,7
DA:99,51
DA:100,33010
DA:101,33010
DA:106,51
DA:107,2
DA:110,49
DA:111,656
LF:67
LH:67
BRDA:13,0,0,1
BRDA:13,0,1,8
BRDA:13,1,0,9
BRDA:13,1,1,9
BRDA:14,2,0,1
BRDA:18,3,0,6
BRDA:18,3,1,2
BRDA:23,4,0,8
BRDA:30,5,0,30
BRDA:32,6,0,36
BRDA:41,7,0,4
BRDA:41,7,1,4
BRDA:42,8,0,16
BRDA:42,8,1,12
BRDA:45,9,0,12
BRDA:47,10,0,129
BRDA:58,11,0,1
BRDA:58,12,0,4
BRDA:58,12,1,4
BRDA:65,13,0,72
BRDA:74,14,0,46
BRDA:74,14,1,41
BRDA:83,15,0,1
BRDA:106,16,0,2
BRF:24
BRH:24
end_of_record
TN:
SF:controllers\UserController.ts
FN:11,(anonymous_7)
FN:17,(anonymous_8)
FN:22,(anonymous_10)
FNF:3
FNH:3
FNDA:3,(anonymous_7)
FNDA:4,(anonymous_8)
FNDA:4,(anonymous_10)
DA:1,3
DA:3,3
DA:5,3
DA:6,3
DA:8,3
DA:12,3
DA:13,3
DA:14,3
DA:18,4
DA:19,4
DA:23,4
DA:24,4
DA:26,4
DA:27,1
DA:30,3
DA:31,2
DA:35,1
DA:36,1
LF:18
LH:18
BRDA:26,0,0,1
BRDA:26,1,0,4
BRDA:26,1,1,3
BRF:3
BRH:3
end_of_record
TN:
SF:errors\customError.ts
FN:5,(anonymous_0)
FNF:1
FNH:1
FNDA:5,(anonymous_0)
DA:6,5
DA:7,5
DA:11,4
LF:3
LH:3
BRF:0
BRH:0
end_of_record
TN:
SF:middleware\verifyToken.ts
FN:5,(anonymous_8)
FN:5,(anonymous_9)
FNF:2
FNH:2
FNDA:35,(anonymous_8)
FNDA:35,(anonymous_9)
DA:1,3
DA:5,35
DA:6,35
DA:7,35
DA:9,35
DA:10,1
DA:12,1
DA:15,34
DA:16,1
DA:19,33
DA:20,33
DA:21,32
DA:22,32
DA:24,1
DA:25,1
DA:29,3
DA:30,3
LF:17
LH:17
BRDA:6,0,0,1
BRDA:6,0,1,34
BRDA:6,1,0,35
BRDA:6,1,1,35
BRDA:9,2,0,1
BRDA:15,3,0,1
BRF:6
BRH:6
end_of_record
TN:
SF:model\ChatModel.ts
FNF:0
FNH:0
DA:1,2
DA:3,2
DA:5,2
DA:10,2
LF:4
LH:4
BRF:0
BRH:0
end_of_record
TN:
SF:model\MessageModel.ts
FNF:0
FNH:0
DA:1,2
DA:3,2
DA:5,2
DA:11,2
LF:4
LH:4
BRF:0
BRH:0
end_of_record
TN:
SF:model\PostModel.ts
FNF:0
FNH:0
DA:1,4
DA:3,4
DA:6,4
DA:19,4
LF:4
LH:4
BRF:0
BRH:0
end_of_record
TN:
SF:model\UserModel.ts
FNF:0
FNH:0
DA:1,3
DA:3,3
DA:5,3
DA:11,3
LF:4
LH:4
BRF:0
BRH:0
end_of_record
TN:
SF:routes\ChatRoutes.ts
FNF:0
FNH:0
DA:1,0
DA:3,0
DA:5,0
LF:3
LH:0
BRF:0
BRH:0
end_of_record
TN:
SF:routes\PostRoutes.ts
FNF:0
FNH:0
DA:1,0
DA:3,0
DA:5,0
LF:3
LH:0
BRF:0
BRH:0
end_of_record
TN:
SF:routes\RecommendationRoutes.ts
FNF:0
FNH:0
DA:1,0
DA:3,0
DA:5,0
LF:3
LH:0
BRF:0
BRH:0
end_of_record
TN:
SF:routes\UserRoutes.ts
FNF:0
FNH:0
DA:2,0
DA:4,0
DA:6,0
LF:3
LH:0
BRF:0
BRH:0
end_of_record
TN:
SF:service\ChatService.ts
FN:6,(anonymous_7)
FN:23,(anonymous_9)
FN:34,(anonymous_11)
FN:44,(anonymous_13)
FN:57,(anonymous_15)
FN:68,(anonymous_17)
FNF:6
FNH:6
FNDA:28,(anonymous_7)
FNDA:2,(anonymous_9)
FNDA:2,(anonymous_11)
FNDA:2,(anonymous_13)
FNDA:8,(anonymous_15)
FNDA:2,(anonymous_17)
DA:2,2
DA:3,2
DA:5,2
DA:7,28
DA:8,28
DA:10,27
DA:11,1
DA:12,1
DA:14,26
DA:15,26
DA:16,26
DA:18,1
DA:19,1
DA:24,2
DA:25,2
DA:26,1
DA:28,1
DA:29,1
DA:35,2
DA:36,2
DA:37,1
DA:39,1
DA:40,1
DA:45,2
DA:46,2
DA:47,2
DA:48,2
DA:49,2
DA:50,1
DA:52,1
DA:53,1
DA:58,8
DA:59,8
DA:60,8
DA:61,7
DA:63,1
DA:64,1
DA:69,2
DA:70,2
DA:71,2
DA:72,2
DA:73,1
DA:75,1
DA:76,1
LF:44
LH:44
BRDA:10,0,0,1
BRDA:48,1,0,2
BRDA:71,2,0,2
BRF:3
BRH:3
end_of_record
TN:
SF:service\PostService.ts
FN:21,(anonymous_8)
FN:30,(anonymous_10)
FN:42,(anonymous_12)
FN:52,(anonymous_14)
FN:66,(anonymous_16)
FN:103,(anonymous_18)
FN:113,(anonymous_20)
FN:133,(anonymous_21)
FN:153,(anonymous_23)
FN:154,(anonymous_24)
FN:154,(anonymous_25)
FN:156,(anonymous_26)
FN:169,(anonymous_27)
FN:178,(anonymous_29)
FN:195,isMissingCoordinate
FN:196,(anonymous_32)
FNF:16
FNH:16
FNDA:2,(anonymous_8)
FNDA:243,(anonymous_10)
FNDA:2,(anonymous_12)
FNDA:2,(anonymous_14)
FNDA:18,(anonymous_16)
FNDA:19,(anonymous_18)
FNDA:368,(anonymous_20)
FNDA:26,(anonymous_21)
FNDA:309,(anonymous_23)
FNDA:265,(anonymous_24)
FNDA:3949,(anonymous_25)
FNDA:265,(anonymous_26)
FNDA:5,(anonymous_27)
FNDA:64,(anonymous_29)
FNDA:18,isMissingCoordinate
FNDA:72,(anonymous_32)
DA:1,4
DA:2,4
DA:3,4
DA:20,4
DA:22,2
DA:23,2
DA:25,1
DA:26,1
DA:31,243
DA:32,243
DA:33,243
DA:34,242
DA:36,1
DA:37,1
DA:43,2
DA:44,2
DA:45,1
DA:47,1
DA:48,1
DA:53,2
DA:54,2
DA:56,1
DA:57,1
DA:73,18
DA:74,18
DA:75,2
DA:78,16
DA:81,16
DA:82,3
DA:84,16
DA:85,3
DA:89,16
DA:90,3
DA:92,16
DA:93,3
DA:97,16
DA:109,19
DA:110,19
DA:113,368
DA:114,15
DA:116,4
DA:117,2
DA:119,2
DA:120,2
DA:142,26
DA:143,26
DA:144,25
DA:145,10
DA:148,15
DA:150,14
DA:153,309
DA:154,3949
DA:156,265
DA:160,2
DA:161,1
DA:163,1
DA:164,1
DA:170,5
DA:171,5
DA:173,1
DA:174,1
DA:179,64
DA:180,64
DA:181,33
DA:183,31
DA:185,1
DA:186,1
DA:196,72
DA:197,18
DA:198,2
DA:201,16
LF:71
LH:71
BRDA:74,0,0,2
BRDA:81,1,0,3
BRDA:84,2,0,3
BRDA:89,3,0,3
BRDA:92,4,0,3
BRDA:116,5,0,2
BRDA:116,5,1,2
BRDA:144,6,0,10
BRDA:144,6,1,15
BRDA:148,7,0,13
BRDA:148,7,1,1
BRDA:148,8,0,15
BRDA:148,8,1,13
BRDA:160,9,0,1
BRDA:160,9,1,1
BRDA:180,10,0,33
BRDA:180,10,1,31
BRDA:196,11,0,72
BRDA:196,11,1,72
BRDA:197,12,0,2
BRDA:197,12,1,16
BRDA:197,13,0,18
BRDA:197,13,1,5
BRF:23
BRH:23
end_of_record
TN:
SF:service\UserService.ts
FN:9,(anonymous_8)
FN:19,(anonymous_10)
FN:30,(anonymous_12)
FNF:3
FNH:3
FNDA:5,(anonymous_8)
FNDA:6,(anonymous_10)
FNDA:3,(anonymous_12)
DA:1,3
DA:2,3
DA:3,3
DA:5,3
DA:7,3
DA:10,5
DA:11,5
DA:12,5
DA:14,1
DA:15,1
DA:20,6
DA:21,6
DA:22,5
DA:23,5
DA:25,1
DA:26,1
DA:32,3
DA:37,3
DA:38,3
DA:39,1
DA:43,2
DA:45,2
DA:46,1
DA:47,1
DA:49,1
DA:50,1
DA:51,1
DA:56,2
DA:60,2
DA:63,2
LF:30
LH:30
BRDA:38,0,0,1
BRDA:38,1,0,3
BRDA:38,1,1,3
BRDA:38,1,2,2
BRDA:45,2,0,1
BRDA:45,2,1,1
BRDA:49,3,0,1
BRF:7
BRH:7
end_of_record
